CRITICAL - 2023-02-06 04:28:52 --> Trying to access array offset on value of type null
in APPPATH\Views\singlesearch.php on line 204.
 1 APPPATH\Views\singlesearch.php(204): CodeIgniter\Debug\Exceptions->errorHandler(2, 'Trying to access array offset on value of type null', 'APPPATH\\Views\\singlesearch.php', 204)
 2 SYSTEMPATH\View\View.php(213): include('APPPATH\\Views\\singlesearch.php')
 3 SYSTEMPATH\View\View.php(216): CodeIgniter\View\View->CodeIgniter\View\{closure}()
 4 SYSTEMPATH\Common.php(1134): CodeIgniter\View\View->render('singlesearch', [], true)
 5 APPPATH\Controllers\ProductsController.php(12): view('singlesearch', [...])
 6 SYSTEMPATH\CodeIgniter.php(927): App\Controllers\ProductsController->mp('FCPATH\\lib', 'slick', 'slick.css')
 7 SYSTEMPATH\CodeIgniter.php(482): CodeIgniter\CodeIgniter->runController(Object(App\Controllers\ProductsController))
 8 SYSTEMPATH\CodeIgniter.php(351): CodeIgniter\CodeIgniter->handleRequest(null, Object(Config\Cache), false)
 9 FCPATH\index.php(67): CodeIgniter\CodeIgniter->run()
10 SYSTEMPATH\Commands\Server\rewrite.php(46): require_once('FCPATH\\index.php')
CRITICAL - 2023-02-06 04:28:52 --> Trying to access array offset on value of type null
in APPPATH\Views\singlesearch.php on line 204.
 1 APPPATH\Views\singlesearch.php(204): CodeIgniter\Debug\Exceptions->errorHandler(2, 'Trying to access array offset on value of type null', 'APPPATH\\Views\\singlesearch.php', 204)
 2 SYSTEMPATH\View\View.php(213): include('APPPATH\\Views\\singlesearch.php')
 3 SYSTEMPATH\View\View.php(216): CodeIgniter\View\View->CodeIgniter\View\{closure}()
 4 SYSTEMPATH\Common.php(1134): CodeIgniter\View\View->render('singlesearch', [], true)
 5 APPPATH\Controllers\ProductsController.php(12): view('singlesearch', [...])
 6 SYSTEMPATH\CodeIgniter.php(927): App\Controllers\ProductsController->mp('FCPATH\\lib', 'slick', 'slick-theme.css')
 7 SYSTEMPATH\CodeIgniter.php(482): CodeIgniter\CodeIgniter->runController(Object(App\Controllers\ProductsController))
 8 SYSTEMPATH\CodeIgniter.php(351): CodeIgniter\CodeIgniter->handleRequest(null, Object(Config\Cache), false)
 9 FCPATH\index.php(67): CodeIgniter\CodeIgniter->run()
10 SYSTEMPATH\Commands\Server\rewrite.php(46): require_once('FCPATH\\index.php')
CRITICAL - 2023-02-06 04:31:50 --> Trying to access array offset on value of type null
in APPPATH\Views\singlesearch.php on line 204.
 1 APPPATH\Views\singlesearch.php(204): CodeIgniter\Debug\Exceptions->errorHandler(2, 'Trying to access array offset on value of type null', 'APPPATH\\Views\\singlesearch.php', 204)
 2 SYSTEMPATH\View\View.php(213): include('APPPATH\\Views\\singlesearch.php')
 3 SYSTEMPATH\View\View.php(216): CodeIgniter\View\View->CodeIgniter\View\{closure}()
 4 SYSTEMPATH\Common.php(1134): CodeIgniter\View\View->render('singlesearch', [], true)
 5 APPPATH\Controllers\ProductsController.php(12): view('singlesearch', [...])
 6 SYSTEMPATH\CodeIgniter.php(927): App\Controllers\ProductsController->mp('FCPATH\\lib', 'slick', 'slick.css')
 7 SYSTEMPATH\CodeIgniter.php(482): CodeIgniter\CodeIgniter->runController(Object(App\Controllers\ProductsController))
 8 SYSTEMPATH\CodeIgniter.php(351): CodeIgniter\CodeIgniter->handleRequest(null, Object(Config\Cache), false)
 9 FCPATH\index.php(67): CodeIgniter\CodeIgniter->run()
10 SYSTEMPATH\Commands\Server\rewrite.php(46): require_once('FCPATH\\index.php')
CRITICAL - 2023-02-06 04:31:51 --> Trying to access array offset on value of type null
in APPPATH\Views\singlesearch.php on line 204.
 1 APPPATH\Views\singlesearch.php(204): CodeIgniter\Debug\Exceptions->errorHandler(2, 'Trying to access array offset on value of type null', 'APPPATH\\Views\\singlesearch.php', 204)
 2 SYSTEMPATH\View\View.php(213): include('APPPATH\\Views\\singlesearch.php')
 3 SYSTEMPATH\View\View.php(216): CodeIgniter\View\View->CodeIgniter\View\{closure}()
 4 SYSTEMPATH\Common.php(1134): CodeIgniter\View\View->render('singlesearch', [], true)
 5 APPPATH\Controllers\ProductsController.php(12): view('singlesearch', [...])
 6 SYSTEMPATH\CodeIgniter.php(927): App\Controllers\ProductsController->mp('FCPATH\\lib', 'slick', 'slick-theme.css')
 7 SYSTEMPATH\CodeIgniter.php(482): CodeIgniter\CodeIgniter->runController(Object(App\Controllers\ProductsController))
 8 SYSTEMPATH\CodeIgniter.php(351): CodeIgniter\CodeIgniter->handleRequest(null, Object(Config\Cache), false)
 9 FCPATH\index.php(67): CodeIgniter\CodeIgniter->run()
10 SYSTEMPATH\Commands\Server\rewrite.php(46): require_once('FCPATH\\index.php')
CRITICAL - 2023-02-06 04:31:53 --> Trying to access array offset on value of type null
in APPPATH\Views\singlesearch.php on line 204.
 1 APPPATH\Views\singlesearch.php(204): CodeIgniter\Debug\Exceptions->errorHandler(2, 'Trying to access array offset on value of type null', 'APPPATH\\Views\\singlesearch.php', 204)
 2 SYSTEMPATH\View\View.php(213): include('APPPATH\\Views\\singlesearch.php')
 3 SYSTEMPATH\View\View.php(216): CodeIgniter\View\View->CodeIgniter\View\{closure}()
 4 SYSTEMPATH\Common.php(1134): CodeIgniter\View\View->render('singlesearch', [], true)
 5 APPPATH\Controllers\ProductsController.php(12): view('singlesearch', [...])
 6 SYSTEMPATH\CodeIgniter.php(927): App\Controllers\ProductsController->mp('cart')
 7 SYSTEMPATH\CodeIgniter.php(482): CodeIgniter\CodeIgniter->runController(Object(App\Controllers\ProductsController))
 8 SYSTEMPATH\CodeIgniter.php(351): CodeIgniter\CodeIgniter->handleRequest(null, Object(Config\Cache), false)
 9 FCPATH\index.php(67): CodeIgniter\CodeIgniter->run()
10 SYSTEMPATH\Commands\Server\rewrite.php(46): require_once('FCPATH\\index.php')
CRITICAL - 2023-02-06 04:31:56 --> Trying to access array offset on value of type null
in APPPATH\Views\singlesearch.php on line 204.
 1 APPPATH\Views\singlesearch.php(204): CodeIgniter\Debug\Exceptions->errorHandler(2, 'Trying to access array offset on value of type null', 'APPPATH\\Views\\singlesearch.php', 204)
 2 SYSTEMPATH\View\View.php(213): include('APPPATH\\Views\\singlesearch.php')
 3 SYSTEMPATH\View\View.php(216): CodeIgniter\View\View->CodeIgniter\View\{closure}()
 4 SYSTEMPATH\Common.php(1134): CodeIgniter\View\View->render('singlesearch', [], true)
 5 APPPATH\Controllers\ProductsController.php(12): view('singlesearch', [...])
 6 SYSTEMPATH\CodeIgniter.php(927): App\Controllers\ProductsController->mp('FCPATH\\lib', 'slick', 'slick.css')
 7 SYSTEMPATH\CodeIgniter.php(482): CodeIgniter\CodeIgniter->runController(Object(App\Controllers\ProductsController))
 8 SYSTEMPATH\CodeIgniter.php(351): CodeIgniter\CodeIgniter->handleRequest(null, Object(Config\Cache), false)
 9 FCPATH\index.php(67): CodeIgniter\CodeIgniter->run()
10 SYSTEMPATH\Commands\Server\rewrite.php(46): require_once('FCPATH\\index.php')
CRITICAL - 2023-02-06 04:31:56 --> Trying to access array offset on value of type null
in APPPATH\Views\singlesearch.php on line 204.
 1 APPPATH\Views\singlesearch.php(204): CodeIgniter\Debug\Exceptions->errorHandler(2, 'Trying to access array offset on value of type null', 'APPPATH\\Views\\singlesearch.php', 204)
 2 SYSTEMPATH\View\View.php(213): include('APPPATH\\Views\\singlesearch.php')
 3 SYSTEMPATH\View\View.php(216): CodeIgniter\View\View->CodeIgniter\View\{closure}()
 4 SYSTEMPATH\Common.php(1134): CodeIgniter\View\View->render('singlesearch', [], true)
 5 APPPATH\Controllers\ProductsController.php(12): view('singlesearch', [...])
 6 SYSTEMPATH\CodeIgniter.php(927): App\Controllers\ProductsController->mp('FCPATH\\lib', 'slick', 'slick-theme.css')
 7 SYSTEMPATH\CodeIgniter.php(482): CodeIgniter\CodeIgniter->runController(Object(App\Controllers\ProductsController))
 8 SYSTEMPATH\CodeIgniter.php(351): CodeIgniter\CodeIgniter->handleRequest(null, Object(Config\Cache), false)
 9 FCPATH\index.php(67): CodeIgniter\CodeIgniter->run()
10 SYSTEMPATH\Commands\Server\rewrite.php(46): require_once('FCPATH\\index.php')
CRITICAL - 2023-02-06 04:38:01 --> Call to undefined function App\Controllers\swal()
in APPPATH\Controllers\AdminController.php on line 94.
 1 SYSTEMPATH\CodeIgniter.php(927): App\Controllers\AdminController->saveproduct()
 2 SYSTEMPATH\CodeIgniter.php(482): CodeIgniter\CodeIgniter->runController(Object(App\Controllers\AdminController))
 3 SYSTEMPATH\CodeIgniter.php(351): CodeIgniter\CodeIgniter->handleRequest(null, Object(Config\Cache), false)
 4 FCPATH\index.php(67): CodeIgniter\CodeIgniter->run()
 5 SYSTEMPATH\Commands\Server\rewrite.php(46): require_once('FCPATH\\index.php')
CRITICAL - 2023-02-06 04:38:37 --> Call to undefined method CodeIgniter\Session\Session::swal()
in APPPATH\Controllers\AdminController.php on line 94.
 1 SYSTEMPATH\CodeIgniter.php(927): App\Controllers\AdminController->saveproduct()
 2 SYSTEMPATH\CodeIgniter.php(482): CodeIgniter\CodeIgniter->runController(Object(App\Controllers\AdminController))
 3 SYSTEMPATH\CodeIgniter.php(351): CodeIgniter\CodeIgniter->handleRequest(null, Object(Config\Cache), false)
 4 FCPATH\index.php(67): CodeIgniter\CodeIgniter->run()
 5 SYSTEMPATH\Commands\Server\rewrite.php(46): require_once('FCPATH\\index.php')
CRITICAL - 2023-02-06 04:39:24 --> Call to undefined method CodeIgniter\Session\Session::echo()
in APPPATH\Controllers\AdminController.php on line 94.
 1 SYSTEMPATH\CodeIgniter.php(927): App\Controllers\AdminController->saveproduct()
 2 SYSTEMPATH\CodeIgniter.php(482): CodeIgniter\CodeIgniter->runController(Object(App\Controllers\AdminController))
 3 SYSTEMPATH\CodeIgniter.php(351): CodeIgniter\CodeIgniter->handleRequest(null, Object(Config\Cache), false)
 4 FCPATH\index.php(67): CodeIgniter\CodeIgniter->run()
 5 SYSTEMPATH\Commands\Server\rewrite.php(46): require_once('FCPATH\\index.php')
CRITICAL - 2023-02-06 04:48:17 --> Trying to access array offset on value of type null
in APPPATH\Views\singlesearch.php on line 204.
 1 APPPATH\Views\singlesearch.php(204): CodeIgniter\Debug\Exceptions->errorHandler(2, 'Trying to access array offset on value of type null', 'APPPATH\\Views\\singlesearch.php', 204)
 2 SYSTEMPATH\View\View.php(213): include('APPPATH\\Views\\singlesearch.php')
 3 SYSTEMPATH\View\View.php(216): CodeIgniter\View\View->CodeIgniter\View\{closure}()
 4 SYSTEMPATH\Common.php(1134): CodeIgniter\View\View->render('singlesearch', [], true)
 5 APPPATH\Controllers\ProductsController.php(12): view('singlesearch', [...])
 6 SYSTEMPATH\CodeIgniter.php(927): App\Controllers\ProductsController->mp('index.html')
 7 SYSTEMPATH\CodeIgniter.php(482): CodeIgniter\CodeIgniter->runController(Object(App\Controllers\ProductsController))
 8 SYSTEMPATH\CodeIgniter.php(351): CodeIgniter\CodeIgniter->handleRequest(null, Object(Config\Cache), false)
 9 FCPATH\index.php(67): CodeIgniter\CodeIgniter->run()
10 SYSTEMPATH\Commands\Server\rewrite.php(46): require_once('FCPATH\\index.php')
CRITICAL - 2023-02-06 04:48:18 --> Trying to access array offset on value of type null
in APPPATH\Views\singlesearch.php on line 204.
 1 APPPATH\Views\singlesearch.php(204): CodeIgniter\Debug\Exceptions->errorHandler(2, 'Trying to access array offset on value of type null', 'APPPATH\\Views\\singlesearch.php', 204)
 2 SYSTEMPATH\View\View.php(213): include('APPPATH\\Views\\singlesearch.php')
 3 SYSTEMPATH\View\View.php(216): CodeIgniter\View\View->CodeIgniter\View\{closure}()
 4 SYSTEMPATH\Common.php(1134): CodeIgniter\View\View->render('singlesearch', [], true)
 5 APPPATH\Controllers\ProductsController.php(12): view('singlesearch', [...])
 6 SYSTEMPATH\CodeIgniter.php(927): App\Controllers\ProductsController->mp('index.html')
 7 SYSTEMPATH\CodeIgniter.php(482): CodeIgniter\CodeIgniter->runController(Object(App\Controllers\ProductsController))
 8 SYSTEMPATH\CodeIgniter.php(351): CodeIgniter\CodeIgniter->handleRequest(null, Object(Config\Cache), false)
 9 FCPATH\index.php(67): CodeIgniter\CodeIgniter->run()
10 SYSTEMPATH\Commands\Server\rewrite.php(46): require_once('FCPATH\\index.php')
CRITICAL - 2023-02-06 04:48:21 --> Trying to access array offset on value of type null
in APPPATH\Views\singlesearch.php on line 204.
 1 APPPATH\Views\singlesearch.php(204): CodeIgniter\Debug\Exceptions->errorHandler(2, 'Trying to access array offset on value of type null', 'APPPATH\\Views\\singlesearch.php', 204)
 2 SYSTEMPATH\View\View.php(213): include('APPPATH\\Views\\singlesearch.php')
 3 SYSTEMPATH\View\View.php(216): CodeIgniter\View\View->CodeIgniter\View\{closure}()
 4 SYSTEMPATH\Common.php(1134): CodeIgniter\View\View->render('singlesearch', [], true)
 5 APPPATH\Controllers\ProductsController.php(12): view('singlesearch', [...])
 6 SYSTEMPATH\CodeIgniter.php(927): App\Controllers\ProductsController->mp('FCPATH\\lib', 'slick', 'slick.css')
 7 SYSTEMPATH\CodeIgniter.php(482): CodeIgniter\CodeIgniter->runController(Object(App\Controllers\ProductsController))
 8 SYSTEMPATH\CodeIgniter.php(351): CodeIgniter\CodeIgniter->handleRequest(null, Object(Config\Cache), false)
 9 FCPATH\index.php(67): CodeIgniter\CodeIgniter->run()
10 SYSTEMPATH\Commands\Server\rewrite.php(46): require_once('FCPATH\\index.php')
CRITICAL - 2023-02-06 04:48:21 --> Trying to access array offset on value of type null
in APPPATH\Views\singlesearch.php on line 204.
 1 APPPATH\Views\singlesearch.php(204): CodeIgniter\Debug\Exceptions->errorHandler(2, 'Trying to access array offset on value of type null', 'APPPATH\\Views\\singlesearch.php', 204)
 2 SYSTEMPATH\View\View.php(213): include('APPPATH\\Views\\singlesearch.php')
 3 SYSTEMPATH\View\View.php(216): CodeIgniter\View\View->CodeIgniter\View\{closure}()
 4 SYSTEMPATH\Common.php(1134): CodeIgniter\View\View->render('singlesearch', [], true)
 5 APPPATH\Controllers\ProductsController.php(12): view('singlesearch', [...])
 6 SYSTEMPATH\CodeIgniter.php(927): App\Controllers\ProductsController->mp('FCPATH\\lib', 'slick', 'slick-theme.css')
 7 SYSTEMPATH\CodeIgniter.php(482): CodeIgniter\CodeIgniter->runController(Object(App\Controllers\ProductsController))
 8 SYSTEMPATH\CodeIgniter.php(351): CodeIgniter\CodeIgniter->handleRequest(null, Object(Config\Cache), false)
 9 FCPATH\index.php(67): CodeIgniter\CodeIgniter->run()
10 SYSTEMPATH\Commands\Server\rewrite.php(46): require_once('FCPATH\\index.php')
CRITICAL - 2023-02-06 06:13:58 --> Trying to access array offset on value of type null
in APPPATH\Views\singlesearch.php on line 204.
 1 APPPATH\Views\singlesearch.php(204): CodeIgniter\Debug\Exceptions->errorHandler(2, 'Trying to access array offset on value of type null', 'APPPATH\\Views\\singlesearch.php', 204)
 2 SYSTEMPATH\View\View.php(213): include('APPPATH\\Views\\singlesearch.php')
 3 SYSTEMPATH\View\View.php(216): CodeIgniter\View\View->CodeIgniter\View\{closure}()
 4 SYSTEMPATH\Common.php(1134): CodeIgniter\View\View->render('singlesearch', [], true)
 5 APPPATH\Controllers\ProductsController.php(12): view('singlesearch', [...])
 6 SYSTEMPATH\CodeIgniter.php(927): App\Controllers\ProductsController->mp('FCPATH\\lib', 'slick', 'slick.css')
 7 SYSTEMPATH\CodeIgniter.php(482): CodeIgniter\CodeIgniter->runController(Object(App\Controllers\ProductsController))
 8 SYSTEMPATH\CodeIgniter.php(351): CodeIgniter\CodeIgniter->handleRequest(null, Object(Config\Cache), false)
 9 FCPATH\index.php(67): CodeIgniter\CodeIgniter->run()
10 SYSTEMPATH\Commands\Server\rewrite.php(46): require_once('FCPATH\\index.php')
CRITICAL - 2023-02-06 06:13:58 --> Trying to access array offset on value of type null
in APPPATH\Views\singlesearch.php on line 204.
 1 APPPATH\Views\singlesearch.php(204): CodeIgniter\Debug\Exceptions->errorHandler(2, 'Trying to access array offset on value of type null', 'APPPATH\\Views\\singlesearch.php', 204)
 2 SYSTEMPATH\View\View.php(213): include('APPPATH\\Views\\singlesearch.php')
 3 SYSTEMPATH\View\View.php(216): CodeIgniter\View\View->CodeIgniter\View\{closure}()
 4 SYSTEMPATH\Common.php(1134): CodeIgniter\View\View->render('singlesearch', [], true)
 5 APPPATH\Controllers\ProductsController.php(12): view('singlesearch', [...])
 6 SYSTEMPATH\CodeIgniter.php(927): App\Controllers\ProductsController->mp('FCPATH\\lib', 'slick', 'slick-theme.css')
 7 SYSTEMPATH\CodeIgniter.php(482): CodeIgniter\CodeIgniter->runController(Object(App\Controllers\ProductsController))
 8 SYSTEMPATH\CodeIgniter.php(351): CodeIgniter\CodeIgniter->handleRequest(null, Object(Config\Cache), false)
 9 FCPATH\index.php(67): CodeIgniter\CodeIgniter->run()
10 SYSTEMPATH\Commands\Server\rewrite.php(46): require_once('FCPATH\\index.php')
CRITICAL - 2023-02-06 06:31:27 --> Invalid file: profile.php
in SYSTEMPATH\Exceptions\FrameworkException.php on line 33.
 1 SYSTEMPATH\View\View.php(201): CodeIgniter\Exceptions\FrameworkException::forInvalidFile('profile.php')
 2 SYSTEMPATH\Common.php(1134): CodeIgniter\View\View->render('profile', [], true)
 3 APPPATH\Controllers\Home.php(66): view('profile')
 4 SYSTEMPATH\CodeIgniter.php(927): App\Controllers\Home->myaccount()
 5 SYSTEMPATH\CodeIgniter.php(482): CodeIgniter\CodeIgniter->runController(Object(App\Controllers\Home))
 6 SYSTEMPATH\CodeIgniter.php(351): CodeIgniter\CodeIgniter->handleRequest(null, Object(Config\Cache), false)
 7 FCPATH\index.php(67): CodeIgniter\CodeIgniter->run()
 8 SYSTEMPATH\Commands\Server\rewrite.php(46): require_once('FCPATH\\index.php')
CRITICAL - 2023-02-06 06:33:40 --> Invalid file: User/inc/top.php
in SYSTEMPATH\Exceptions\FrameworkException.php on line 33.
 1 SYSTEMPATH\View\View.php(201): CodeIgniter\Exceptions\FrameworkException::forInvalidFile('User/inc/top.php')
 2 SYSTEMPATH\View\View.php(431): CodeIgniter\View\View->render('User/inc/top', null, true)
 3 APPPATH\Views\User\profile.php(1): CodeIgniter\View\View->include('User/inc/top')
 4 SYSTEMPATH\View\View.php(213): include('APPPATH\\Views\\User\\profile.php')
 5 SYSTEMPATH\View\View.php(216): CodeIgniter\View\View->CodeIgniter\View\{closure}()
 6 SYSTEMPATH\Common.php(1134): CodeIgniter\View\View->render('user/profile', [], true)
 7 APPPATH\Controllers\Home.php(66): view('user/profile')
 8 SYSTEMPATH\CodeIgniter.php(927): App\Controllers\Home->myaccount()
 9 SYSTEMPATH\CodeIgniter.php(482): CodeIgniter\CodeIgniter->runController(Object(App\Controllers\Home))
10 SYSTEMPATH\CodeIgniter.php(351): CodeIgniter\CodeIgniter->handleRequest(null, Object(Config\Cache), false)
11 FCPATH\index.php(67): CodeIgniter\CodeIgniter->run()
12 SYSTEMPATH\Commands\Server\rewrite.php(46): require_once('FCPATH\\index.php')
CRITICAL - 2023-02-06 06:33:42 --> Invalid file: User/inc/top.php
in SYSTEMPATH\Exceptions\FrameworkException.php on line 33.
 1 SYSTEMPATH\View\View.php(201): CodeIgniter\Exceptions\FrameworkException::forInvalidFile('User/inc/top.php')
 2 SYSTEMPATH\View\View.php(431): CodeIgniter\View\View->render('User/inc/top', null, true)
 3 APPPATH\Views\User\profile.php(1): CodeIgniter\View\View->include('User/inc/top')
 4 SYSTEMPATH\View\View.php(213): include('APPPATH\\Views\\User\\profile.php')
 5 SYSTEMPATH\View\View.php(216): CodeIgniter\View\View->CodeIgniter\View\{closure}()
 6 SYSTEMPATH\Common.php(1134): CodeIgniter\View\View->render('user/profile', [], true)
 7 APPPATH\Controllers\Home.php(66): view('user/profile')
 8 SYSTEMPATH\CodeIgniter.php(927): App\Controllers\Home->myaccount()
 9 SYSTEMPATH\CodeIgniter.php(482): CodeIgniter\CodeIgniter->runController(Object(App\Controllers\Home))
10 SYSTEMPATH\CodeIgniter.php(351): CodeIgniter\CodeIgniter->handleRequest(null, Object(Config\Cache), false)
11 FCPATH\index.php(67): CodeIgniter\CodeIgniter->run()
12 SYSTEMPATH\Commands\Server\rewrite.php(46): require_once('FCPATH\\index.php')
CRITICAL - 2023-02-06 06:33:53 --> Invalid file: user/inc/top.php
in SYSTEMPATH\Exceptions\FrameworkException.php on line 33.
 1 SYSTEMPATH\View\View.php(201): CodeIgniter\Exceptions\FrameworkException::forInvalidFile('user/inc/top.php')
 2 SYSTEMPATH\View\View.php(431): CodeIgniter\View\View->render('user/inc/top', null, true)
 3 APPPATH\Views\User\profile.php(1): CodeIgniter\View\View->include('user/inc/top')
 4 SYSTEMPATH\View\View.php(213): include('APPPATH\\Views\\User\\profile.php')
 5 SYSTEMPATH\View\View.php(216): CodeIgniter\View\View->CodeIgniter\View\{closure}()
 6 SYSTEMPATH\Common.php(1134): CodeIgniter\View\View->render('user/profile', [], true)
 7 APPPATH\Controllers\Home.php(66): view('user/profile')
 8 SYSTEMPATH\CodeIgniter.php(927): App\Controllers\Home->myaccount()
 9 SYSTEMPATH\CodeIgniter.php(482): CodeIgniter\CodeIgniter->runController(Object(App\Controllers\Home))
10 SYSTEMPATH\CodeIgniter.php(351): CodeIgniter\CodeIgniter->handleRequest(null, Object(Config\Cache), false)
11 FCPATH\index.php(67): CodeIgniter\CodeIgniter->run()
12 SYSTEMPATH\Commands\Server\rewrite.php(46): require_once('FCPATH\\index.php')
CRITICAL - 2023-02-06 06:33:55 --> Invalid file: user/inc/top.php
in SYSTEMPATH\Exceptions\FrameworkException.php on line 33.
 1 SYSTEMPATH\View\View.php(201): CodeIgniter\Exceptions\FrameworkException::forInvalidFile('user/inc/top.php')
 2 SYSTEMPATH\View\View.php(431): CodeIgniter\View\View->render('user/inc/top', null, true)
 3 APPPATH\Views\User\profile.php(1): CodeIgniter\View\View->include('user/inc/top')
 4 SYSTEMPATH\View\View.php(213): include('APPPATH\\Views\\User\\profile.php')
 5 SYSTEMPATH\View\View.php(216): CodeIgniter\View\View->CodeIgniter\View\{closure}()
 6 SYSTEMPATH\Common.php(1134): CodeIgniter\View\View->render('user/profile', [], true)
 7 APPPATH\Controllers\Home.php(66): view('user/profile')
 8 SYSTEMPATH\CodeIgniter.php(927): App\Controllers\Home->myaccount()
 9 SYSTEMPATH\CodeIgniter.php(482): CodeIgniter\CodeIgniter->runController(Object(App\Controllers\Home))
10 SYSTEMPATH\CodeIgniter.php(351): CodeIgniter\CodeIgniter->handleRequest(null, Object(Config\Cache), false)
11 FCPATH\index.php(67): CodeIgniter\CodeIgniter->run()
12 SYSTEMPATH\Commands\Server\rewrite.php(46): require_once('FCPATH\\index.php')
