CRITICAL - 2023-02-07 02:02:55 --> Invalid file: prce/below_one.php
in SYSTEMPATH\Exceptions\FrameworkException.php on line 33.
 1 SYSTEMPATH\View\View.php(201): CodeIgniter\Exceptions\FrameworkException::forInvalidFile('prce/below_one.php')
 2 SYSTEMPATH\Common.php(1134): CodeIgniter\View\View->render('prce/below_one', [], true)
 3 APPPATH\Controllers\Home.php(72): view('prce/below_one')
 4 SYSTEMPATH\CodeIgniter.php(927): App\Controllers\Home->below_one()
 5 SYSTEMPATH\CodeIgniter.php(482): CodeIgniter\CodeIgniter->runController(Object(App\Controllers\Home))
 6 SYSTEMPATH\CodeIgniter.php(351): CodeIgniter\CodeIgniter->handleRequest(null, Object(Config\Cache), false)
 7 FCPATH\index.php(67): CodeIgniter\CodeIgniter->run()
 8 SYSTEMPATH\Commands\Server\rewrite.php(46): require_once('FCPATH\\index.php')
CRITICAL - 2023-02-07 02:09:51 --> Undefined variable $products
in APPPATH\Views\price\below_one.php on line 90.
 1 APPPATH\Views\price\below_one.php(90): CodeIgniter\Debug\Exceptions->errorHandler(2, 'Undefined variable $products', 'APPPATH\\Views\\price\\below_one.php', 90)
 2 SYSTEMPATH\View\View.php(213): include('APPPATH\\Views\\price\\below_one.php')
 3 SYSTEMPATH\View\View.php(216): CodeIgniter\View\View->CodeIgniter\View\{closure}()
 4 SYSTEMPATH\Common.php(1134): CodeIgniter\View\View->render('price/below_one', [], true)
 5 APPPATH\Controllers\Home.php(76): view('price/below_one')
 6 SYSTEMPATH\CodeIgniter.php(927): App\Controllers\Home->below_one()
 7 SYSTEMPATH\CodeIgniter.php(482): CodeIgniter\CodeIgniter->runController(Object(App\Controllers\Home))
 8 SYSTEMPATH\CodeIgniter.php(351): CodeIgniter\CodeIgniter->handleRequest(null, Object(Config\Cache), false)
 9 FCPATH\index.php(67): CodeIgniter\CodeIgniter->run()
10 SYSTEMPATH\Commands\Server\rewrite.php(46): require_once('FCPATH\\index.php')
CRITICAL - 2023-02-07 02:10:22 --> Undefined variable $products
in APPPATH\Views\price\below_one.php on line 90.
 1 APPPATH\Views\price\below_one.php(90): CodeIgniter\Debug\Exceptions->errorHandler(2, 'Undefined variable $products', 'APPPATH\\Views\\price\\below_one.php', 90)
 2 SYSTEMPATH\View\View.php(213): include('APPPATH\\Views\\price\\below_one.php')
 3 SYSTEMPATH\View\View.php(216): CodeIgniter\View\View->CodeIgniter\View\{closure}()
 4 SYSTEMPATH\Common.php(1134): CodeIgniter\View\View->render('price/below_one', [], true)
 5 APPPATH\Controllers\Home.php(76): view('price/below_one')
 6 SYSTEMPATH\CodeIgniter.php(927): App\Controllers\Home->below_one()
 7 SYSTEMPATH\CodeIgniter.php(482): CodeIgniter\CodeIgniter->runController(Object(App\Controllers\Home))
 8 SYSTEMPATH\CodeIgniter.php(351): CodeIgniter\CodeIgniter->handleRequest(null, Object(Config\Cache), false)
 9 FCPATH\index.php(67): CodeIgniter\CodeIgniter->run()
10 SYSTEMPATH\Commands\Server\rewrite.php(46): require_once('FCPATH\\index.php')
ERROR - 2023-02-07 02:18:23 --> mysqli_sql_exception: You have an error in your SQL syntax; check the manual that corresponds to your MySQL server version for the right syntax to use near '< '100'' at line 4 in C:\laragon\www\Sha-Pick-Collection\system\Database\MySQLi\Connection.php:292
Stack trace:
#0 C:\laragon\www\Sha-Pick-Collection\system\Database\MySQLi\Connection.php(292): mysqli->query('SELECT *\nFROM `...', 0)
#1 C:\laragon\www\Sha-Pick-Collection\system\Database\BaseConnection.php(666): CodeIgniter\Database\MySQLi\Connection->execute('SELECT *\nFROM `...')
#2 C:\laragon\www\Sha-Pick-Collection\system\Database\BaseConnection.php(593): CodeIgniter\Database\BaseConnection->simpleQuery('SELECT *\nFROM `...')
#3 C:\laragon\www\Sha-Pick-Collection\system\Database\BaseBuilder.php(1585): CodeIgniter\Database\BaseConnection->query('SELECT *\nFROM `...', Array, false)
#4 C:\laragon\www\Sha-Pick-Collection\system\Model.php(223): CodeIgniter\Database\BaseBuilder->get()
#5 C:\laragon\www\Sha-Pick-Collection\system\BaseModel.php(585): CodeIgniter\Model->doFindAll(0, 0)
#6 C:\laragon\www\Sha-Pick-Collection\app\Controllers\Home.php(74): CodeIgniter\BaseModel->findAll()
#7 C:\laragon\www\Sha-Pick-Collection\system\CodeIgniter.php(927): App\Controllers\Home->below_one()
#8 C:\laragon\www\Sha-Pick-Collection\system\CodeIgniter.php(482): CodeIgniter\CodeIgniter->runController(Object(App\Controllers\Home))
#9 C:\laragon\www\Sha-Pick-Collection\system\CodeIgniter.php(351): CodeIgniter\CodeIgniter->handleRequest(NULL, Object(Config\Cache), false)
#10 C:\laragon\www\Sha-Pick-Collection\public\index.php(67): CodeIgniter\CodeIgniter->run()
#11 C:\laragon\www\Sha-Pick-Collection\system\Commands\Server\rewrite.php(46): require_once('C:\\laragon\\www\\...')
#12 {main}
CRITICAL - 2023-02-07 02:18:23 --> You have an error in your SQL syntax; check the manual that corresponds to your MySQL server version for the right syntax to use near '< '100'' at line 4
in SYSTEMPATH\Database\MySQLi\Connection.php on line 292.
 1 SYSTEMPATH\Database\MySQLi\Connection.php(292): mysqli->query('SELECT *
FROM `products`
WHERE `quantity` > \'0\'
AND `price` = < \'100\'', 0)
 2 SYSTEMPATH\Database\BaseConnection.php(666): CodeIgniter\Database\MySQLi\Connection->execute('SELECT *
FROM `products`
WHERE `quantity` > \'0\'
AND `price` = < \'100\'')
 3 SYSTEMPATH\Database\BaseConnection.php(593): CodeIgniter\Database\BaseConnection->simpleQuery('SELECT *
FROM `products`
WHERE `quantity` > \'0\'
AND `price` = < \'100\'')
 4 SYSTEMPATH\Database\BaseBuilder.php(1585): CodeIgniter\Database\BaseConnection->query('SELECT *
FROM `products`
WHERE `quantity` > :quantity:
AND `price` = < :price =:', [...], false)
 5 SYSTEMPATH\Model.php(223): CodeIgniter\Database\BaseBuilder->get()
 6 SYSTEMPATH\BaseModel.php(585): CodeIgniter\Model->doFindAll(0, 0)
 7 APPPATH\Controllers\Home.php(74): CodeIgniter\BaseModel->findAll()
 8 SYSTEMPATH\CodeIgniter.php(927): App\Controllers\Home->below_one()
 9 SYSTEMPATH\CodeIgniter.php(482): CodeIgniter\CodeIgniter->runController(Object(App\Controllers\Home))
10 SYSTEMPATH\CodeIgniter.php(351): CodeIgniter\CodeIgniter->handleRequest(null, Object(Config\Cache), false)
11 FCPATH\index.php(67): CodeIgniter\CodeIgniter->run()
12 SYSTEMPATH\Commands\Server\rewrite.php(46): require_once('FCPATH\\index.php')
CRITICAL - 2023-02-07 03:32:10 --> Trying to access array offset on value of type null
in APPPATH\Views\singlesearch.php on line 204.
 1 APPPATH\Views\singlesearch.php(204): CodeIgniter\Debug\Exceptions->errorHandler(2, 'Trying to access array offset on value of type null', 'APPPATH\\Views\\singlesearch.php', 204)
 2 SYSTEMPATH\View\View.php(213): include('APPPATH\\Views\\singlesearch.php')
 3 SYSTEMPATH\View\View.php(216): CodeIgniter\View\View->CodeIgniter\View\{closure}()
 4 SYSTEMPATH\Common.php(1134): CodeIgniter\View\View->render('singlesearch', [], true)
 5 APPPATH\Controllers\ProductsController.php(12): view('singlesearch', [...])
 6 SYSTEMPATH\CodeIgniter.php(927): App\Controllers\ProductsController->mp('FCPATH\\lib', 'slick', 'slick.css')
 7 SYSTEMPATH\CodeIgniter.php(482): CodeIgniter\CodeIgniter->runController(Object(App\Controllers\ProductsController))
 8 SYSTEMPATH\CodeIgniter.php(351): CodeIgniter\CodeIgniter->handleRequest(null, Object(Config\Cache), false)
 9 FCPATH\index.php(67): CodeIgniter\CodeIgniter->run()
10 SYSTEMPATH\Commands\Server\rewrite.php(46): require_once('FCPATH\\index.php')
CRITICAL - 2023-02-07 03:32:11 --> Trying to access array offset on value of type null
in APPPATH\Views\singlesearch.php on line 204.
 1 APPPATH\Views\singlesearch.php(204): CodeIgniter\Debug\Exceptions->errorHandler(2, 'Trying to access array offset on value of type null', 'APPPATH\\Views\\singlesearch.php', 204)
 2 SYSTEMPATH\View\View.php(213): include('APPPATH\\Views\\singlesearch.php')
 3 SYSTEMPATH\View\View.php(216): CodeIgniter\View\View->CodeIgniter\View\{closure}()
 4 SYSTEMPATH\Common.php(1134): CodeIgniter\View\View->render('singlesearch', [], true)
 5 APPPATH\Controllers\ProductsController.php(12): view('singlesearch', [...])
 6 SYSTEMPATH\CodeIgniter.php(927): App\Controllers\ProductsController->mp('FCPATH\\lib', 'slick', 'slick-theme.css')
 7 SYSTEMPATH\CodeIgniter.php(482): CodeIgniter\CodeIgniter->runController(Object(App\Controllers\ProductsController))
 8 SYSTEMPATH\CodeIgniter.php(351): CodeIgniter\CodeIgniter->handleRequest(null, Object(Config\Cache), false)
 9 FCPATH\index.php(67): CodeIgniter\CodeIgniter->run()
10 SYSTEMPATH\Commands\Server\rewrite.php(46): require_once('FCPATH\\index.php')
CRITICAL - 2023-02-07 03:32:26 --> Trying to access array offset on value of type null
in APPPATH\Views\singlesearch.php on line 204.
 1 APPPATH\Views\singlesearch.php(204): CodeIgniter\Debug\Exceptions->errorHandler(2, 'Trying to access array offset on value of type null', 'APPPATH\\Views\\singlesearch.php', 204)
 2 SYSTEMPATH\View\View.php(213): include('APPPATH\\Views\\singlesearch.php')
 3 SYSTEMPATH\View\View.php(216): CodeIgniter\View\View->CodeIgniter\View\{closure}()
 4 SYSTEMPATH\Common.php(1134): CodeIgniter\View\View->render('singlesearch', [], true)
 5 APPPATH\Controllers\ProductsController.php(12): view('singlesearch', [...])
 6 SYSTEMPATH\CodeIgniter.php(927): App\Controllers\ProductsController->mp('FCPATH\\lib', 'slick', 'slick.css')
 7 SYSTEMPATH\CodeIgniter.php(482): CodeIgniter\CodeIgniter->runController(Object(App\Controllers\ProductsController))
 8 SYSTEMPATH\CodeIgniter.php(351): CodeIgniter\CodeIgniter->handleRequest(null, Object(Config\Cache), false)
 9 FCPATH\index.php(67): CodeIgniter\CodeIgniter->run()
10 SYSTEMPATH\Commands\Server\rewrite.php(46): require_once('FCPATH\\index.php')
CRITICAL - 2023-02-07 03:32:27 --> Trying to access array offset on value of type null
in APPPATH\Views\singlesearch.php on line 204.
 1 APPPATH\Views\singlesearch.php(204): CodeIgniter\Debug\Exceptions->errorHandler(2, 'Trying to access array offset on value of type null', 'APPPATH\\Views\\singlesearch.php', 204)
 2 SYSTEMPATH\View\View.php(213): include('APPPATH\\Views\\singlesearch.php')
 3 SYSTEMPATH\View\View.php(216): CodeIgniter\View\View->CodeIgniter\View\{closure}()
 4 SYSTEMPATH\Common.php(1134): CodeIgniter\View\View->render('singlesearch', [], true)
 5 APPPATH\Controllers\ProductsController.php(12): view('singlesearch', [...])
 6 SYSTEMPATH\CodeIgniter.php(927): App\Controllers\ProductsController->mp('FCPATH\\lib', 'slick', 'slick-theme.css')
 7 SYSTEMPATH\CodeIgniter.php(482): CodeIgniter\CodeIgniter->runController(Object(App\Controllers\ProductsController))
 8 SYSTEMPATH\CodeIgniter.php(351): CodeIgniter\CodeIgniter->handleRequest(null, Object(Config\Cache), false)
 9 FCPATH\index.php(67): CodeIgniter\CodeIgniter->run()
10 SYSTEMPATH\Commands\Server\rewrite.php(46): require_once('FCPATH\\index.php')
CRITICAL - 2023-02-07 03:32:39 --> Trying to access array offset on value of type null
in APPPATH\Views\singlesearch.php on line 204.
 1 APPPATH\Views\singlesearch.php(204): CodeIgniter\Debug\Exceptions->errorHandler(2, 'Trying to access array offset on value of type null', 'APPPATH\\Views\\singlesearch.php', 204)
 2 SYSTEMPATH\View\View.php(213): include('APPPATH\\Views\\singlesearch.php')
 3 SYSTEMPATH\View\View.php(216): CodeIgniter\View\View->CodeIgniter\View\{closure}()
 4 SYSTEMPATH\Common.php(1134): CodeIgniter\View\View->render('singlesearch', [], true)
 5 APPPATH\Controllers\ProductsController.php(12): view('singlesearch', [...])
 6 SYSTEMPATH\CodeIgniter.php(927): App\Controllers\ProductsController->mp('FCPATH\\lib', 'slick', 'slick.css')
 7 SYSTEMPATH\CodeIgniter.php(482): CodeIgniter\CodeIgniter->runController(Object(App\Controllers\ProductsController))
 8 SYSTEMPATH\CodeIgniter.php(351): CodeIgniter\CodeIgniter->handleRequest(null, Object(Config\Cache), false)
 9 FCPATH\index.php(67): CodeIgniter\CodeIgniter->run()
10 SYSTEMPATH\Commands\Server\rewrite.php(46): require_once('FCPATH\\index.php')
CRITICAL - 2023-02-07 03:32:40 --> Trying to access array offset on value of type null
in APPPATH\Views\singlesearch.php on line 204.
 1 APPPATH\Views\singlesearch.php(204): CodeIgniter\Debug\Exceptions->errorHandler(2, 'Trying to access array offset on value of type null', 'APPPATH\\Views\\singlesearch.php', 204)
 2 SYSTEMPATH\View\View.php(213): include('APPPATH\\Views\\singlesearch.php')
 3 SYSTEMPATH\View\View.php(216): CodeIgniter\View\View->CodeIgniter\View\{closure}()
 4 SYSTEMPATH\Common.php(1134): CodeIgniter\View\View->render('singlesearch', [], true)
 5 APPPATH\Controllers\ProductsController.php(12): view('singlesearch', [...])
 6 SYSTEMPATH\CodeIgniter.php(927): App\Controllers\ProductsController->mp('FCPATH\\lib', 'slick', 'slick-theme.css')
 7 SYSTEMPATH\CodeIgniter.php(482): CodeIgniter\CodeIgniter->runController(Object(App\Controllers\ProductsController))
 8 SYSTEMPATH\CodeIgniter.php(351): CodeIgniter\CodeIgniter->handleRequest(null, Object(Config\Cache), false)
 9 FCPATH\index.php(67): CodeIgniter\CodeIgniter->run()
10 SYSTEMPATH\Commands\Server\rewrite.php(46): require_once('FCPATH\\index.php')
CRITICAL - 2023-02-07 03:33:02 --> Trying to access array offset on value of type null
in APPPATH\Views\singlesearch.php on line 204.
 1 APPPATH\Views\singlesearch.php(204): CodeIgniter\Debug\Exceptions->errorHandler(2, 'Trying to access array offset on value of type null', 'APPPATH\\Views\\singlesearch.php', 204)
 2 SYSTEMPATH\View\View.php(213): include('APPPATH\\Views\\singlesearch.php')
 3 SYSTEMPATH\View\View.php(216): CodeIgniter\View\View->CodeIgniter\View\{closure}()
 4 SYSTEMPATH\Common.php(1134): CodeIgniter\View\View->render('singlesearch', [], true)
 5 APPPATH\Controllers\ProductsController.php(12): view('singlesearch', [...])
 6 SYSTEMPATH\CodeIgniter.php(927): App\Controllers\ProductsController->mp('FCPATH\\lib', 'slick', 'slick.css')
 7 SYSTEMPATH\CodeIgniter.php(482): CodeIgniter\CodeIgniter->runController(Object(App\Controllers\ProductsController))
 8 SYSTEMPATH\CodeIgniter.php(351): CodeIgniter\CodeIgniter->handleRequest(null, Object(Config\Cache), false)
 9 FCPATH\index.php(67): CodeIgniter\CodeIgniter->run()
10 SYSTEMPATH\Commands\Server\rewrite.php(46): require_once('FCPATH\\index.php')
CRITICAL - 2023-02-07 03:33:03 --> Trying to access array offset on value of type null
in APPPATH\Views\singlesearch.php on line 204.
 1 APPPATH\Views\singlesearch.php(204): CodeIgniter\Debug\Exceptions->errorHandler(2, 'Trying to access array offset on value of type null', 'APPPATH\\Views\\singlesearch.php', 204)
 2 SYSTEMPATH\View\View.php(213): include('APPPATH\\Views\\singlesearch.php')
 3 SYSTEMPATH\View\View.php(216): CodeIgniter\View\View->CodeIgniter\View\{closure}()
 4 SYSTEMPATH\Common.php(1134): CodeIgniter\View\View->render('singlesearch', [], true)
 5 APPPATH\Controllers\ProductsController.php(12): view('singlesearch', [...])
 6 SYSTEMPATH\CodeIgniter.php(927): App\Controllers\ProductsController->mp('FCPATH\\lib', 'slick', 'slick-theme.css')
 7 SYSTEMPATH\CodeIgniter.php(482): CodeIgniter\CodeIgniter->runController(Object(App\Controllers\ProductsController))
 8 SYSTEMPATH\CodeIgniter.php(351): CodeIgniter\CodeIgniter->handleRequest(null, Object(Config\Cache), false)
 9 FCPATH\index.php(67): CodeIgniter\CodeIgniter->run()
10 SYSTEMPATH\Commands\Server\rewrite.php(46): require_once('FCPATH\\index.php')
CRITICAL - 2023-02-07 03:33:05 --> Trying to access array offset on value of type null
in APPPATH\Views\singlesearch.php on line 204.
 1 APPPATH\Views\singlesearch.php(204): CodeIgniter\Debug\Exceptions->errorHandler(2, 'Trying to access array offset on value of type null', 'APPPATH\\Views\\singlesearch.php', 204)
 2 SYSTEMPATH\View\View.php(213): include('APPPATH\\Views\\singlesearch.php')
 3 SYSTEMPATH\View\View.php(216): CodeIgniter\View\View->CodeIgniter\View\{closure}()
 4 SYSTEMPATH\Common.php(1134): CodeIgniter\View\View->render('singlesearch', [], true)
 5 APPPATH\Controllers\ProductsController.php(12): view('singlesearch', [...])
 6 SYSTEMPATH\CodeIgniter.php(927): App\Controllers\ProductsController->mp('cart')
 7 SYSTEMPATH\CodeIgniter.php(482): CodeIgniter\CodeIgniter->runController(Object(App\Controllers\ProductsController))
 8 SYSTEMPATH\CodeIgniter.php(351): CodeIgniter\CodeIgniter->handleRequest(null, Object(Config\Cache), false)
 9 FCPATH\index.php(67): CodeIgniter\CodeIgniter->run()
10 SYSTEMPATH\Commands\Server\rewrite.php(46): require_once('FCPATH\\index.php')
CRITICAL - 2023-02-07 03:33:09 --> Trying to access array offset on value of type null
in APPPATH\Views\singlesearch.php on line 204.
 1 APPPATH\Views\singlesearch.php(204): CodeIgniter\Debug\Exceptions->errorHandler(2, 'Trying to access array offset on value of type null', 'APPPATH\\Views\\singlesearch.php', 204)
 2 SYSTEMPATH\View\View.php(213): include('APPPATH\\Views\\singlesearch.php')
 3 SYSTEMPATH\View\View.php(216): CodeIgniter\View\View->CodeIgniter\View\{closure}()
 4 SYSTEMPATH\Common.php(1134): CodeIgniter\View\View->render('singlesearch', [], true)
 5 APPPATH\Controllers\ProductsController.php(12): view('singlesearch', [...])
 6 SYSTEMPATH\CodeIgniter.php(927): App\Controllers\ProductsController->mp('FCPATH\\lib', 'slick', 'slick.css')
 7 SYSTEMPATH\CodeIgniter.php(482): CodeIgniter\CodeIgniter->runController(Object(App\Controllers\ProductsController))
 8 SYSTEMPATH\CodeIgniter.php(351): CodeIgniter\CodeIgniter->handleRequest(null, Object(Config\Cache), false)
 9 FCPATH\index.php(67): CodeIgniter\CodeIgniter->run()
10 SYSTEMPATH\Commands\Server\rewrite.php(46): require_once('FCPATH\\index.php')
CRITICAL - 2023-02-07 03:33:09 --> Trying to access array offset on value of type null
in APPPATH\Views\singlesearch.php on line 204.
 1 APPPATH\Views\singlesearch.php(204): CodeIgniter\Debug\Exceptions->errorHandler(2, 'Trying to access array offset on value of type null', 'APPPATH\\Views\\singlesearch.php', 204)
 2 SYSTEMPATH\View\View.php(213): include('APPPATH\\Views\\singlesearch.php')
 3 SYSTEMPATH\View\View.php(216): CodeIgniter\View\View->CodeIgniter\View\{closure}()
 4 SYSTEMPATH\Common.php(1134): CodeIgniter\View\View->render('singlesearch', [], true)
 5 APPPATH\Controllers\ProductsController.php(12): view('singlesearch', [...])
 6 SYSTEMPATH\CodeIgniter.php(927): App\Controllers\ProductsController->mp('FCPATH\\lib', 'slick', 'slick-theme.css')
 7 SYSTEMPATH\CodeIgniter.php(482): CodeIgniter\CodeIgniter->runController(Object(App\Controllers\ProductsController))
 8 SYSTEMPATH\CodeIgniter.php(351): CodeIgniter\CodeIgniter->handleRequest(null, Object(Config\Cache), false)
 9 FCPATH\index.php(67): CodeIgniter\CodeIgniter->run()
10 SYSTEMPATH\Commands\Server\rewrite.php(46): require_once('FCPATH\\index.php')
CRITICAL - 2023-02-07 03:44:35 --> Trying to access array offset on value of type null
in APPPATH\Views\singlesearch.php on line 204.
 1 APPPATH\Views\singlesearch.php(204): CodeIgniter\Debug\Exceptions->errorHandler(2, 'Trying to access array offset on value of type null', 'APPPATH\\Views\\singlesearch.php', 204)
 2 SYSTEMPATH\View\View.php(213): include('APPPATH\\Views\\singlesearch.php')
 3 SYSTEMPATH\View\View.php(216): CodeIgniter\View\View->CodeIgniter\View\{closure}()
 4 SYSTEMPATH\Common.php(1134): CodeIgniter\View\View->render('singlesearch', [], true)
 5 APPPATH\Controllers\ProductsController.php(12): view('singlesearch', [...])
 6 SYSTEMPATH\CodeIgniter.php(927): App\Controllers\ProductsController->mp('FCPATH\\lib', 'slick', 'slick.css')
 7 SYSTEMPATH\CodeIgniter.php(482): CodeIgniter\CodeIgniter->runController(Object(App\Controllers\ProductsController))
 8 SYSTEMPATH\CodeIgniter.php(351): CodeIgniter\CodeIgniter->handleRequest(null, Object(Config\Cache), false)
 9 FCPATH\index.php(67): CodeIgniter\CodeIgniter->run()
10 SYSTEMPATH\Commands\Server\rewrite.php(46): require_once('FCPATH\\index.php')
CRITICAL - 2023-02-07 03:44:35 --> Trying to access array offset on value of type null
in APPPATH\Views\singlesearch.php on line 204.
 1 APPPATH\Views\singlesearch.php(204): CodeIgniter\Debug\Exceptions->errorHandler(2, 'Trying to access array offset on value of type null', 'APPPATH\\Views\\singlesearch.php', 204)
 2 SYSTEMPATH\View\View.php(213): include('APPPATH\\Views\\singlesearch.php')
 3 SYSTEMPATH\View\View.php(216): CodeIgniter\View\View->CodeIgniter\View\{closure}()
 4 SYSTEMPATH\Common.php(1134): CodeIgniter\View\View->render('singlesearch', [], true)
 5 APPPATH\Controllers\ProductsController.php(12): view('singlesearch', [...])
 6 SYSTEMPATH\CodeIgniter.php(927): App\Controllers\ProductsController->mp('FCPATH\\lib', 'slick', 'slick-theme.css')
 7 SYSTEMPATH\CodeIgniter.php(482): CodeIgniter\CodeIgniter->runController(Object(App\Controllers\ProductsController))
 8 SYSTEMPATH\CodeIgniter.php(351): CodeIgniter\CodeIgniter->handleRequest(null, Object(Config\Cache), false)
 9 FCPATH\index.php(67): CodeIgniter\CodeIgniter->run()
10 SYSTEMPATH\Commands\Server\rewrite.php(46): require_once('FCPATH\\index.php')
CRITICAL - 2023-02-07 03:51:38 --> Undefined variable $products
in APPPATH\Views\menu\Appliances.php on line 97.
 1 APPPATH\Views\menu\Appliances.php(97): CodeIgniter\Debug\Exceptions->errorHandler(2, 'Undefined variable $products', 'APPPATH\\Views\\menu\\Appliances.php', 97)
 2 SYSTEMPATH\View\View.php(213): include('APPPATH\\Views\\menu\\Appliances.php')
 3 SYSTEMPATH\View\View.php(216): CodeIgniter\View\View->CodeIgniter\View\{closure}()
 4 SYSTEMPATH\Common.php(1134): CodeIgniter\View\View->render('menu/Appliances', [], true)
 5 APPPATH\Controllers\Home.php(126): view('menu/Appliances')
 6 SYSTEMPATH\CodeIgniter.php(927): App\Controllers\Home->Appliances()
 7 SYSTEMPATH\CodeIgniter.php(482): CodeIgniter\CodeIgniter->runController(Object(App\Controllers\Home))
 8 SYSTEMPATH\CodeIgniter.php(351): CodeIgniter\CodeIgniter->handleRequest(null, Object(Config\Cache), false)
 9 FCPATH\index.php(67): CodeIgniter\CodeIgniter->run()
10 SYSTEMPATH\Commands\Server\rewrite.php(46): require_once('FCPATH\\index.php')
CRITICAL - 2023-02-07 03:54:18 --> Undefined variable $products
in APPPATH\Views\menu\Appliances.php on line 97.
 1 APPPATH\Views\menu\Appliances.php(97): CodeIgniter\Debug\Exceptions->errorHandler(2, 'Undefined variable $products', 'APPPATH\\Views\\menu\\Appliances.php', 97)
 2 SYSTEMPATH\View\View.php(213): include('APPPATH\\Views\\menu\\Appliances.php')
 3 SYSTEMPATH\View\View.php(216): CodeIgniter\View\View->CodeIgniter\View\{closure}()
 4 SYSTEMPATH\Common.php(1134): CodeIgniter\View\View->render('menu/Appliances', [], true)
 5 APPPATH\Controllers\Home.php(89): view('menu/Appliances')
 6 SYSTEMPATH\CodeIgniter.php(927): App\Controllers\Home->Appliances()
 7 SYSTEMPATH\CodeIgniter.php(482): CodeIgniter\CodeIgniter->runController(Object(App\Controllers\Home))
 8 SYSTEMPATH\CodeIgniter.php(351): CodeIgniter\CodeIgniter->handleRequest(null, Object(Config\Cache), false)
 9 FCPATH\index.php(67): CodeIgniter\CodeIgniter->run()
10 SYSTEMPATH\Commands\Server\rewrite.php(46): require_once('FCPATH\\index.php')
CRITICAL - 2023-02-07 03:55:32 --> Undefined variable $products
in APPPATH\Views\menu\Appliances.php on line 97.
 1 APPPATH\Views\menu\Appliances.php(97): CodeIgniter\Debug\Exceptions->errorHandler(2, 'Undefined variable $products', 'APPPATH\\Views\\menu\\Appliances.php', 97)
 2 SYSTEMPATH\View\View.php(213): include('APPPATH\\Views\\menu\\Appliances.php')
 3 SYSTEMPATH\View\View.php(216): CodeIgniter\View\View->CodeIgniter\View\{closure}()
 4 SYSTEMPATH\Common.php(1134): CodeIgniter\View\View->render('menu/Appliances', [], true)
 5 APPPATH\Controllers\Home.php(89): view('menu/Appliances')
 6 SYSTEMPATH\CodeIgniter.php(927): App\Controllers\Home->Appliances()
 7 SYSTEMPATH\CodeIgniter.php(482): CodeIgniter\CodeIgniter->runController(Object(App\Controllers\Home))
 8 SYSTEMPATH\CodeIgniter.php(351): CodeIgniter\CodeIgniter->handleRequest(null, Object(Config\Cache), false)
 9 FCPATH\index.php(67): CodeIgniter\CodeIgniter->run()
10 SYSTEMPATH\Commands\Server\rewrite.php(46): require_once('FCPATH\\index.php')
CRITICAL - 2023-02-07 03:57:54 --> Undefined variable $products
in APPPATH\Views\menu\GadgetsAccessories.php on line 97.
 1 APPPATH\Views\menu\GadgetsAccessories.php(97): CodeIgniter\Debug\Exceptions->errorHandler(2, 'Undefined variable $products', 'APPPATH\\Views\\menu\\GadgetsAccessories.php', 97)
 2 SYSTEMPATH\View\View.php(213): include('APPPATH\\Views\\menu\\GadgetsAccessories.php')
 3 SYSTEMPATH\View\View.php(216): CodeIgniter\View\View->CodeIgniter\View\{closure}()
 4 SYSTEMPATH\Common.php(1134): CodeIgniter\View\View->render('menu/GadgetsAccessories', [], true)
 5 APPPATH\Controllers\Home.php(97): view('menu/GadgetsAccessories')
 6 SYSTEMPATH\CodeIgniter.php(927): App\Controllers\Home->GadgetsAccessories()
 7 SYSTEMPATH\CodeIgniter.php(482): CodeIgniter\CodeIgniter->runController(Object(App\Controllers\Home))
 8 SYSTEMPATH\CodeIgniter.php(351): CodeIgniter\CodeIgniter->handleRequest(null, Object(Config\Cache), false)
 9 FCPATH\index.php(67): CodeIgniter\CodeIgniter->run()
10 SYSTEMPATH\Commands\Server\rewrite.php(46): require_once('FCPATH\\index.php')
ERROR - 2023-02-07 04:40:35 --> Email: Unable to send email using SMTP. Your server might not be configured to send mail using this method.
ERROR - 2023-02-07 04:40:35 --> 220 smtp.gmail.com ESMTP e9-20020a170902784900b00194c82c2a7bsm8506119pln.224 - gsmtp

hello: 250-smtp.gmail.com at your service, [2001:4453:6e0:2200:e5ec:5b0:c9de:df3]
250-SIZE 35882577
250-8BITMIME
250-STARTTLS
250-ENHANCEDSTATUSCODES
250-PIPELINING
250-CHUNKING
250 SMTPUTF8

starttls: 220 2.0.0 Ready to start TLS

hello: 250-smtp.gmail.com at your service, [2001:4453:6e0:2200:e5ec:5b0:c9de:df3]
250-SIZE 35882577
250-8BITMIME
250-AUTH LOGIN PLAIN XOAUTH2 PLAIN-CLIENTTOKEN OAUTHBEARER XOAUTH
250-ENHANCEDSTATUSCODES
250-PIPELINING
250-CHUNKING
250 SMTPUTF8

Failed to authenticate password. Error: 535-5.7.8 Username and Password not accepted. Learn more at
535 5.7.8  https://support.google.com/mail/?p=BadCredentials e9-20020a170902784900b00194c82c2a7bsm8506119pln.224 - gsmtp

ERROR - 2023-02-07 04:43:16 --> Email: Unable to send email using SMTP. Your server might not be configured to send mail using this method.
ERROR - 2023-02-07 04:43:16 --> 220 smtp.gmail.com ESMTP x4-20020a17090a6c0400b0022bfaf41662sm5699716pjj.46 - gsmtp

hello: 250-smtp.gmail.com at your service, [2001:4453:6e0:2200:e5ec:5b0:c9de:df3]
250-SIZE 35882577
250-8BITMIME
250-STARTTLS
250-ENHANCEDSTATUSCODES
250-PIPELINING
250-CHUNKING
250 SMTPUTF8

starttls: 220 2.0.0 Ready to start TLS

hello: 250-smtp.gmail.com at your service, [2001:4453:6e0:2200:e5ec:5b0:c9de:df3]
250-SIZE 35882577
250-8BITMIME
250-AUTH LOGIN PLAIN XOAUTH2 PLAIN-CLIENTTOKEN OAUTHBEARER XOAUTH
250-ENHANCEDSTATUSCODES
250-PIPELINING
250-CHUNKING
250 SMTPUTF8

Failed to authenticate password. Error: 535-5.7.8 Username and Password not accepted. Learn more at
535 5.7.8  https://support.google.com/mail/?p=BadCredentials x4-20020a17090a6c0400b0022bfaf41662sm5699716pjj.46 - gsmtp

ERROR - 2023-02-07 04:47:18 --> Email: Unable to send email using SMTP. Your server might not be configured to send mail using this method.
ERROR - 2023-02-07 04:47:18 --> 220 smtp.gmail.com ESMTP jl24-20020a170903135800b00196503444b0sm8629358plb.43 - gsmtp

hello: 250-smtp.gmail.com at your service, [2001:4453:6e0:2200:e5ec:5b0:c9de:df3]
250-SIZE 35882577
250-8BITMIME
250-STARTTLS
250-ENHANCEDSTATUSCODES
250-PIPELINING
250-CHUNKING
250 SMTPUTF8

starttls: 220 2.0.0 Ready to start TLS

hello: 250-smtp.gmail.com at your service, [2001:4453:6e0:2200:e5ec:5b0:c9de:df3]
250-SIZE 35882577
250-8BITMIME
250-AUTH LOGIN PLAIN XOAUTH2 PLAIN-CLIENTTOKEN OAUTHBEARER XOAUTH
250-ENHANCEDSTATUSCODES
250-PIPELINING
250-CHUNKING
250 SMTPUTF8

Failed to authenticate password. Error: 535-5.7.8 Username and Password not accepted. Learn more at
535 5.7.8  https://support.google.com/mail/?p=BadCredentials jl24-20020a170903135800b00196503444b0sm8629358plb.43 - gsmtp

ERROR - 2023-02-07 04:49:04 --> Email: Unable to send email using SMTP. Your server might not be configured to send mail using this method.
ERROR - 2023-02-07 04:49:04 --> 220 smtp.gmail.com ESMTP f21-20020a170902ab9500b0019922187514sm1266291plr.229 - gsmtp

hello: 250-smtp.gmail.com at your service, [2001:4453:6e0:2200:e5ec:5b0:c9de:df3]
250-SIZE 35882577
250-8BITMIME
250-STARTTLS
250-ENHANCEDSTATUSCODES
250-PIPELINING
250-CHUNKING
250 SMTPUTF8

starttls: 220 2.0.0 Ready to start TLS

hello: 250-smtp.gmail.com at your service, [2001:4453:6e0:2200:e5ec:5b0:c9de:df3]
250-SIZE 35882577
250-8BITMIME
250-AUTH LOGIN PLAIN XOAUTH2 PLAIN-CLIENTTOKEN OAUTHBEARER XOAUTH
250-ENHANCEDSTATUSCODES
250-PIPELINING
250-CHUNKING
250 SMTPUTF8

Failed to authenticate password. Error: 535-5.7.8 Username and Password not accepted. Learn more at
535 5.7.8  https://support.google.com/mail/?p=BadCredentials f21-20020a170902ab9500b0019922187514sm1266291plr.229 - gsmtp

CRITICAL - 2023-02-07 05:10:21 --> Trying to access array offset on value of type null
in APPPATH\Views\singlesearch.php on line 204.
 1 APPPATH\Views\singlesearch.php(204): CodeIgniter\Debug\Exceptions->errorHandler(2, 'Trying to access array offset on value of type null', 'APPPATH\\Views\\singlesearch.php', 204)
 2 SYSTEMPATH\View\View.php(213): include('APPPATH\\Views\\singlesearch.php')
 3 SYSTEMPATH\View\View.php(216): CodeIgniter\View\View->CodeIgniter\View\{closure}()
 4 SYSTEMPATH\Common.php(1134): CodeIgniter\View\View->render('singlesearch', [], true)
 5 APPPATH\Controllers\ProductsController.php(12): view('singlesearch', [...])
 6 SYSTEMPATH\CodeIgniter.php(927): App\Controllers\ProductsController->mp('FCPATH\\lib', 'slick', 'slick.css')
 7 SYSTEMPATH\CodeIgniter.php(482): CodeIgniter\CodeIgniter->runController(Object(App\Controllers\ProductsController))
 8 SYSTEMPATH\CodeIgniter.php(351): CodeIgniter\CodeIgniter->handleRequest(null, Object(Config\Cache), false)
 9 FCPATH\index.php(67): CodeIgniter\CodeIgniter->run()
10 SYSTEMPATH\Commands\Server\rewrite.php(46): require_once('FCPATH\\index.php')
CRITICAL - 2023-02-07 05:10:21 --> Trying to access array offset on value of type null
in APPPATH\Views\singlesearch.php on line 204.
 1 APPPATH\Views\singlesearch.php(204): CodeIgniter\Debug\Exceptions->errorHandler(2, 'Trying to access array offset on value of type null', 'APPPATH\\Views\\singlesearch.php', 204)
 2 SYSTEMPATH\View\View.php(213): include('APPPATH\\Views\\singlesearch.php')
 3 SYSTEMPATH\View\View.php(216): CodeIgniter\View\View->CodeIgniter\View\{closure}()
 4 SYSTEMPATH\Common.php(1134): CodeIgniter\View\View->render('singlesearch', [], true)
 5 APPPATH\Controllers\ProductsController.php(12): view('singlesearch', [...])
 6 SYSTEMPATH\CodeIgniter.php(927): App\Controllers\ProductsController->mp('FCPATH\\lib', 'slick', 'slick-theme.css')
 7 SYSTEMPATH\CodeIgniter.php(482): CodeIgniter\CodeIgniter->runController(Object(App\Controllers\ProductsController))
 8 SYSTEMPATH\CodeIgniter.php(351): CodeIgniter\CodeIgniter->handleRequest(null, Object(Config\Cache), false)
 9 FCPATH\index.php(67): CodeIgniter\CodeIgniter->run()
10 SYSTEMPATH\Commands\Server\rewrite.php(46): require_once('FCPATH\\index.php')
CRITICAL - 2023-02-07 05:10:29 --> Trying to access array offset on value of type null
in APPPATH\Views\singlesearch.php on line 204.
 1 APPPATH\Views\singlesearch.php(204): CodeIgniter\Debug\Exceptions->errorHandler(2, 'Trying to access array offset on value of type null', 'APPPATH\\Views\\singlesearch.php', 204)
 2 SYSTEMPATH\View\View.php(213): include('APPPATH\\Views\\singlesearch.php')
 3 SYSTEMPATH\View\View.php(216): CodeIgniter\View\View->CodeIgniter\View\{closure}()
 4 SYSTEMPATH\Common.php(1134): CodeIgniter\View\View->render('singlesearch', [], true)
 5 APPPATH\Controllers\ProductsController.php(12): view('singlesearch', [...])
 6 SYSTEMPATH\CodeIgniter.php(927): App\Controllers\ProductsController->mp('FCPATH\\lib', 'slick', 'slick.css')
 7 SYSTEMPATH\CodeIgniter.php(482): CodeIgniter\CodeIgniter->runController(Object(App\Controllers\ProductsController))
 8 SYSTEMPATH\CodeIgniter.php(351): CodeIgniter\CodeIgniter->handleRequest(null, Object(Config\Cache), false)
 9 FCPATH\index.php(67): CodeIgniter\CodeIgniter->run()
10 SYSTEMPATH\Commands\Server\rewrite.php(46): require_once('FCPATH\\index.php')
CRITICAL - 2023-02-07 05:10:29 --> Trying to access array offset on value of type null
in APPPATH\Views\singlesearch.php on line 204.
 1 APPPATH\Views\singlesearch.php(204): CodeIgniter\Debug\Exceptions->errorHandler(2, 'Trying to access array offset on value of type null', 'APPPATH\\Views\\singlesearch.php', 204)
 2 SYSTEMPATH\View\View.php(213): include('APPPATH\\Views\\singlesearch.php')
 3 SYSTEMPATH\View\View.php(216): CodeIgniter\View\View->CodeIgniter\View\{closure}()
 4 SYSTEMPATH\Common.php(1134): CodeIgniter\View\View->render('singlesearch', [], true)
 5 APPPATH\Controllers\ProductsController.php(12): view('singlesearch', [...])
 6 SYSTEMPATH\CodeIgniter.php(927): App\Controllers\ProductsController->mp('FCPATH\\lib', 'slick', 'slick-theme.css')
 7 SYSTEMPATH\CodeIgniter.php(482): CodeIgniter\CodeIgniter->runController(Object(App\Controllers\ProductsController))
 8 SYSTEMPATH\CodeIgniter.php(351): CodeIgniter\CodeIgniter->handleRequest(null, Object(Config\Cache), false)
 9 FCPATH\index.php(67): CodeIgniter\CodeIgniter->run()
10 SYSTEMPATH\Commands\Server\rewrite.php(46): require_once('FCPATH\\index.php')
CRITICAL - 2023-02-07 05:10:56 --> Trying to access array offset on value of type null
in APPPATH\Views\singlesearch.php on line 204.
 1 APPPATH\Views\singlesearch.php(204): CodeIgniter\Debug\Exceptions->errorHandler(2, 'Trying to access array offset on value of type null', 'APPPATH\\Views\\singlesearch.php', 204)
 2 SYSTEMPATH\View\View.php(213): include('APPPATH\\Views\\singlesearch.php')
 3 SYSTEMPATH\View\View.php(216): CodeIgniter\View\View->CodeIgniter\View\{closure}()
 4 SYSTEMPATH\Common.php(1134): CodeIgniter\View\View->render('singlesearch', [], true)
 5 APPPATH\Controllers\ProductsController.php(12): view('singlesearch', [...])
 6 SYSTEMPATH\CodeIgniter.php(927): App\Controllers\ProductsController->mp('FCPATH\\lib', 'slick', 'slick.css')
 7 SYSTEMPATH\CodeIgniter.php(482): CodeIgniter\CodeIgniter->runController(Object(App\Controllers\ProductsController))
 8 SYSTEMPATH\CodeIgniter.php(351): CodeIgniter\CodeIgniter->handleRequest(null, Object(Config\Cache), false)
 9 FCPATH\index.php(67): CodeIgniter\CodeIgniter->run()
10 SYSTEMPATH\Commands\Server\rewrite.php(46): require_once('FCPATH\\index.php')
CRITICAL - 2023-02-07 05:10:56 --> Trying to access array offset on value of type null
in APPPATH\Views\singlesearch.php on line 204.
 1 APPPATH\Views\singlesearch.php(204): CodeIgniter\Debug\Exceptions->errorHandler(2, 'Trying to access array offset on value of type null', 'APPPATH\\Views\\singlesearch.php', 204)
 2 SYSTEMPATH\View\View.php(213): include('APPPATH\\Views\\singlesearch.php')
 3 SYSTEMPATH\View\View.php(216): CodeIgniter\View\View->CodeIgniter\View\{closure}()
 4 SYSTEMPATH\Common.php(1134): CodeIgniter\View\View->render('singlesearch', [], true)
 5 APPPATH\Controllers\ProductsController.php(12): view('singlesearch', [...])
 6 SYSTEMPATH\CodeIgniter.php(927): App\Controllers\ProductsController->mp('FCPATH\\lib', 'slick', 'slick-theme.css')
 7 SYSTEMPATH\CodeIgniter.php(482): CodeIgniter\CodeIgniter->runController(Object(App\Controllers\ProductsController))
 8 SYSTEMPATH\CodeIgniter.php(351): CodeIgniter\CodeIgniter->handleRequest(null, Object(Config\Cache), false)
 9 FCPATH\index.php(67): CodeIgniter\CodeIgniter->run()
10 SYSTEMPATH\Commands\Server\rewrite.php(46): require_once('FCPATH\\index.php')
CRITICAL - 2023-02-07 05:11:12 --> Trying to access array offset on value of type null
in APPPATH\Views\singlesearch.php on line 203.
 1 APPPATH\Views\singlesearch.php(203): CodeIgniter\Debug\Exceptions->errorHandler(2, 'Trying to access array offset on value of type null', 'APPPATH\\Views\\singlesearch.php', 203)
 2 SYSTEMPATH\View\View.php(213): include('APPPATH\\Views\\singlesearch.php')
 3 SYSTEMPATH\View\View.php(216): CodeIgniter\View\View->CodeIgniter\View\{closure}()
 4 SYSTEMPATH\Common.php(1134): CodeIgniter\View\View->render('singlesearch', [], true)
 5 APPPATH\Controllers\ProductsController.php(12): view('singlesearch', [...])
 6 SYSTEMPATH\CodeIgniter.php(927): App\Controllers\ProductsController->mp('FCPATH\\lib', 'slick', 'slick.css')
 7 SYSTEMPATH\CodeIgniter.php(482): CodeIgniter\CodeIgniter->runController(Object(App\Controllers\ProductsController))
 8 SYSTEMPATH\CodeIgniter.php(351): CodeIgniter\CodeIgniter->handleRequest(null, Object(Config\Cache), false)
 9 FCPATH\index.php(67): CodeIgniter\CodeIgniter->run()
10 SYSTEMPATH\Commands\Server\rewrite.php(46): require_once('FCPATH\\index.php')
CRITICAL - 2023-02-07 05:11:12 --> Trying to access array offset on value of type null
in APPPATH\Views\singlesearch.php on line 203.
 1 APPPATH\Views\singlesearch.php(203): CodeIgniter\Debug\Exceptions->errorHandler(2, 'Trying to access array offset on value of type null', 'APPPATH\\Views\\singlesearch.php', 203)
 2 SYSTEMPATH\View\View.php(213): include('APPPATH\\Views\\singlesearch.php')
 3 SYSTEMPATH\View\View.php(216): CodeIgniter\View\View->CodeIgniter\View\{closure}()
 4 SYSTEMPATH\Common.php(1134): CodeIgniter\View\View->render('singlesearch', [], true)
 5 APPPATH\Controllers\ProductsController.php(12): view('singlesearch', [...])
 6 SYSTEMPATH\CodeIgniter.php(927): App\Controllers\ProductsController->mp('FCPATH\\lib', 'slick', 'slick-theme.css')
 7 SYSTEMPATH\CodeIgniter.php(482): CodeIgniter\CodeIgniter->runController(Object(App\Controllers\ProductsController))
 8 SYSTEMPATH\CodeIgniter.php(351): CodeIgniter\CodeIgniter->handleRequest(null, Object(Config\Cache), false)
 9 FCPATH\index.php(67): CodeIgniter\CodeIgniter->run()
10 SYSTEMPATH\Commands\Server\rewrite.php(46): require_once('FCPATH\\index.php')
CRITICAL - 2023-02-07 05:11:37 --> Trying to access array offset on value of type null
in APPPATH\Views\singlesearch.php on line 203.
 1 APPPATH\Views\singlesearch.php(203): CodeIgniter\Debug\Exceptions->errorHandler(2, 'Trying to access array offset on value of type null', 'APPPATH\\Views\\singlesearch.php', 203)
 2 SYSTEMPATH\View\View.php(213): include('APPPATH\\Views\\singlesearch.php')
 3 SYSTEMPATH\View\View.php(216): CodeIgniter\View\View->CodeIgniter\View\{closure}()
 4 SYSTEMPATH\Common.php(1134): CodeIgniter\View\View->render('singlesearch', [], true)
 5 APPPATH\Controllers\ProductsController.php(12): view('singlesearch', [...])
 6 SYSTEMPATH\CodeIgniter.php(927): App\Controllers\ProductsController->mp('FCPATH\\lib', 'slick', 'slick.css')
 7 SYSTEMPATH\CodeIgniter.php(482): CodeIgniter\CodeIgniter->runController(Object(App\Controllers\ProductsController))
 8 SYSTEMPATH\CodeIgniter.php(351): CodeIgniter\CodeIgniter->handleRequest(null, Object(Config\Cache), false)
 9 FCPATH\index.php(67): CodeIgniter\CodeIgniter->run()
10 SYSTEMPATH\Commands\Server\rewrite.php(46): require_once('FCPATH\\index.php')
CRITICAL - 2023-02-07 05:11:38 --> Trying to access array offset on value of type null
in APPPATH\Views\singlesearch.php on line 203.
 1 APPPATH\Views\singlesearch.php(203): CodeIgniter\Debug\Exceptions->errorHandler(2, 'Trying to access array offset on value of type null', 'APPPATH\\Views\\singlesearch.php', 203)
 2 SYSTEMPATH\View\View.php(213): include('APPPATH\\Views\\singlesearch.php')
 3 SYSTEMPATH\View\View.php(216): CodeIgniter\View\View->CodeIgniter\View\{closure}()
 4 SYSTEMPATH\Common.php(1134): CodeIgniter\View\View->render('singlesearch', [], true)
 5 APPPATH\Controllers\ProductsController.php(12): view('singlesearch', [...])
 6 SYSTEMPATH\CodeIgniter.php(927): App\Controllers\ProductsController->mp('FCPATH\\lib', 'slick', 'slick-theme.css')
 7 SYSTEMPATH\CodeIgniter.php(482): CodeIgniter\CodeIgniter->runController(Object(App\Controllers\ProductsController))
 8 SYSTEMPATH\CodeIgniter.php(351): CodeIgniter\CodeIgniter->handleRequest(null, Object(Config\Cache), false)
 9 FCPATH\index.php(67): CodeIgniter\CodeIgniter->run()
10 SYSTEMPATH\Commands\Server\rewrite.php(46): require_once('FCPATH\\index.php')
CRITICAL - 2023-02-07 05:12:39 --> Trying to access array offset on value of type null
in APPPATH\Views\singlesearch.php on line 203.
 1 APPPATH\Views\singlesearch.php(203): CodeIgniter\Debug\Exceptions->errorHandler(2, 'Trying to access array offset on value of type null', 'APPPATH\\Views\\singlesearch.php', 203)
 2 SYSTEMPATH\View\View.php(213): include('APPPATH\\Views\\singlesearch.php')
 3 SYSTEMPATH\View\View.php(216): CodeIgniter\View\View->CodeIgniter\View\{closure}()
 4 SYSTEMPATH\Common.php(1134): CodeIgniter\View\View->render('singlesearch', [], true)
 5 APPPATH\Controllers\ProductsController.php(12): view('singlesearch', [...])
 6 SYSTEMPATH\CodeIgniter.php(927): App\Controllers\ProductsController->mp('FCPATH\\lib', 'slick', 'slick.css')
 7 SYSTEMPATH\CodeIgniter.php(482): CodeIgniter\CodeIgniter->runController(Object(App\Controllers\ProductsController))
 8 SYSTEMPATH\CodeIgniter.php(351): CodeIgniter\CodeIgniter->handleRequest(null, Object(Config\Cache), false)
 9 FCPATH\index.php(67): CodeIgniter\CodeIgniter->run()
10 SYSTEMPATH\Commands\Server\rewrite.php(46): require_once('FCPATH\\index.php')
CRITICAL - 2023-02-07 05:12:40 --> Trying to access array offset on value of type null
in APPPATH\Views\singlesearch.php on line 203.
 1 APPPATH\Views\singlesearch.php(203): CodeIgniter\Debug\Exceptions->errorHandler(2, 'Trying to access array offset on value of type null', 'APPPATH\\Views\\singlesearch.php', 203)
 2 SYSTEMPATH\View\View.php(213): include('APPPATH\\Views\\singlesearch.php')
 3 SYSTEMPATH\View\View.php(216): CodeIgniter\View\View->CodeIgniter\View\{closure}()
 4 SYSTEMPATH\Common.php(1134): CodeIgniter\View\View->render('singlesearch', [], true)
 5 APPPATH\Controllers\ProductsController.php(12): view('singlesearch', [...])
 6 SYSTEMPATH\CodeIgniter.php(927): App\Controllers\ProductsController->mp('FCPATH\\lib', 'slick', 'slick-theme.css')
 7 SYSTEMPATH\CodeIgniter.php(482): CodeIgniter\CodeIgniter->runController(Object(App\Controllers\ProductsController))
 8 SYSTEMPATH\CodeIgniter.php(351): CodeIgniter\CodeIgniter->handleRequest(null, Object(Config\Cache), false)
 9 FCPATH\index.php(67): CodeIgniter\CodeIgniter->run()
10 SYSTEMPATH\Commands\Server\rewrite.php(46): require_once('FCPATH\\index.php')
CRITICAL - 2023-02-07 05:12:47 --> Trying to access array offset on value of type null
in APPPATH\Views\singlesearch.php on line 203.
 1 APPPATH\Views\singlesearch.php(203): CodeIgniter\Debug\Exceptions->errorHandler(2, 'Trying to access array offset on value of type null', 'APPPATH\\Views\\singlesearch.php', 203)
 2 SYSTEMPATH\View\View.php(213): include('APPPATH\\Views\\singlesearch.php')
 3 SYSTEMPATH\View\View.php(216): CodeIgniter\View\View->CodeIgniter\View\{closure}()
 4 SYSTEMPATH\Common.php(1134): CodeIgniter\View\View->render('singlesearch', [], true)
 5 APPPATH\Controllers\ProductsController.php(12): view('singlesearch', [...])
 6 SYSTEMPATH\CodeIgniter.php(927): App\Controllers\ProductsController->mp('FCPATH\\lib', 'slick', 'slick.css')
 7 SYSTEMPATH\CodeIgniter.php(482): CodeIgniter\CodeIgniter->runController(Object(App\Controllers\ProductsController))
 8 SYSTEMPATH\CodeIgniter.php(351): CodeIgniter\CodeIgniter->handleRequest(null, Object(Config\Cache), false)
 9 FCPATH\index.php(67): CodeIgniter\CodeIgniter->run()
10 SYSTEMPATH\Commands\Server\rewrite.php(46): require_once('FCPATH\\index.php')
CRITICAL - 2023-02-07 05:12:47 --> Trying to access array offset on value of type null
in APPPATH\Views\singlesearch.php on line 203.
 1 APPPATH\Views\singlesearch.php(203): CodeIgniter\Debug\Exceptions->errorHandler(2, 'Trying to access array offset on value of type null', 'APPPATH\\Views\\singlesearch.php', 203)
 2 SYSTEMPATH\View\View.php(213): include('APPPATH\\Views\\singlesearch.php')
 3 SYSTEMPATH\View\View.php(216): CodeIgniter\View\View->CodeIgniter\View\{closure}()
 4 SYSTEMPATH\Common.php(1134): CodeIgniter\View\View->render('singlesearch', [], true)
 5 APPPATH\Controllers\ProductsController.php(12): view('singlesearch', [...])
 6 SYSTEMPATH\CodeIgniter.php(927): App\Controllers\ProductsController->mp('FCPATH\\lib', 'slick', 'slick-theme.css')
 7 SYSTEMPATH\CodeIgniter.php(482): CodeIgniter\CodeIgniter->runController(Object(App\Controllers\ProductsController))
 8 SYSTEMPATH\CodeIgniter.php(351): CodeIgniter\CodeIgniter->handleRequest(null, Object(Config\Cache), false)
 9 FCPATH\index.php(67): CodeIgniter\CodeIgniter->run()
10 SYSTEMPATH\Commands\Server\rewrite.php(46): require_once('FCPATH\\index.php')
CRITICAL - 2023-02-07 05:19:04 --> Trying to access array offset on value of type null
in APPPATH\Views\singlesearch.php on line 203.
 1 APPPATH\Views\singlesearch.php(203): CodeIgniter\Debug\Exceptions->errorHandler(2, 'Trying to access array offset on value of type null', 'APPPATH\\Views\\singlesearch.php', 203)
 2 SYSTEMPATH\View\View.php(213): include('APPPATH\\Views\\singlesearch.php')
 3 SYSTEMPATH\View\View.php(216): CodeIgniter\View\View->CodeIgniter\View\{closure}()
 4 SYSTEMPATH\Common.php(1134): CodeIgniter\View\View->render('singlesearch', [], true)
 5 APPPATH\Controllers\ProductsController.php(12): view('singlesearch', [...])
 6 SYSTEMPATH\CodeIgniter.php(927): App\Controllers\ProductsController->mp('FCPATH\\lib', 'slick', 'slick.css')
 7 SYSTEMPATH\CodeIgniter.php(482): CodeIgniter\CodeIgniter->runController(Object(App\Controllers\ProductsController))
 8 SYSTEMPATH\CodeIgniter.php(351): CodeIgniter\CodeIgniter->handleRequest(null, Object(Config\Cache), false)
 9 FCPATH\index.php(67): CodeIgniter\CodeIgniter->run()
10 SYSTEMPATH\Commands\Server\rewrite.php(46): require_once('FCPATH\\index.php')
CRITICAL - 2023-02-07 05:19:05 --> Trying to access array offset on value of type null
in APPPATH\Views\singlesearch.php on line 203.
 1 APPPATH\Views\singlesearch.php(203): CodeIgniter\Debug\Exceptions->errorHandler(2, 'Trying to access array offset on value of type null', 'APPPATH\\Views\\singlesearch.php', 203)
 2 SYSTEMPATH\View\View.php(213): include('APPPATH\\Views\\singlesearch.php')
 3 SYSTEMPATH\View\View.php(216): CodeIgniter\View\View->CodeIgniter\View\{closure}()
 4 SYSTEMPATH\Common.php(1134): CodeIgniter\View\View->render('singlesearch', [], true)
 5 APPPATH\Controllers\ProductsController.php(12): view('singlesearch', [...])
 6 SYSTEMPATH\CodeIgniter.php(927): App\Controllers\ProductsController->mp('FCPATH\\lib', 'slick', 'slick-theme.css')
 7 SYSTEMPATH\CodeIgniter.php(482): CodeIgniter\CodeIgniter->runController(Object(App\Controllers\ProductsController))
 8 SYSTEMPATH\CodeIgniter.php(351): CodeIgniter\CodeIgniter->handleRequest(null, Object(Config\Cache), false)
 9 FCPATH\index.php(67): CodeIgniter\CodeIgniter->run()
10 SYSTEMPATH\Commands\Server\rewrite.php(46): require_once('FCPATH\\index.php')
CRITICAL - 2023-02-07 05:19:30 --> Trying to access array offset on value of type null
in APPPATH\Views\singlesearch.php on line 203.
 1 APPPATH\Views\singlesearch.php(203): CodeIgniter\Debug\Exceptions->errorHandler(2, 'Trying to access array offset on value of type null', 'APPPATH\\Views\\singlesearch.php', 203)
 2 SYSTEMPATH\View\View.php(213): include('APPPATH\\Views\\singlesearch.php')
 3 SYSTEMPATH\View\View.php(216): CodeIgniter\View\View->CodeIgniter\View\{closure}()
 4 SYSTEMPATH\Common.php(1134): CodeIgniter\View\View->render('singlesearch', [], true)
 5 APPPATH\Controllers\ProductsController.php(12): view('singlesearch', [...])
 6 SYSTEMPATH\CodeIgniter.php(927): App\Controllers\ProductsController->mp('FCPATH\\lib', 'slick', 'slick.css')
 7 SYSTEMPATH\CodeIgniter.php(482): CodeIgniter\CodeIgniter->runController(Object(App\Controllers\ProductsController))
 8 SYSTEMPATH\CodeIgniter.php(351): CodeIgniter\CodeIgniter->handleRequest(null, Object(Config\Cache), false)
 9 FCPATH\index.php(67): CodeIgniter\CodeIgniter->run()
10 SYSTEMPATH\Commands\Server\rewrite.php(46): require_once('FCPATH\\index.php')
CRITICAL - 2023-02-07 05:19:30 --> Trying to access array offset on value of type null
in APPPATH\Views\singlesearch.php on line 203.
 1 APPPATH\Views\singlesearch.php(203): CodeIgniter\Debug\Exceptions->errorHandler(2, 'Trying to access array offset on value of type null', 'APPPATH\\Views\\singlesearch.php', 203)
 2 SYSTEMPATH\View\View.php(213): include('APPPATH\\Views\\singlesearch.php')
 3 SYSTEMPATH\View\View.php(216): CodeIgniter\View\View->CodeIgniter\View\{closure}()
 4 SYSTEMPATH\Common.php(1134): CodeIgniter\View\View->render('singlesearch', [], true)
 5 APPPATH\Controllers\ProductsController.php(12): view('singlesearch', [...])
 6 SYSTEMPATH\CodeIgniter.php(927): App\Controllers\ProductsController->mp('FCPATH\\lib', 'slick', 'slick-theme.css')
 7 SYSTEMPATH\CodeIgniter.php(482): CodeIgniter\CodeIgniter->runController(Object(App\Controllers\ProductsController))
 8 SYSTEMPATH\CodeIgniter.php(351): CodeIgniter\CodeIgniter->handleRequest(null, Object(Config\Cache), false)
 9 FCPATH\index.php(67): CodeIgniter\CodeIgniter->run()
10 SYSTEMPATH\Commands\Server\rewrite.php(46): require_once('FCPATH\\index.php')
CRITICAL - 2023-02-07 05:19:36 --> Trying to access array offset on value of type null
in APPPATH\Views\singlesearch.php on line 203.
 1 APPPATH\Views\singlesearch.php(203): CodeIgniter\Debug\Exceptions->errorHandler(2, 'Trying to access array offset on value of type null', 'APPPATH\\Views\\singlesearch.php', 203)
 2 SYSTEMPATH\View\View.php(213): include('APPPATH\\Views\\singlesearch.php')
 3 SYSTEMPATH\View\View.php(216): CodeIgniter\View\View->CodeIgniter\View\{closure}()
 4 SYSTEMPATH\Common.php(1134): CodeIgniter\View\View->render('singlesearch', [], true)
 5 APPPATH\Controllers\ProductsController.php(12): view('singlesearch', [...])
 6 SYSTEMPATH\CodeIgniter.php(927): App\Controllers\ProductsController->mp('FCPATH\\lib', 'slick', 'slick.css')
 7 SYSTEMPATH\CodeIgniter.php(482): CodeIgniter\CodeIgniter->runController(Object(App\Controllers\ProductsController))
 8 SYSTEMPATH\CodeIgniter.php(351): CodeIgniter\CodeIgniter->handleRequest(null, Object(Config\Cache), false)
 9 FCPATH\index.php(67): CodeIgniter\CodeIgniter->run()
10 SYSTEMPATH\Commands\Server\rewrite.php(46): require_once('FCPATH\\index.php')
CRITICAL - 2023-02-07 05:19:36 --> Trying to access array offset on value of type null
in APPPATH\Views\singlesearch.php on line 203.
 1 APPPATH\Views\singlesearch.php(203): CodeIgniter\Debug\Exceptions->errorHandler(2, 'Trying to access array offset on value of type null', 'APPPATH\\Views\\singlesearch.php', 203)
 2 SYSTEMPATH\View\View.php(213): include('APPPATH\\Views\\singlesearch.php')
 3 SYSTEMPATH\View\View.php(216): CodeIgniter\View\View->CodeIgniter\View\{closure}()
 4 SYSTEMPATH\Common.php(1134): CodeIgniter\View\View->render('singlesearch', [], true)
 5 APPPATH\Controllers\ProductsController.php(12): view('singlesearch', [...])
 6 SYSTEMPATH\CodeIgniter.php(927): App\Controllers\ProductsController->mp('FCPATH\\lib', 'slick', 'slick-theme.css')
 7 SYSTEMPATH\CodeIgniter.php(482): CodeIgniter\CodeIgniter->runController(Object(App\Controllers\ProductsController))
 8 SYSTEMPATH\CodeIgniter.php(351): CodeIgniter\CodeIgniter->handleRequest(null, Object(Config\Cache), false)
 9 FCPATH\index.php(67): CodeIgniter\CodeIgniter->run()
10 SYSTEMPATH\Commands\Server\rewrite.php(46): require_once('FCPATH\\index.php')
CRITICAL - 2023-02-07 05:28:38 --> Trying to access array offset on value of type null
in APPPATH\Views\singlesearch.php on line 203.
 1 APPPATH\Views\singlesearch.php(203): CodeIgniter\Debug\Exceptions->errorHandler(2, 'Trying to access array offset on value of type null', 'APPPATH\\Views\\singlesearch.php', 203)
 2 SYSTEMPATH\View\View.php(213): include('APPPATH\\Views\\singlesearch.php')
 3 SYSTEMPATH\View\View.php(216): CodeIgniter\View\View->CodeIgniter\View\{closure}()
 4 SYSTEMPATH\Common.php(1134): CodeIgniter\View\View->render('singlesearch', [], true)
 5 APPPATH\Controllers\ProductsController.php(12): view('singlesearch', [...])
 6 SYSTEMPATH\CodeIgniter.php(927): App\Controllers\ProductsController->mp('FCPATH\\lib', 'slick', 'slick.css')
 7 SYSTEMPATH\CodeIgniter.php(482): CodeIgniter\CodeIgniter->runController(Object(App\Controllers\ProductsController))
 8 SYSTEMPATH\CodeIgniter.php(351): CodeIgniter\CodeIgniter->handleRequest(null, Object(Config\Cache), false)
 9 FCPATH\index.php(67): CodeIgniter\CodeIgniter->run()
10 SYSTEMPATH\Commands\Server\rewrite.php(46): require_once('FCPATH\\index.php')
CRITICAL - 2023-02-07 05:28:38 --> Trying to access array offset on value of type null
in APPPATH\Views\singlesearch.php on line 203.
 1 APPPATH\Views\singlesearch.php(203): CodeIgniter\Debug\Exceptions->errorHandler(2, 'Trying to access array offset on value of type null', 'APPPATH\\Views\\singlesearch.php', 203)
 2 SYSTEMPATH\View\View.php(213): include('APPPATH\\Views\\singlesearch.php')
 3 SYSTEMPATH\View\View.php(216): CodeIgniter\View\View->CodeIgniter\View\{closure}()
 4 SYSTEMPATH\Common.php(1134): CodeIgniter\View\View->render('singlesearch', [], true)
 5 APPPATH\Controllers\ProductsController.php(12): view('singlesearch', [...])
 6 SYSTEMPATH\CodeIgniter.php(927): App\Controllers\ProductsController->mp('FCPATH\\lib', 'slick', 'slick-theme.css')
 7 SYSTEMPATH\CodeIgniter.php(482): CodeIgniter\CodeIgniter->runController(Object(App\Controllers\ProductsController))
 8 SYSTEMPATH\CodeIgniter.php(351): CodeIgniter\CodeIgniter->handleRequest(null, Object(Config\Cache), false)
 9 FCPATH\index.php(67): CodeIgniter\CodeIgniter->run()
10 SYSTEMPATH\Commands\Server\rewrite.php(46): require_once('FCPATH\\index.php')
CRITICAL - 2023-02-07 05:33:11 --> Trying to access array offset on value of type null
in APPPATH\Views\singlesearch.php on line 203.
 1 APPPATH\Views\singlesearch.php(203): CodeIgniter\Debug\Exceptions->errorHandler(2, 'Trying to access array offset on value of type null', 'APPPATH\\Views\\singlesearch.php', 203)
 2 SYSTEMPATH\View\View.php(213): include('APPPATH\\Views\\singlesearch.php')
 3 SYSTEMPATH\View\View.php(216): CodeIgniter\View\View->CodeIgniter\View\{closure}()
 4 SYSTEMPATH\Common.php(1134): CodeIgniter\View\View->render('singlesearch', [], true)
 5 APPPATH\Controllers\ProductsController.php(12): view('singlesearch', [...])
 6 SYSTEMPATH\CodeIgniter.php(927): App\Controllers\ProductsController->mp('FCPATH\\lib', 'slick', 'slick.css')
 7 SYSTEMPATH\CodeIgniter.php(482): CodeIgniter\CodeIgniter->runController(Object(App\Controllers\ProductsController))
 8 SYSTEMPATH\CodeIgniter.php(351): CodeIgniter\CodeIgniter->handleRequest(null, Object(Config\Cache), false)
 9 FCPATH\index.php(67): CodeIgniter\CodeIgniter->run()
10 SYSTEMPATH\Commands\Server\rewrite.php(46): require_once('FCPATH\\index.php')
CRITICAL - 2023-02-07 05:33:11 --> Trying to access array offset on value of type null
in APPPATH\Views\singlesearch.php on line 203.
 1 APPPATH\Views\singlesearch.php(203): CodeIgniter\Debug\Exceptions->errorHandler(2, 'Trying to access array offset on value of type null', 'APPPATH\\Views\\singlesearch.php', 203)
 2 SYSTEMPATH\View\View.php(213): include('APPPATH\\Views\\singlesearch.php')
 3 SYSTEMPATH\View\View.php(216): CodeIgniter\View\View->CodeIgniter\View\{closure}()
 4 SYSTEMPATH\Common.php(1134): CodeIgniter\View\View->render('singlesearch', [], true)
 5 APPPATH\Controllers\ProductsController.php(12): view('singlesearch', [...])
 6 SYSTEMPATH\CodeIgniter.php(927): App\Controllers\ProductsController->mp('FCPATH\\lib', 'slick', 'slick-theme.css')
 7 SYSTEMPATH\CodeIgniter.php(482): CodeIgniter\CodeIgniter->runController(Object(App\Controllers\ProductsController))
 8 SYSTEMPATH\CodeIgniter.php(351): CodeIgniter\CodeIgniter->handleRequest(null, Object(Config\Cache), false)
 9 FCPATH\index.php(67): CodeIgniter\CodeIgniter->run()
10 SYSTEMPATH\Commands\Server\rewrite.php(46): require_once('FCPATH\\index.php')
CRITICAL - 2023-02-07 05:33:44 --> Trying to access array offset on value of type null
in APPPATH\Views\singlesearch.php on line 203.
 1 APPPATH\Views\singlesearch.php(203): CodeIgniter\Debug\Exceptions->errorHandler(2, 'Trying to access array offset on value of type null', 'APPPATH\\Views\\singlesearch.php', 203)
 2 SYSTEMPATH\View\View.php(213): include('APPPATH\\Views\\singlesearch.php')
 3 SYSTEMPATH\View\View.php(216): CodeIgniter\View\View->CodeIgniter\View\{closure}()
 4 SYSTEMPATH\Common.php(1134): CodeIgniter\View\View->render('singlesearch', [], true)
 5 APPPATH\Controllers\ProductsController.php(12): view('singlesearch', [...])
 6 SYSTEMPATH\CodeIgniter.php(927): App\Controllers\ProductsController->mp('FCPATH\\lib', 'slick', 'slick.css')
 7 SYSTEMPATH\CodeIgniter.php(482): CodeIgniter\CodeIgniter->runController(Object(App\Controllers\ProductsController))
 8 SYSTEMPATH\CodeIgniter.php(351): CodeIgniter\CodeIgniter->handleRequest(null, Object(Config\Cache), false)
 9 FCPATH\index.php(67): CodeIgniter\CodeIgniter->run()
10 SYSTEMPATH\Commands\Server\rewrite.php(46): require_once('FCPATH\\index.php')
CRITICAL - 2023-02-07 05:33:45 --> Trying to access array offset on value of type null
in APPPATH\Views\singlesearch.php on line 203.
 1 APPPATH\Views\singlesearch.php(203): CodeIgniter\Debug\Exceptions->errorHandler(2, 'Trying to access array offset on value of type null', 'APPPATH\\Views\\singlesearch.php', 203)
 2 SYSTEMPATH\View\View.php(213): include('APPPATH\\Views\\singlesearch.php')
 3 SYSTEMPATH\View\View.php(216): CodeIgniter\View\View->CodeIgniter\View\{closure}()
 4 SYSTEMPATH\Common.php(1134): CodeIgniter\View\View->render('singlesearch', [], true)
 5 APPPATH\Controllers\ProductsController.php(12): view('singlesearch', [...])
 6 SYSTEMPATH\CodeIgniter.php(927): App\Controllers\ProductsController->mp('FCPATH\\lib', 'slick', 'slick-theme.css')
 7 SYSTEMPATH\CodeIgniter.php(482): CodeIgniter\CodeIgniter->runController(Object(App\Controllers\ProductsController))
 8 SYSTEMPATH\CodeIgniter.php(351): CodeIgniter\CodeIgniter->handleRequest(null, Object(Config\Cache), false)
 9 FCPATH\index.php(67): CodeIgniter\CodeIgniter->run()
10 SYSTEMPATH\Commands\Server\rewrite.php(46): require_once('FCPATH\\index.php')
CRITICAL - 2023-02-07 05:34:08 --> Trying to access array offset on value of type null
in APPPATH\Views\singlesearch.php on line 203.
 1 APPPATH\Views\singlesearch.php(203): CodeIgniter\Debug\Exceptions->errorHandler(2, 'Trying to access array offset on value of type null', 'APPPATH\\Views\\singlesearch.php', 203)
 2 SYSTEMPATH\View\View.php(213): include('APPPATH\\Views\\singlesearch.php')
 3 SYSTEMPATH\View\View.php(216): CodeIgniter\View\View->CodeIgniter\View\{closure}()
 4 SYSTEMPATH\Common.php(1134): CodeIgniter\View\View->render('singlesearch', [], true)
 5 APPPATH\Controllers\ProductsController.php(12): view('singlesearch', [...])
 6 SYSTEMPATH\CodeIgniter.php(927): App\Controllers\ProductsController->mp('FCPATH\\lib', 'slick', 'slick.css')
 7 SYSTEMPATH\CodeIgniter.php(482): CodeIgniter\CodeIgniter->runController(Object(App\Controllers\ProductsController))
 8 SYSTEMPATH\CodeIgniter.php(351): CodeIgniter\CodeIgniter->handleRequest(null, Object(Config\Cache), false)
 9 FCPATH\index.php(67): CodeIgniter\CodeIgniter->run()
10 SYSTEMPATH\Commands\Server\rewrite.php(46): require_once('FCPATH\\index.php')
CRITICAL - 2023-02-07 05:34:08 --> Trying to access array offset on value of type null
in APPPATH\Views\singlesearch.php on line 203.
 1 APPPATH\Views\singlesearch.php(203): CodeIgniter\Debug\Exceptions->errorHandler(2, 'Trying to access array offset on value of type null', 'APPPATH\\Views\\singlesearch.php', 203)
 2 SYSTEMPATH\View\View.php(213): include('APPPATH\\Views\\singlesearch.php')
 3 SYSTEMPATH\View\View.php(216): CodeIgniter\View\View->CodeIgniter\View\{closure}()
 4 SYSTEMPATH\Common.php(1134): CodeIgniter\View\View->render('singlesearch', [], true)
 5 APPPATH\Controllers\ProductsController.php(12): view('singlesearch', [...])
 6 SYSTEMPATH\CodeIgniter.php(927): App\Controllers\ProductsController->mp('FCPATH\\lib', 'slick', 'slick-theme.css')
 7 SYSTEMPATH\CodeIgniter.php(482): CodeIgniter\CodeIgniter->runController(Object(App\Controllers\ProductsController))
 8 SYSTEMPATH\CodeIgniter.php(351): CodeIgniter\CodeIgniter->handleRequest(null, Object(Config\Cache), false)
 9 FCPATH\index.php(67): CodeIgniter\CodeIgniter->run()
10 SYSTEMPATH\Commands\Server\rewrite.php(46): require_once('FCPATH\\index.php')
CRITICAL - 2023-02-07 05:34:26 --> Trying to access array offset on value of type null
in APPPATH\Views\singlesearch.php on line 203.
 1 APPPATH\Views\singlesearch.php(203): CodeIgniter\Debug\Exceptions->errorHandler(2, 'Trying to access array offset on value of type null', 'APPPATH\\Views\\singlesearch.php', 203)
 2 SYSTEMPATH\View\View.php(213): include('APPPATH\\Views\\singlesearch.php')
 3 SYSTEMPATH\View\View.php(216): CodeIgniter\View\View->CodeIgniter\View\{closure}()
 4 SYSTEMPATH\Common.php(1134): CodeIgniter\View\View->render('singlesearch', [], true)
 5 APPPATH\Controllers\ProductsController.php(12): view('singlesearch', [...])
 6 SYSTEMPATH\CodeIgniter.php(927): App\Controllers\ProductsController->mp('FCPATH\\lib', 'slick', 'slick.css')
 7 SYSTEMPATH\CodeIgniter.php(482): CodeIgniter\CodeIgniter->runController(Object(App\Controllers\ProductsController))
 8 SYSTEMPATH\CodeIgniter.php(351): CodeIgniter\CodeIgniter->handleRequest(null, Object(Config\Cache), false)
 9 FCPATH\index.php(67): CodeIgniter\CodeIgniter->run()
10 SYSTEMPATH\Commands\Server\rewrite.php(46): require_once('FCPATH\\index.php')
CRITICAL - 2023-02-07 05:34:26 --> Trying to access array offset on value of type null
in APPPATH\Views\singlesearch.php on line 203.
 1 APPPATH\Views\singlesearch.php(203): CodeIgniter\Debug\Exceptions->errorHandler(2, 'Trying to access array offset on value of type null', 'APPPATH\\Views\\singlesearch.php', 203)
 2 SYSTEMPATH\View\View.php(213): include('APPPATH\\Views\\singlesearch.php')
 3 SYSTEMPATH\View\View.php(216): CodeIgniter\View\View->CodeIgniter\View\{closure}()
 4 SYSTEMPATH\Common.php(1134): CodeIgniter\View\View->render('singlesearch', [], true)
 5 APPPATH\Controllers\ProductsController.php(12): view('singlesearch', [...])
 6 SYSTEMPATH\CodeIgniter.php(927): App\Controllers\ProductsController->mp('FCPATH\\lib', 'slick', 'slick-theme.css')
 7 SYSTEMPATH\CodeIgniter.php(482): CodeIgniter\CodeIgniter->runController(Object(App\Controllers\ProductsController))
 8 SYSTEMPATH\CodeIgniter.php(351): CodeIgniter\CodeIgniter->handleRequest(null, Object(Config\Cache), false)
 9 FCPATH\index.php(67): CodeIgniter\CodeIgniter->run()
10 SYSTEMPATH\Commands\Server\rewrite.php(46): require_once('FCPATH\\index.php')
CRITICAL - 2023-02-07 05:34:56 --> Trying to access array offset on value of type null
in APPPATH\Views\singlesearch.php on line 203.
 1 APPPATH\Views\singlesearch.php(203): CodeIgniter\Debug\Exceptions->errorHandler(2, 'Trying to access array offset on value of type null', 'APPPATH\\Views\\singlesearch.php', 203)
 2 SYSTEMPATH\View\View.php(213): include('APPPATH\\Views\\singlesearch.php')
 3 SYSTEMPATH\View\View.php(216): CodeIgniter\View\View->CodeIgniter\View\{closure}()
 4 SYSTEMPATH\Common.php(1134): CodeIgniter\View\View->render('singlesearch', [], true)
 5 APPPATH\Controllers\ProductsController.php(12): view('singlesearch', [...])
 6 SYSTEMPATH\CodeIgniter.php(927): App\Controllers\ProductsController->mp('FCPATH\\lib', 'slick', 'slick.css')
 7 SYSTEMPATH\CodeIgniter.php(482): CodeIgniter\CodeIgniter->runController(Object(App\Controllers\ProductsController))
 8 SYSTEMPATH\CodeIgniter.php(351): CodeIgniter\CodeIgniter->handleRequest(null, Object(Config\Cache), false)
 9 FCPATH\index.php(67): CodeIgniter\CodeIgniter->run()
10 SYSTEMPATH\Commands\Server\rewrite.php(46): require_once('FCPATH\\index.php')
CRITICAL - 2023-02-07 05:34:56 --> Trying to access array offset on value of type null
in APPPATH\Views\singlesearch.php on line 203.
 1 APPPATH\Views\singlesearch.php(203): CodeIgniter\Debug\Exceptions->errorHandler(2, 'Trying to access array offset on value of type null', 'APPPATH\\Views\\singlesearch.php', 203)
 2 SYSTEMPATH\View\View.php(213): include('APPPATH\\Views\\singlesearch.php')
 3 SYSTEMPATH\View\View.php(216): CodeIgniter\View\View->CodeIgniter\View\{closure}()
 4 SYSTEMPATH\Common.php(1134): CodeIgniter\View\View->render('singlesearch', [], true)
 5 APPPATH\Controllers\ProductsController.php(12): view('singlesearch', [...])
 6 SYSTEMPATH\CodeIgniter.php(927): App\Controllers\ProductsController->mp('FCPATH\\lib', 'slick', 'slick-theme.css')
 7 SYSTEMPATH\CodeIgniter.php(482): CodeIgniter\CodeIgniter->runController(Object(App\Controllers\ProductsController))
 8 SYSTEMPATH\CodeIgniter.php(351): CodeIgniter\CodeIgniter->handleRequest(null, Object(Config\Cache), false)
 9 FCPATH\index.php(67): CodeIgniter\CodeIgniter->run()
10 SYSTEMPATH\Commands\Server\rewrite.php(46): require_once('FCPATH\\index.php')
CRITICAL - 2023-02-07 05:38:56 --> Trying to access array offset on value of type null
in APPPATH\Views\singlesearch.php on line 203.
 1 APPPATH\Views\singlesearch.php(203): CodeIgniter\Debug\Exceptions->errorHandler(2, 'Trying to access array offset on value of type null', 'APPPATH\\Views\\singlesearch.php', 203)
 2 SYSTEMPATH\View\View.php(213): include('APPPATH\\Views\\singlesearch.php')
 3 SYSTEMPATH\View\View.php(216): CodeIgniter\View\View->CodeIgniter\View\{closure}()
 4 SYSTEMPATH\Common.php(1134): CodeIgniter\View\View->render('singlesearch', [], true)
 5 APPPATH\Controllers\ProductsController.php(12): view('singlesearch', [...])
 6 SYSTEMPATH\CodeIgniter.php(927): App\Controllers\ProductsController->mp('FCPATH\\lib', 'slick', 'slick.css')
 7 SYSTEMPATH\CodeIgniter.php(482): CodeIgniter\CodeIgniter->runController(Object(App\Controllers\ProductsController))
 8 SYSTEMPATH\CodeIgniter.php(351): CodeIgniter\CodeIgniter->handleRequest(null, Object(Config\Cache), false)
 9 FCPATH\index.php(67): CodeIgniter\CodeIgniter->run()
10 SYSTEMPATH\Commands\Server\rewrite.php(46): require_once('FCPATH\\index.php')
CRITICAL - 2023-02-07 05:38:56 --> Trying to access array offset on value of type null
in APPPATH\Views\singlesearch.php on line 203.
 1 APPPATH\Views\singlesearch.php(203): CodeIgniter\Debug\Exceptions->errorHandler(2, 'Trying to access array offset on value of type null', 'APPPATH\\Views\\singlesearch.php', 203)
 2 SYSTEMPATH\View\View.php(213): include('APPPATH\\Views\\singlesearch.php')
 3 SYSTEMPATH\View\View.php(216): CodeIgniter\View\View->CodeIgniter\View\{closure}()
 4 SYSTEMPATH\Common.php(1134): CodeIgniter\View\View->render('singlesearch', [], true)
 5 APPPATH\Controllers\ProductsController.php(12): view('singlesearch', [...])
 6 SYSTEMPATH\CodeIgniter.php(927): App\Controllers\ProductsController->mp('FCPATH\\lib', 'slick', 'slick-theme.css')
 7 SYSTEMPATH\CodeIgniter.php(482): CodeIgniter\CodeIgniter->runController(Object(App\Controllers\ProductsController))
 8 SYSTEMPATH\CodeIgniter.php(351): CodeIgniter\CodeIgniter->handleRequest(null, Object(Config\Cache), false)
 9 FCPATH\index.php(67): CodeIgniter\CodeIgniter->run()
10 SYSTEMPATH\Commands\Server\rewrite.php(46): require_once('FCPATH\\index.php')
CRITICAL - 2023-02-07 05:39:01 --> Trying to access array offset on value of type null
in APPPATH\Views\singlesearch.php on line 203.
 1 APPPATH\Views\singlesearch.php(203): CodeIgniter\Debug\Exceptions->errorHandler(2, 'Trying to access array offset on value of type null', 'APPPATH\\Views\\singlesearch.php', 203)
 2 SYSTEMPATH\View\View.php(213): include('APPPATH\\Views\\singlesearch.php')
 3 SYSTEMPATH\View\View.php(216): CodeIgniter\View\View->CodeIgniter\View\{closure}()
 4 SYSTEMPATH\Common.php(1134): CodeIgniter\View\View->render('singlesearch', [], true)
 5 APPPATH\Controllers\ProductsController.php(12): view('singlesearch', [...])
 6 SYSTEMPATH\CodeIgniter.php(927): App\Controllers\ProductsController->mp('FCPATH\\lib', 'slick', 'slick.css')
 7 SYSTEMPATH\CodeIgniter.php(482): CodeIgniter\CodeIgniter->runController(Object(App\Controllers\ProductsController))
 8 SYSTEMPATH\CodeIgniter.php(351): CodeIgniter\CodeIgniter->handleRequest(null, Object(Config\Cache), false)
 9 FCPATH\index.php(67): CodeIgniter\CodeIgniter->run()
10 SYSTEMPATH\Commands\Server\rewrite.php(46): require_once('FCPATH\\index.php')
CRITICAL - 2023-02-07 05:39:01 --> Trying to access array offset on value of type null
in APPPATH\Views\singlesearch.php on line 203.
 1 APPPATH\Views\singlesearch.php(203): CodeIgniter\Debug\Exceptions->errorHandler(2, 'Trying to access array offset on value of type null', 'APPPATH\\Views\\singlesearch.php', 203)
 2 SYSTEMPATH\View\View.php(213): include('APPPATH\\Views\\singlesearch.php')
 3 SYSTEMPATH\View\View.php(216): CodeIgniter\View\View->CodeIgniter\View\{closure}()
 4 SYSTEMPATH\Common.php(1134): CodeIgniter\View\View->render('singlesearch', [], true)
 5 APPPATH\Controllers\ProductsController.php(12): view('singlesearch', [...])
 6 SYSTEMPATH\CodeIgniter.php(927): App\Controllers\ProductsController->mp('FCPATH\\lib', 'slick', 'slick-theme.css')
 7 SYSTEMPATH\CodeIgniter.php(482): CodeIgniter\CodeIgniter->runController(Object(App\Controllers\ProductsController))
 8 SYSTEMPATH\CodeIgniter.php(351): CodeIgniter\CodeIgniter->handleRequest(null, Object(Config\Cache), false)
 9 FCPATH\index.php(67): CodeIgniter\CodeIgniter->run()
10 SYSTEMPATH\Commands\Server\rewrite.php(46): require_once('FCPATH\\index.php')
CRITICAL - 2023-02-07 05:48:24 --> Trying to access array offset on value of type null
in APPPATH\Views\singlesearch.php on line 203.
 1 APPPATH\Views\singlesearch.php(203): CodeIgniter\Debug\Exceptions->errorHandler(2, 'Trying to access array offset on value of type null', 'APPPATH\\Views\\singlesearch.php', 203)
 2 SYSTEMPATH\View\View.php(213): include('APPPATH\\Views\\singlesearch.php')
 3 SYSTEMPATH\View\View.php(216): CodeIgniter\View\View->CodeIgniter\View\{closure}()
 4 SYSTEMPATH\Common.php(1134): CodeIgniter\View\View->render('singlesearch', [], true)
 5 APPPATH\Controllers\ProductsController.php(12): view('singlesearch', [...])
 6 SYSTEMPATH\CodeIgniter.php(927): App\Controllers\ProductsController->mp('FCPATH\\lib', 'slick', 'slick.css')
 7 SYSTEMPATH\CodeIgniter.php(482): CodeIgniter\CodeIgniter->runController(Object(App\Controllers\ProductsController))
 8 SYSTEMPATH\CodeIgniter.php(351): CodeIgniter\CodeIgniter->handleRequest(null, Object(Config\Cache), false)
 9 FCPATH\index.php(67): CodeIgniter\CodeIgniter->run()
10 SYSTEMPATH\Commands\Server\rewrite.php(46): require_once('FCPATH\\index.php')
CRITICAL - 2023-02-07 05:48:24 --> Trying to access array offset on value of type null
in APPPATH\Views\singlesearch.php on line 203.
 1 APPPATH\Views\singlesearch.php(203): CodeIgniter\Debug\Exceptions->errorHandler(2, 'Trying to access array offset on value of type null', 'APPPATH\\Views\\singlesearch.php', 203)
 2 SYSTEMPATH\View\View.php(213): include('APPPATH\\Views\\singlesearch.php')
 3 SYSTEMPATH\View\View.php(216): CodeIgniter\View\View->CodeIgniter\View\{closure}()
 4 SYSTEMPATH\Common.php(1134): CodeIgniter\View\View->render('singlesearch', [], true)
 5 APPPATH\Controllers\ProductsController.php(12): view('singlesearch', [...])
 6 SYSTEMPATH\CodeIgniter.php(927): App\Controllers\ProductsController->mp('FCPATH\\lib', 'slick', 'slick-theme.css')
 7 SYSTEMPATH\CodeIgniter.php(482): CodeIgniter\CodeIgniter->runController(Object(App\Controllers\ProductsController))
 8 SYSTEMPATH\CodeIgniter.php(351): CodeIgniter\CodeIgniter->handleRequest(null, Object(Config\Cache), false)
 9 FCPATH\index.php(67): CodeIgniter\CodeIgniter->run()
10 SYSTEMPATH\Commands\Server\rewrite.php(46): require_once('FCPATH\\index.php')
CRITICAL - 2023-02-07 05:48:26 --> Class "App\Controllers\App" not found
in APPPATH\Controllers\Home.php on line 69.
 1 SYSTEMPATH\CodeIgniter.php(927): App\Controllers\Home->cart()
 2 SYSTEMPATH\CodeIgniter.php(482): CodeIgniter\CodeIgniter->runController(Object(App\Controllers\Home))
 3 SYSTEMPATH\CodeIgniter.php(351): CodeIgniter\CodeIgniter->handleRequest(null, Object(Config\Cache), false)
 4 FCPATH\index.php(67): CodeIgniter\CodeIgniter->run()
 5 SYSTEMPATH\Commands\Server\rewrite.php(46): require_once('FCPATH\\index.php')
ERROR - 2023-02-07 05:49:24 --> mysqli_sql_exception: Column 'user_id' cannot be null in C:\laragon\www\Sha-Pick-Collection\system\Database\MySQLi\Connection.php:292
Stack trace:
#0 C:\laragon\www\Sha-Pick-Collection\system\Database\MySQLi\Connection.php(292): mysqli->query('INSERT INTO `ca...', 0)
#1 C:\laragon\www\Sha-Pick-Collection\system\Database\BaseConnection.php(666): CodeIgniter\Database\MySQLi\Connection->execute('INSERT INTO `ca...')
#2 C:\laragon\www\Sha-Pick-Collection\system\Database\BaseConnection.php(593): CodeIgniter\Database\BaseConnection->simpleQuery('INSERT INTO `ca...')
#3 C:\laragon\www\Sha-Pick-Collection\system\Database\BaseBuilder.php(1916): CodeIgniter\Database\BaseConnection->query('INSERT INTO `ca...', Array, false)
#4 C:\laragon\www\Sha-Pick-Collection\system\Model.php(279): CodeIgniter\Database\BaseBuilder->insert()
#5 C:\laragon\www\Sha-Pick-Collection\system\BaseModel.php(749): CodeIgniter\Model->doInsert(Array)
#6 C:\laragon\www\Sha-Pick-Collection\system\Model.php(667): CodeIgniter\BaseModel->insert(Array, true)
#7 C:\laragon\www\Sha-Pick-Collection\app\Controllers\Home.php(70): CodeIgniter\Model->insert(Array)
#8 C:\laragon\www\Sha-Pick-Collection\system\CodeIgniter.php(927): App\Controllers\Home->cart()
#9 C:\laragon\www\Sha-Pick-Collection\system\CodeIgniter.php(482): CodeIgniter\CodeIgniter->runController(Object(App\Controllers\Home))
#10 C:\laragon\www\Sha-Pick-Collection\system\CodeIgniter.php(351): CodeIgniter\CodeIgniter->handleRequest(NULL, Object(Config\Cache), false)
#11 C:\laragon\www\Sha-Pick-Collection\public\index.php(67): CodeIgniter\CodeIgniter->run()
#12 C:\laragon\www\Sha-Pick-Collection\system\Commands\Server\rewrite.php(46): require_once('C:\\laragon\\www\\...')
#13 {main}
CRITICAL - 2023-02-07 05:49:24 --> Column 'user_id' cannot be null
in SYSTEMPATH\Database\MySQLi\Connection.php on line 292.
 1 SYSTEMPATH\Database\MySQLi\Connection.php(292): mysqli->query('INSERT INTO `cart` (`menu_id`, `user_id`, `total`) VALUES (\'3\', NULL, \'170\')', 0)
 2 SYSTEMPATH\Database\BaseConnection.php(666): CodeIgniter\Database\MySQLi\Connection->execute('INSERT INTO `cart` (`menu_id`, `user_id`, `total`) VALUES (\'3\', NULL, \'170\')')
 3 SYSTEMPATH\Database\BaseConnection.php(593): CodeIgniter\Database\BaseConnection->simpleQuery('INSERT INTO `cart` (`menu_id`, `user_id`, `total`) VALUES (\'3\', NULL, \'170\')')
 4 SYSTEMPATH\Database\BaseBuilder.php(1916): CodeIgniter\Database\BaseConnection->query('INSERT INTO `cart` (`menu_id`, `user_id`, `total`) VALUES (:menu_id:, :user_id:, :total:)', [...], false)
 5 SYSTEMPATH\Model.php(279): CodeIgniter\Database\BaseBuilder->insert()
 6 SYSTEMPATH\BaseModel.php(749): CodeIgniter\Model->doInsert([...])
 7 SYSTEMPATH\Model.php(667): CodeIgniter\BaseModel->insert([...], true)
 8 APPPATH\Controllers\Home.php(70): CodeIgniter\Model->insert([...])
 9 SYSTEMPATH\CodeIgniter.php(927): App\Controllers\Home->cart()
10 SYSTEMPATH\CodeIgniter.php(482): CodeIgniter\CodeIgniter->runController(Object(App\Controllers\Home))
11 SYSTEMPATH\CodeIgniter.php(351): CodeIgniter\CodeIgniter->handleRequest(null, Object(Config\Cache), false)
12 FCPATH\index.php(67): CodeIgniter\CodeIgniter->run()
13 SYSTEMPATH\Commands\Server\rewrite.php(46): require_once('FCPATH\\index.php')
CRITICAL - 2023-02-07 05:49:32 --> Trying to access array offset on value of type null
in APPPATH\Views\singlesearch.php on line 203.
 1 APPPATH\Views\singlesearch.php(203): CodeIgniter\Debug\Exceptions->errorHandler(2, 'Trying to access array offset on value of type null', 'APPPATH\\Views\\singlesearch.php', 203)
 2 SYSTEMPATH\View\View.php(213): include('APPPATH\\Views\\singlesearch.php')
 3 SYSTEMPATH\View\View.php(216): CodeIgniter\View\View->CodeIgniter\View\{closure}()
 4 SYSTEMPATH\Common.php(1134): CodeIgniter\View\View->render('singlesearch', [], true)
 5 APPPATH\Controllers\ProductsController.php(12): view('singlesearch', [...])
 6 SYSTEMPATH\CodeIgniter.php(927): App\Controllers\ProductsController->mp('FCPATH\\lib', 'slick', 'slick.css')
 7 SYSTEMPATH\CodeIgniter.php(482): CodeIgniter\CodeIgniter->runController(Object(App\Controllers\ProductsController))
 8 SYSTEMPATH\CodeIgniter.php(351): CodeIgniter\CodeIgniter->handleRequest(null, Object(Config\Cache), false)
 9 FCPATH\index.php(67): CodeIgniter\CodeIgniter->run()
10 SYSTEMPATH\Commands\Server\rewrite.php(46): require_once('FCPATH\\index.php')
CRITICAL - 2023-02-07 05:49:32 --> Trying to access array offset on value of type null
in APPPATH\Views\singlesearch.php on line 203.
 1 APPPATH\Views\singlesearch.php(203): CodeIgniter\Debug\Exceptions->errorHandler(2, 'Trying to access array offset on value of type null', 'APPPATH\\Views\\singlesearch.php', 203)
 2 SYSTEMPATH\View\View.php(213): include('APPPATH\\Views\\singlesearch.php')
 3 SYSTEMPATH\View\View.php(216): CodeIgniter\View\View->CodeIgniter\View\{closure}()
 4 SYSTEMPATH\Common.php(1134): CodeIgniter\View\View->render('singlesearch', [], true)
 5 APPPATH\Controllers\ProductsController.php(12): view('singlesearch', [...])
 6 SYSTEMPATH\CodeIgniter.php(927): App\Controllers\ProductsController->mp('FCPATH\\lib', 'slick', 'slick-theme.css')
 7 SYSTEMPATH\CodeIgniter.php(482): CodeIgniter\CodeIgniter->runController(Object(App\Controllers\ProductsController))
 8 SYSTEMPATH\CodeIgniter.php(351): CodeIgniter\CodeIgniter->handleRequest(null, Object(Config\Cache), false)
 9 FCPATH\index.php(67): CodeIgniter\CodeIgniter->run()
10 SYSTEMPATH\Commands\Server\rewrite.php(46): require_once('FCPATH\\index.php')
CRITICAL - 2023-02-07 05:51:10 --> Trying to access array offset on value of type null
in APPPATH\Views\singlesearch.php on line 203.
 1 APPPATH\Views\singlesearch.php(203): CodeIgniter\Debug\Exceptions->errorHandler(2, 'Trying to access array offset on value of type null', 'APPPATH\\Views\\singlesearch.php', 203)
 2 SYSTEMPATH\View\View.php(213): include('APPPATH\\Views\\singlesearch.php')
 3 SYSTEMPATH\View\View.php(216): CodeIgniter\View\View->CodeIgniter\View\{closure}()
 4 SYSTEMPATH\Common.php(1134): CodeIgniter\View\View->render('singlesearch', [], true)
 5 APPPATH\Controllers\ProductsController.php(12): view('singlesearch', [...])
 6 SYSTEMPATH\CodeIgniter.php(927): App\Controllers\ProductsController->mp('FCPATH\\lib', 'slick', 'slick.css')
 7 SYSTEMPATH\CodeIgniter.php(482): CodeIgniter\CodeIgniter->runController(Object(App\Controllers\ProductsController))
 8 SYSTEMPATH\CodeIgniter.php(351): CodeIgniter\CodeIgniter->handleRequest(null, Object(Config\Cache), false)
 9 FCPATH\index.php(67): CodeIgniter\CodeIgniter->run()
10 SYSTEMPATH\Commands\Server\rewrite.php(46): require_once('FCPATH\\index.php')
CRITICAL - 2023-02-07 05:51:10 --> Trying to access array offset on value of type null
in APPPATH\Views\singlesearch.php on line 203.
 1 APPPATH\Views\singlesearch.php(203): CodeIgniter\Debug\Exceptions->errorHandler(2, 'Trying to access array offset on value of type null', 'APPPATH\\Views\\singlesearch.php', 203)
 2 SYSTEMPATH\View\View.php(213): include('APPPATH\\Views\\singlesearch.php')
 3 SYSTEMPATH\View\View.php(216): CodeIgniter\View\View->CodeIgniter\View\{closure}()
 4 SYSTEMPATH\Common.php(1134): CodeIgniter\View\View->render('singlesearch', [], true)
 5 APPPATH\Controllers\ProductsController.php(12): view('singlesearch', [...])
 6 SYSTEMPATH\CodeIgniter.php(927): App\Controllers\ProductsController->mp('FCPATH\\lib', 'slick', 'slick-theme.css')
 7 SYSTEMPATH\CodeIgniter.php(482): CodeIgniter\CodeIgniter->runController(Object(App\Controllers\ProductsController))
 8 SYSTEMPATH\CodeIgniter.php(351): CodeIgniter\CodeIgniter->handleRequest(null, Object(Config\Cache), false)
 9 FCPATH\index.php(67): CodeIgniter\CodeIgniter->run()
10 SYSTEMPATH\Commands\Server\rewrite.php(46): require_once('FCPATH\\index.php')
ERROR - 2023-02-07 05:51:12 --> mysqli_sql_exception: Column 'user_id' cannot be null in C:\laragon\www\Sha-Pick-Collection\system\Database\MySQLi\Connection.php:292
Stack trace:
#0 C:\laragon\www\Sha-Pick-Collection\system\Database\MySQLi\Connection.php(292): mysqli->query('INSERT INTO `ca...', 0)
#1 C:\laragon\www\Sha-Pick-Collection\system\Database\BaseConnection.php(666): CodeIgniter\Database\MySQLi\Connection->execute('INSERT INTO `ca...')
#2 C:\laragon\www\Sha-Pick-Collection\system\Database\BaseConnection.php(593): CodeIgniter\Database\BaseConnection->simpleQuery('INSERT INTO `ca...')
#3 C:\laragon\www\Sha-Pick-Collection\system\Database\BaseBuilder.php(1916): CodeIgniter\Database\BaseConnection->query('INSERT INTO `ca...', Array, false)
#4 C:\laragon\www\Sha-Pick-Collection\system\Model.php(279): CodeIgniter\Database\BaseBuilder->insert()
#5 C:\laragon\www\Sha-Pick-Collection\system\BaseModel.php(749): CodeIgniter\Model->doInsert(Array)
#6 C:\laragon\www\Sha-Pick-Collection\system\Model.php(667): CodeIgniter\BaseModel->insert(Array, true)
#7 C:\laragon\www\Sha-Pick-Collection\app\Controllers\Home.php(70): CodeIgniter\Model->insert(Array)
#8 C:\laragon\www\Sha-Pick-Collection\system\CodeIgniter.php(927): App\Controllers\Home->cart()
#9 C:\laragon\www\Sha-Pick-Collection\system\CodeIgniter.php(482): CodeIgniter\CodeIgniter->runController(Object(App\Controllers\Home))
#10 C:\laragon\www\Sha-Pick-Collection\system\CodeIgniter.php(351): CodeIgniter\CodeIgniter->handleRequest(NULL, Object(Config\Cache), false)
#11 C:\laragon\www\Sha-Pick-Collection\public\index.php(67): CodeIgniter\CodeIgniter->run()
#12 C:\laragon\www\Sha-Pick-Collection\system\Commands\Server\rewrite.php(46): require_once('C:\\laragon\\www\\...')
#13 {main}
CRITICAL - 2023-02-07 05:51:12 --> Column 'user_id' cannot be null
in SYSTEMPATH\Database\MySQLi\Connection.php on line 292.
 1 SYSTEMPATH\Database\MySQLi\Connection.php(292): mysqli->query('INSERT INTO `cart` (`menu_id`, `user_id`, `total`) VALUES (\'4\', NULL, \'170\')', 0)
 2 SYSTEMPATH\Database\BaseConnection.php(666): CodeIgniter\Database\MySQLi\Connection->execute('INSERT INTO `cart` (`menu_id`, `user_id`, `total`) VALUES (\'4\', NULL, \'170\')')
 3 SYSTEMPATH\Database\BaseConnection.php(593): CodeIgniter\Database\BaseConnection->simpleQuery('INSERT INTO `cart` (`menu_id`, `user_id`, `total`) VALUES (\'4\', NULL, \'170\')')
 4 SYSTEMPATH\Database\BaseBuilder.php(1916): CodeIgniter\Database\BaseConnection->query('INSERT INTO `cart` (`menu_id`, `user_id`, `total`) VALUES (:menu_id:, :user_id:, :total:)', [...], false)
 5 SYSTEMPATH\Model.php(279): CodeIgniter\Database\BaseBuilder->insert()
 6 SYSTEMPATH\BaseModel.php(749): CodeIgniter\Model->doInsert([...])
 7 SYSTEMPATH\Model.php(667): CodeIgniter\BaseModel->insert([...], true)
 8 APPPATH\Controllers\Home.php(70): CodeIgniter\Model->insert([...])
 9 SYSTEMPATH\CodeIgniter.php(927): App\Controllers\Home->cart()
10 SYSTEMPATH\CodeIgniter.php(482): CodeIgniter\CodeIgniter->runController(Object(App\Controllers\Home))
11 SYSTEMPATH\CodeIgniter.php(351): CodeIgniter\CodeIgniter->handleRequest(null, Object(Config\Cache), false)
12 FCPATH\index.php(67): CodeIgniter\CodeIgniter->run()
13 SYSTEMPATH\Commands\Server\rewrite.php(46): require_once('FCPATH\\index.php')
CRITICAL - 2023-02-07 05:52:27 --> Trying to access array offset on value of type null
in APPPATH\Views\singlesearch.php on line 203.
 1 APPPATH\Views\singlesearch.php(203): CodeIgniter\Debug\Exceptions->errorHandler(2, 'Trying to access array offset on value of type null', 'APPPATH\\Views\\singlesearch.php', 203)
 2 SYSTEMPATH\View\View.php(213): include('APPPATH\\Views\\singlesearch.php')
 3 SYSTEMPATH\View\View.php(216): CodeIgniter\View\View->CodeIgniter\View\{closure}()
 4 SYSTEMPATH\Common.php(1134): CodeIgniter\View\View->render('singlesearch', [], true)
 5 APPPATH\Controllers\ProductsController.php(12): view('singlesearch', [...])
 6 SYSTEMPATH\CodeIgniter.php(927): App\Controllers\ProductsController->mp('FCPATH\\lib', 'slick', 'slick.css')
 7 SYSTEMPATH\CodeIgniter.php(482): CodeIgniter\CodeIgniter->runController(Object(App\Controllers\ProductsController))
 8 SYSTEMPATH\CodeIgniter.php(351): CodeIgniter\CodeIgniter->handleRequest(null, Object(Config\Cache), false)
 9 FCPATH\index.php(67): CodeIgniter\CodeIgniter->run()
10 SYSTEMPATH\Commands\Server\rewrite.php(46): require_once('FCPATH\\index.php')
CRITICAL - 2023-02-07 05:52:27 --> Trying to access array offset on value of type null
in APPPATH\Views\singlesearch.php on line 203.
 1 APPPATH\Views\singlesearch.php(203): CodeIgniter\Debug\Exceptions->errorHandler(2, 'Trying to access array offset on value of type null', 'APPPATH\\Views\\singlesearch.php', 203)
 2 SYSTEMPATH\View\View.php(213): include('APPPATH\\Views\\singlesearch.php')
 3 SYSTEMPATH\View\View.php(216): CodeIgniter\View\View->CodeIgniter\View\{closure}()
 4 SYSTEMPATH\Common.php(1134): CodeIgniter\View\View->render('singlesearch', [], true)
 5 APPPATH\Controllers\ProductsController.php(12): view('singlesearch', [...])
 6 SYSTEMPATH\CodeIgniter.php(927): App\Controllers\ProductsController->mp('FCPATH\\lib', 'slick', 'slick-theme.css')
 7 SYSTEMPATH\CodeIgniter.php(482): CodeIgniter\CodeIgniter->runController(Object(App\Controllers\ProductsController))
 8 SYSTEMPATH\CodeIgniter.php(351): CodeIgniter\CodeIgniter->handleRequest(null, Object(Config\Cache), false)
 9 FCPATH\index.php(67): CodeIgniter\CodeIgniter->run()
10 SYSTEMPATH\Commands\Server\rewrite.php(46): require_once('FCPATH\\index.php')
CRITICAL - 2023-02-07 05:59:17 --> Undefined property: App\Controllers\Home::$cart_model
in APPPATH\Controllers\Home.php on line 75.
 1 APPPATH\Controllers\Home.php(75): CodeIgniter\Debug\Exceptions->errorHandler(2, 'Undefined property: App\\Controllers\\Home::$cart_model', 'APPPATH\\Controllers\\Home.php', 75)
 2 SYSTEMPATH\CodeIgniter.php(927): App\Controllers\Home->cart()
 3 SYSTEMPATH\CodeIgniter.php(482): CodeIgniter\CodeIgniter->runController(Object(App\Controllers\Home))
 4 SYSTEMPATH\CodeIgniter.php(351): CodeIgniter\CodeIgniter->handleRequest(null, Object(Config\Cache), false)
 5 FCPATH\index.php(67): CodeIgniter\CodeIgniter->run()
 6 SYSTEMPATH\Commands\Server\rewrite.php(46): require_once('FCPATH\\index.php')
ERROR - 2023-02-07 05:59:46 --> mysqli_sql_exception: Unknown column 'br' in 'field list' in C:\laragon\www\Sha-Pick-Collection\system\Database\MySQLi\Connection.php:292
Stack trace:
#0 C:\laragon\www\Sha-Pick-Collection\system\Database\MySQLi\Connection.php(292): mysqli->query('SELECT *, conca...', 0)
#1 C:\laragon\www\Sha-Pick-Collection\system\Database\BaseConnection.php(666): CodeIgniter\Database\MySQLi\Connection->execute('SELECT *, conca...')
#2 C:\laragon\www\Sha-Pick-Collection\system\Database\BaseConnection.php(593): CodeIgniter\Database\BaseConnection->simpleQuery('SELECT *, conca...')
#3 C:\laragon\www\Sha-Pick-Collection\system\Database\BaseBuilder.php(1585): CodeIgniter\Database\BaseConnection->query('SELECT *, conca...', Array, false)
#4 C:\laragon\www\Sha-Pick-Collection\system\Model.php(223): CodeIgniter\Database\BaseBuilder->get()
#5 C:\laragon\www\Sha-Pick-Collection\system\BaseModel.php(585): CodeIgniter\Model->doFindAll(0, 0)
#6 C:\laragon\www\Sha-Pick-Collection\app\Controllers\Home.php(78): CodeIgniter\BaseModel->findAll()
#7 C:\laragon\www\Sha-Pick-Collection\system\CodeIgniter.php(927): App\Controllers\Home->cart()
#8 C:\laragon\www\Sha-Pick-Collection\system\CodeIgniter.php(482): CodeIgniter\CodeIgniter->runController(Object(App\Controllers\Home))
#9 C:\laragon\www\Sha-Pick-Collection\system\CodeIgniter.php(351): CodeIgniter\CodeIgniter->handleRequest(NULL, Object(Config\Cache), false)
#10 C:\laragon\www\Sha-Pick-Collection\public\index.php(67): CodeIgniter\CodeIgniter->run()
#11 C:\laragon\www\Sha-Pick-Collection\system\Commands\Server\rewrite.php(46): require_once('C:\\laragon\\www\\...')
#12 {main}
CRITICAL - 2023-02-07 05:59:46 --> Unknown column 'br' in 'field list'
in SYSTEMPATH\Database\MySQLi\Connection.php on line 292.
 1 SYSTEMPATH\Database\MySQLi\Connection.php(292): mysqli->query('SELECT *, concat(size<br>color) as detail
FROM `cart`
INNER JOIN `products` ON `products`.`id` = `cart`.`menu_id`', 0)
 2 SYSTEMPATH\Database\BaseConnection.php(666): CodeIgniter\Database\MySQLi\Connection->execute('SELECT *, concat(size<br>color) as detail
FROM `cart`
INNER JOIN `products` ON `products`.`id` = `cart`.`menu_id`')
 3 SYSTEMPATH\Database\BaseConnection.php(593): CodeIgniter\Database\BaseConnection->simpleQuery('SELECT *, concat(size<br>color) as detail
FROM `cart`
INNER JOIN `products` ON `products`.`id` = `cart`.`menu_id`')
 4 SYSTEMPATH\Database\BaseBuilder.php(1585): CodeIgniter\Database\BaseConnection->query('SELECT *, concat(size<br>color) as detail
FROM `cart`
INNER JOIN `products` ON `products`.`id` = `cart`.`menu_id`', [], false)
 5 SYSTEMPATH\Model.php(223): CodeIgniter\Database\BaseBuilder->get()
 6 SYSTEMPATH\BaseModel.php(585): CodeIgniter\Model->doFindAll(0, 0)
 7 APPPATH\Controllers\Home.php(78): CodeIgniter\BaseModel->findAll()
 8 SYSTEMPATH\CodeIgniter.php(927): App\Controllers\Home->cart()
 9 SYSTEMPATH\CodeIgniter.php(482): CodeIgniter\CodeIgniter->runController(Object(App\Controllers\Home))
10 SYSTEMPATH\CodeIgniter.php(351): CodeIgniter\CodeIgniter->handleRequest(null, Object(Config\Cache), false)
11 FCPATH\index.php(67): CodeIgniter\CodeIgniter->run()
12 SYSTEMPATH\Commands\Server\rewrite.php(46): require_once('FCPATH\\index.php')
ERROR - 2023-02-07 06:00:07 --> mysqli_sql_exception: Unknown column '<br>' in 'field list' in C:\laragon\www\Sha-Pick-Collection\system\Database\MySQLi\Connection.php:292
Stack trace:
#0 C:\laragon\www\Sha-Pick-Collection\system\Database\MySQLi\Connection.php(292): mysqli->query('SELECT *, conca...', 0)
#1 C:\laragon\www\Sha-Pick-Collection\system\Database\BaseConnection.php(666): CodeIgniter\Database\MySQLi\Connection->execute('SELECT *, conca...')
#2 C:\laragon\www\Sha-Pick-Collection\system\Database\BaseConnection.php(593): CodeIgniter\Database\BaseConnection->simpleQuery('SELECT *, conca...')
#3 C:\laragon\www\Sha-Pick-Collection\system\Database\BaseBuilder.php(1585): CodeIgniter\Database\BaseConnection->query('SELECT *, conca...', Array, false)
#4 C:\laragon\www\Sha-Pick-Collection\system\Model.php(223): CodeIgniter\Database\BaseBuilder->get()
#5 C:\laragon\www\Sha-Pick-Collection\system\BaseModel.php(585): CodeIgniter\Model->doFindAll(0, 0)
#6 C:\laragon\www\Sha-Pick-Collection\app\Controllers\Home.php(78): CodeIgniter\BaseModel->findAll()
#7 C:\laragon\www\Sha-Pick-Collection\system\CodeIgniter.php(927): App\Controllers\Home->cart()
#8 C:\laragon\www\Sha-Pick-Collection\system\CodeIgniter.php(482): CodeIgniter\CodeIgniter->runController(Object(App\Controllers\Home))
#9 C:\laragon\www\Sha-Pick-Collection\system\CodeIgniter.php(351): CodeIgniter\CodeIgniter->handleRequest(NULL, Object(Config\Cache), false)
#10 C:\laragon\www\Sha-Pick-Collection\public\index.php(67): CodeIgniter\CodeIgniter->run()
#11 C:\laragon\www\Sha-Pick-Collection\system\Commands\Server\rewrite.php(46): require_once('C:\\laragon\\www\\...')
#12 {main}
CRITICAL - 2023-02-07 06:00:07 --> Unknown column '<br>' in 'field list'
in SYSTEMPATH\Database\MySQLi\Connection.php on line 292.
 1 SYSTEMPATH\Database\MySQLi\Connection.php(292): mysqli->query('SELECT *, concat(size, `<br>`, color) as detail
FROM `cart`
INNER JOIN `products` ON `products`.`id` = `cart`.`menu_id`', 0)
 2 SYSTEMPATH\Database\BaseConnection.php(666): CodeIgniter\Database\MySQLi\Connection->execute('SELECT *, concat(size, `<br>`, color) as detail
FROM `cart`
INNER JOIN `products` ON `products`.`id` = `cart`.`menu_id`')
 3 SYSTEMPATH\Database\BaseConnection.php(593): CodeIgniter\Database\BaseConnection->simpleQuery('SELECT *, concat(size, `<br>`, color) as detail
FROM `cart`
INNER JOIN `products` ON `products`.`id` = `cart`.`menu_id`')
 4 SYSTEMPATH\Database\BaseBuilder.php(1585): CodeIgniter\Database\BaseConnection->query('SELECT *, concat(size, `<br>`, color) as detail
FROM `cart`
INNER JOIN `products` ON `products`.`id` = `cart`.`menu_id`', [], false)
 5 SYSTEMPATH\Model.php(223): CodeIgniter\Database\BaseBuilder->get()
 6 SYSTEMPATH\BaseModel.php(585): CodeIgniter\Model->doFindAll(0, 0)
 7 APPPATH\Controllers\Home.php(78): CodeIgniter\BaseModel->findAll()
 8 SYSTEMPATH\CodeIgniter.php(927): App\Controllers\Home->cart()
 9 SYSTEMPATH\CodeIgniter.php(482): CodeIgniter\CodeIgniter->runController(Object(App\Controllers\Home))
10 SYSTEMPATH\CodeIgniter.php(351): CodeIgniter\CodeIgniter->handleRequest(null, Object(Config\Cache), false)
11 FCPATH\index.php(67): CodeIgniter\CodeIgniter->run()
12 SYSTEMPATH\Commands\Server\rewrite.php(46): require_once('FCPATH\\index.php')
CRITICAL - 2023-02-07 06:09:02 --> Trying to access array offset on value of type null
in APPPATH\Views\singlesearch.php on line 203.
 1 APPPATH\Views\singlesearch.php(203): CodeIgniter\Debug\Exceptions->errorHandler(2, 'Trying to access array offset on value of type null', 'APPPATH\\Views\\singlesearch.php', 203)
 2 SYSTEMPATH\View\View.php(213): include('APPPATH\\Views\\singlesearch.php')
 3 SYSTEMPATH\View\View.php(216): CodeIgniter\View\View->CodeIgniter\View\{closure}()
 4 SYSTEMPATH\Common.php(1134): CodeIgniter\View\View->render('singlesearch', [], true)
 5 APPPATH\Controllers\ProductsController.php(12): view('singlesearch', [...])
 6 SYSTEMPATH\CodeIgniter.php(927): App\Controllers\ProductsController->mp('FCPATH\\lib', 'slick', 'slick.css')
 7 SYSTEMPATH\CodeIgniter.php(482): CodeIgniter\CodeIgniter->runController(Object(App\Controllers\ProductsController))
 8 SYSTEMPATH\CodeIgniter.php(351): CodeIgniter\CodeIgniter->handleRequest(null, Object(Config\Cache), false)
 9 FCPATH\index.php(67): CodeIgniter\CodeIgniter->run()
10 SYSTEMPATH\Commands\Server\rewrite.php(46): require_once('FCPATH\\index.php')
CRITICAL - 2023-02-07 06:09:02 --> Trying to access array offset on value of type null
in APPPATH\Views\singlesearch.php on line 203.
 1 APPPATH\Views\singlesearch.php(203): CodeIgniter\Debug\Exceptions->errorHandler(2, 'Trying to access array offset on value of type null', 'APPPATH\\Views\\singlesearch.php', 203)
 2 SYSTEMPATH\View\View.php(213): include('APPPATH\\Views\\singlesearch.php')
 3 SYSTEMPATH\View\View.php(216): CodeIgniter\View\View->CodeIgniter\View\{closure}()
 4 SYSTEMPATH\Common.php(1134): CodeIgniter\View\View->render('singlesearch', [], true)
 5 APPPATH\Controllers\ProductsController.php(12): view('singlesearch', [...])
 6 SYSTEMPATH\CodeIgniter.php(927): App\Controllers\ProductsController->mp('FCPATH\\lib', 'slick', 'slick-theme.css')
 7 SYSTEMPATH\CodeIgniter.php(482): CodeIgniter\CodeIgniter->runController(Object(App\Controllers\ProductsController))
 8 SYSTEMPATH\CodeIgniter.php(351): CodeIgniter\CodeIgniter->handleRequest(null, Object(Config\Cache), false)
 9 FCPATH\index.php(67): CodeIgniter\CodeIgniter->run()
10 SYSTEMPATH\Commands\Server\rewrite.php(46): require_once('FCPATH\\index.php')
CRITICAL - 2023-02-07 06:32:19 --> Trying to access array offset on value of type null
in APPPATH\Views\singlesearch.php on line 203.
 1 APPPATH\Views\singlesearch.php(203): CodeIgniter\Debug\Exceptions->errorHandler(2, 'Trying to access array offset on value of type null', 'APPPATH\\Views\\singlesearch.php', 203)
 2 SYSTEMPATH\View\View.php(213): include('APPPATH\\Views\\singlesearch.php')
 3 SYSTEMPATH\View\View.php(216): CodeIgniter\View\View->CodeIgniter\View\{closure}()
 4 SYSTEMPATH\Common.php(1134): CodeIgniter\View\View->render('singlesearch', [], true)
 5 APPPATH\Controllers\ProductsController.php(12): view('singlesearch', [...])
 6 SYSTEMPATH\CodeIgniter.php(927): App\Controllers\ProductsController->mp('FCPATH\\lib', 'slick', 'slick.css')
 7 SYSTEMPATH\CodeIgniter.php(482): CodeIgniter\CodeIgniter->runController(Object(App\Controllers\ProductsController))
 8 SYSTEMPATH\CodeIgniter.php(351): CodeIgniter\CodeIgniter->handleRequest(null, Object(Config\Cache), false)
 9 FCPATH\index.php(67): CodeIgniter\CodeIgniter->run()
10 SYSTEMPATH\Commands\Server\rewrite.php(46): require_once('FCPATH\\index.php')
CRITICAL - 2023-02-07 06:32:19 --> Trying to access array offset on value of type null
in APPPATH\Views\singlesearch.php on line 203.
 1 APPPATH\Views\singlesearch.php(203): CodeIgniter\Debug\Exceptions->errorHandler(2, 'Trying to access array offset on value of type null', 'APPPATH\\Views\\singlesearch.php', 203)
 2 SYSTEMPATH\View\View.php(213): include('APPPATH\\Views\\singlesearch.php')
 3 SYSTEMPATH\View\View.php(216): CodeIgniter\View\View->CodeIgniter\View\{closure}()
 4 SYSTEMPATH\Common.php(1134): CodeIgniter\View\View->render('singlesearch', [], true)
 5 APPPATH\Controllers\ProductsController.php(12): view('singlesearch', [...])
 6 SYSTEMPATH\CodeIgniter.php(927): App\Controllers\ProductsController->mp('FCPATH\\lib', 'slick', 'slick-theme.css')
 7 SYSTEMPATH\CodeIgniter.php(482): CodeIgniter\CodeIgniter->runController(Object(App\Controllers\ProductsController))
 8 SYSTEMPATH\CodeIgniter.php(351): CodeIgniter\CodeIgniter->handleRequest(null, Object(Config\Cache), false)
 9 FCPATH\index.php(67): CodeIgniter\CodeIgniter->run()
10 SYSTEMPATH\Commands\Server\rewrite.php(46): require_once('FCPATH\\index.php')
