CRITICAL - 2023-02-04 02:39:47 --> Undefined variable $products
in APPPATH\Views\include\body.php on line 184.
 1 APPPATH\Views\include\body.php(184): CodeIgniter\Debug\Exceptions->errorHandler(2, 'Undefined variable $products', 'APPPATH\\Views\\include\\body.php', 184)
 2 SYSTEMPATH\View\View.php(213): include('APPPATH\\Views\\include\\body.php')
 3 SYSTEMPATH\View\View.php(216): CodeIgniter\View\View->CodeIgniter\View\{closure}()
 4 SYSTEMPATH\View\View.php(431): CodeIgniter\View\View->render('include/body', null, true)
 5 APPPATH\Views\mainpage.php(5): CodeIgniter\View\View->include('include/body')
 6 SYSTEMPATH\View\View.php(213): include('APPPATH\\Views\\mainpage.php')
 7 SYSTEMPATH\View\View.php(216): CodeIgniter\View\View->CodeIgniter\View\{closure}()
 8 SYSTEMPATH\Common.php(1134): CodeIgniter\View\View->render('mainpage', [], true)
 9 APPPATH\Controllers\Home.php(14): view('mainpage')
10 SYSTEMPATH\CodeIgniter.php(927): App\Controllers\Home->mainpage()
11 SYSTEMPATH\CodeIgniter.php(482): CodeIgniter\CodeIgniter->runController(Object(App\Controllers\Home))
12 SYSTEMPATH\CodeIgniter.php(351): CodeIgniter\CodeIgniter->handleRequest(null, Object(Config\Cache), false)
13 FCPATH\index.php(67): CodeIgniter\CodeIgniter->run()
14 SYSTEMPATH\Commands\Server\rewrite.php(46): require_once('FCPATH\\index.php')
CRITICAL - 2023-02-04 02:44:00 --> Undefined variable $products
in APPPATH\Views\include\body.php on line 184.
 1 APPPATH\Views\include\body.php(184): CodeIgniter\Debug\Exceptions->errorHandler(2, 'Undefined variable $products', 'APPPATH\\Views\\include\\body.php', 184)
 2 SYSTEMPATH\View\View.php(213): include('APPPATH\\Views\\include\\body.php')
 3 SYSTEMPATH\View\View.php(216): CodeIgniter\View\View->CodeIgniter\View\{closure}()
 4 SYSTEMPATH\View\View.php(431): CodeIgniter\View\View->render('include/body', null, true)
 5 APPPATH\Views\mainpage.php(5): CodeIgniter\View\View->include('include/body')
 6 SYSTEMPATH\View\View.php(213): include('APPPATH\\Views\\mainpage.php')
 7 SYSTEMPATH\View\View.php(216): CodeIgniter\View\View->CodeIgniter\View\{closure}()
 8 SYSTEMPATH\Common.php(1134): CodeIgniter\View\View->render('mainpage', [], true)
 9 APPPATH\Controllers\Home.php(14): view('mainpage')
10 SYSTEMPATH\CodeIgniter.php(927): App\Controllers\Home->mainpage()
11 SYSTEMPATH\CodeIgniter.php(482): CodeIgniter\CodeIgniter->runController(Object(App\Controllers\Home))
12 SYSTEMPATH\CodeIgniter.php(351): CodeIgniter\CodeIgniter->handleRequest(null, Object(Config\Cache), false)
13 FCPATH\index.php(67): CodeIgniter\CodeIgniter->run()
14 SYSTEMPATH\Commands\Server\rewrite.php(46): require_once('FCPATH\\index.php')
CRITICAL - 2023-02-04 02:49:43 --> Undefined variable $products
in APPPATH\Views\include\body.php on line 184.
 1 APPPATH\Views\include\body.php(184): CodeIgniter\Debug\Exceptions->errorHandler(2, 'Undefined variable $products', 'APPPATH\\Views\\include\\body.php', 184)
 2 SYSTEMPATH\View\View.php(213): include('APPPATH\\Views\\include\\body.php')
 3 SYSTEMPATH\View\View.php(216): CodeIgniter\View\View->CodeIgniter\View\{closure}()
 4 SYSTEMPATH\View\View.php(431): CodeIgniter\View\View->render('include/body', null, true)
 5 APPPATH\Views\mainpage.php(5): CodeIgniter\View\View->include('include/body')
 6 SYSTEMPATH\View\View.php(213): include('APPPATH\\Views\\mainpage.php')
 7 SYSTEMPATH\View\View.php(216): CodeIgniter\View\View->CodeIgniter\View\{closure}()
 8 SYSTEMPATH\Common.php(1134): CodeIgniter\View\View->render('mainpage', [], true)
 9 APPPATH\Controllers\Home.php(14): view('mainpage')
10 SYSTEMPATH\CodeIgniter.php(927): App\Controllers\Home->mainpage()
11 SYSTEMPATH\CodeIgniter.php(482): CodeIgniter\CodeIgniter->runController(Object(App\Controllers\Home))
12 SYSTEMPATH\CodeIgniter.php(351): CodeIgniter\CodeIgniter->handleRequest(null, Object(Config\Cache), false)
13 FCPATH\index.php(67): CodeIgniter\CodeIgniter->run()
14 SYSTEMPATH\Commands\Server\rewrite.php(46): require_once('FCPATH\\index.php')
CRITICAL - 2023-02-04 02:53:21 --> Undefined variable $products
in APPPATH\Views\include\body.php on line 184.
 1 APPPATH\Views\include\body.php(184): CodeIgniter\Debug\Exceptions->errorHandler(2, 'Undefined variable $products', 'APPPATH\\Views\\include\\body.php', 184)
 2 SYSTEMPATH\View\View.php(213): include('APPPATH\\Views\\include\\body.php')
 3 SYSTEMPATH\View\View.php(216): CodeIgniter\View\View->CodeIgniter\View\{closure}()
 4 SYSTEMPATH\View\View.php(431): CodeIgniter\View\View->render('include/body', null, true)
 5 APPPATH\Views\mainpage.php(5): CodeIgniter\View\View->include('include/body')
 6 SYSTEMPATH\View\View.php(213): include('APPPATH\\Views\\mainpage.php')
 7 SYSTEMPATH\View\View.php(216): CodeIgniter\View\View->CodeIgniter\View\{closure}()
 8 SYSTEMPATH\Common.php(1134): CodeIgniter\View\View->render('mainpage', [], true)
 9 APPPATH\Controllers\Home.php(14): view('mainpage')
10 SYSTEMPATH\CodeIgniter.php(927): App\Controllers\Home->mainpage()
11 SYSTEMPATH\CodeIgniter.php(482): CodeIgniter\CodeIgniter->runController(Object(App\Controllers\Home))
12 SYSTEMPATH\CodeIgniter.php(351): CodeIgniter\CodeIgniter->handleRequest(null, Object(Config\Cache), false)
13 FCPATH\index.php(67): CodeIgniter\CodeIgniter->run()
14 SYSTEMPATH\Commands\Server\rewrite.php(46): require_once('FCPATH\\index.php')
CRITICAL - 2023-02-04 02:56:05 --> Undefined variable $products
in APPPATH\Views\include\body.php on line 184.
 1 APPPATH\Views\include\body.php(184): CodeIgniter\Debug\Exceptions->errorHandler(2, 'Undefined variable $products', 'APPPATH\\Views\\include\\body.php', 184)
 2 SYSTEMPATH\View\View.php(213): include('APPPATH\\Views\\include\\body.php')
 3 SYSTEMPATH\View\View.php(216): CodeIgniter\View\View->CodeIgniter\View\{closure}()
 4 SYSTEMPATH\View\View.php(431): CodeIgniter\View\View->render('include/body', null, true)
 5 APPPATH\Views\mainpage.php(5): CodeIgniter\View\View->include('include/body')
 6 SYSTEMPATH\View\View.php(213): include('APPPATH\\Views\\mainpage.php')
 7 SYSTEMPATH\View\View.php(216): CodeIgniter\View\View->CodeIgniter\View\{closure}()
 8 SYSTEMPATH\Common.php(1134): CodeIgniter\View\View->render('mainpage', [], true)
 9 APPPATH\Controllers\Home.php(14): view('mainpage')
10 SYSTEMPATH\CodeIgniter.php(927): App\Controllers\Home->mainpage()
11 SYSTEMPATH\CodeIgniter.php(482): CodeIgniter\CodeIgniter->runController(Object(App\Controllers\Home))
12 SYSTEMPATH\CodeIgniter.php(351): CodeIgniter\CodeIgniter->handleRequest(null, Object(Config\Cache), false)
13 FCPATH\index.php(67): CodeIgniter\CodeIgniter->run()
14 SYSTEMPATH\Commands\Server\rewrite.php(46): require_once('FCPATH\\index.php')
CRITICAL - 2023-02-04 02:56:25 --> Undefined variable $products
in APPPATH\Views\include\body.php on line 184.
 1 APPPATH\Views\include\body.php(184): CodeIgniter\Debug\Exceptions->errorHandler(2, 'Undefined variable $products', 'APPPATH\\Views\\include\\body.php', 184)
 2 SYSTEMPATH\View\View.php(213): include('APPPATH\\Views\\include\\body.php')
 3 SYSTEMPATH\View\View.php(216): CodeIgniter\View\View->CodeIgniter\View\{closure}()
 4 SYSTEMPATH\View\View.php(431): CodeIgniter\View\View->render('include/body', null, true)
 5 APPPATH\Views\mainpage.php(5): CodeIgniter\View\View->include('include/body')
 6 SYSTEMPATH\View\View.php(213): include('APPPATH\\Views\\mainpage.php')
 7 SYSTEMPATH\View\View.php(216): CodeIgniter\View\View->CodeIgniter\View\{closure}()
 8 SYSTEMPATH\Common.php(1134): CodeIgniter\View\View->render('mainpage', [], true)
 9 APPPATH\Controllers\Home.php(14): view('mainpage')
10 SYSTEMPATH\CodeIgniter.php(927): App\Controllers\Home->mainpage()
11 SYSTEMPATH\CodeIgniter.php(482): CodeIgniter\CodeIgniter->runController(Object(App\Controllers\Home))
12 SYSTEMPATH\CodeIgniter.php(351): CodeIgniter\CodeIgniter->handleRequest(null, Object(Config\Cache), false)
13 FCPATH\index.php(67): CodeIgniter\CodeIgniter->run()
14 SYSTEMPATH\Commands\Server\rewrite.php(46): require_once('FCPATH\\index.php')
CRITICAL - 2023-02-04 02:57:15 --> Undefined variable $products
in APPPATH\Views\include\body.php on line 184.
 1 APPPATH\Views\include\body.php(184): CodeIgniter\Debug\Exceptions->errorHandler(2, 'Undefined variable $products', 'APPPATH\\Views\\include\\body.php', 184)
 2 SYSTEMPATH\View\View.php(213): include('APPPATH\\Views\\include\\body.php')
 3 SYSTEMPATH\View\View.php(216): CodeIgniter\View\View->CodeIgniter\View\{closure}()
 4 SYSTEMPATH\View\View.php(431): CodeIgniter\View\View->render('include/body', null, true)
 5 APPPATH\Views\mainpage.php(5): CodeIgniter\View\View->include('include/body')
 6 SYSTEMPATH\View\View.php(213): include('APPPATH\\Views\\mainpage.php')
 7 SYSTEMPATH\View\View.php(216): CodeIgniter\View\View->CodeIgniter\View\{closure}()
 8 SYSTEMPATH\Common.php(1134): CodeIgniter\View\View->render('mainpage', [], true)
 9 APPPATH\Controllers\Home.php(14): view('mainpage')
10 SYSTEMPATH\CodeIgniter.php(927): App\Controllers\Home->mainpage()
11 SYSTEMPATH\CodeIgniter.php(482): CodeIgniter\CodeIgniter->runController(Object(App\Controllers\Home))
12 SYSTEMPATH\CodeIgniter.php(351): CodeIgniter\CodeIgniter->handleRequest(null, Object(Config\Cache), false)
13 FCPATH\index.php(67): CodeIgniter\CodeIgniter->run()
14 SYSTEMPATH\Commands\Server\rewrite.php(46): require_once('FCPATH\\index.php')
CRITICAL - 2023-02-04 02:58:14 --> Undefined variable $products
in APPPATH\Views\include\body.php on line 184.
 1 APPPATH\Views\include\body.php(184): CodeIgniter\Debug\Exceptions->errorHandler(2, 'Undefined variable $products', 'APPPATH\\Views\\include\\body.php', 184)
 2 SYSTEMPATH\View\View.php(213): include('APPPATH\\Views\\include\\body.php')
 3 SYSTEMPATH\View\View.php(216): CodeIgniter\View\View->CodeIgniter\View\{closure}()
 4 SYSTEMPATH\View\View.php(431): CodeIgniter\View\View->render('include/body', null, true)
 5 APPPATH\Views\mainpage.php(5): CodeIgniter\View\View->include('include/body')
 6 SYSTEMPATH\View\View.php(213): include('APPPATH\\Views\\mainpage.php')
 7 SYSTEMPATH\View\View.php(216): CodeIgniter\View\View->CodeIgniter\View\{closure}()
 8 SYSTEMPATH\Common.php(1134): CodeIgniter\View\View->render('mainpage', [], true)
 9 APPPATH\Controllers\Home.php(14): view('mainpage')
10 SYSTEMPATH\CodeIgniter.php(927): App\Controllers\Home->mainpage()
11 SYSTEMPATH\CodeIgniter.php(482): CodeIgniter\CodeIgniter->runController(Object(App\Controllers\Home))
12 SYSTEMPATH\CodeIgniter.php(351): CodeIgniter\CodeIgniter->handleRequest(null, Object(Config\Cache), false)
13 FCPATH\index.php(67): CodeIgniter\CodeIgniter->run()
14 SYSTEMPATH\Commands\Server\rewrite.php(46): require_once('FCPATH\\index.php')
CRITICAL - 2023-02-04 02:58:20 --> Undefined variable $products
in APPPATH\Views\include\body.php on line 184.
 1 APPPATH\Views\include\body.php(184): CodeIgniter\Debug\Exceptions->errorHandler(2, 'Undefined variable $products', 'APPPATH\\Views\\include\\body.php', 184)
 2 SYSTEMPATH\View\View.php(213): include('APPPATH\\Views\\include\\body.php')
 3 SYSTEMPATH\View\View.php(216): CodeIgniter\View\View->CodeIgniter\View\{closure}()
 4 SYSTEMPATH\View\View.php(431): CodeIgniter\View\View->render('include/body', null, true)
 5 APPPATH\Views\mainpage.php(5): CodeIgniter\View\View->include('include/body')
 6 SYSTEMPATH\View\View.php(213): include('APPPATH\\Views\\mainpage.php')
 7 SYSTEMPATH\View\View.php(216): CodeIgniter\View\View->CodeIgniter\View\{closure}()
 8 SYSTEMPATH\Common.php(1134): CodeIgniter\View\View->render('mainpage', [], true)
 9 APPPATH\Controllers\Home.php(14): view('mainpage')
10 SYSTEMPATH\CodeIgniter.php(927): App\Controllers\Home->mainpage()
11 SYSTEMPATH\CodeIgniter.php(482): CodeIgniter\CodeIgniter->runController(Object(App\Controllers\Home))
12 SYSTEMPATH\CodeIgniter.php(351): CodeIgniter\CodeIgniter->handleRequest(null, Object(Config\Cache), false)
13 FCPATH\index.php(67): CodeIgniter\CodeIgniter->run()
14 SYSTEMPATH\Commands\Server\rewrite.php(46): require_once('FCPATH\\index.php')
CRITICAL - 2023-02-04 02:59:56 --> Undefined variable $products
in APPPATH\Views\include\body.php on line 184.
 1 APPPATH\Views\include\body.php(184): CodeIgniter\Debug\Exceptions->errorHandler(2, 'Undefined variable $products', 'APPPATH\\Views\\include\\body.php', 184)
 2 SYSTEMPATH\View\View.php(213): include('APPPATH\\Views\\include\\body.php')
 3 SYSTEMPATH\View\View.php(216): CodeIgniter\View\View->CodeIgniter\View\{closure}()
 4 SYSTEMPATH\View\View.php(431): CodeIgniter\View\View->render('include/body', null, true)
 5 APPPATH\Views\mainpage.php(5): CodeIgniter\View\View->include('include/body')
 6 SYSTEMPATH\View\View.php(213): include('APPPATH\\Views\\mainpage.php')
 7 SYSTEMPATH\View\View.php(216): CodeIgniter\View\View->CodeIgniter\View\{closure}()
 8 SYSTEMPATH\Common.php(1134): CodeIgniter\View\View->render('mainpage', [], true)
 9 APPPATH\Controllers\Home.php(14): view('mainpage')
10 SYSTEMPATH\CodeIgniter.php(927): App\Controllers\Home->Home()
11 SYSTEMPATH\CodeIgniter.php(482): CodeIgniter\CodeIgniter->runController(Object(App\Controllers\Home))
12 SYSTEMPATH\CodeIgniter.php(351): CodeIgniter\CodeIgniter->handleRequest(null, Object(Config\Cache), false)
13 FCPATH\index.php(67): CodeIgniter\CodeIgniter->run()
14 SYSTEMPATH\Commands\Server\rewrite.php(46): require_once('FCPATH\\index.php')
CRITICAL - 2023-02-04 03:00:41 --> Undefined variable $products
in APPPATH\Views\include\body.php on line 184.
 1 APPPATH\Views\include\body.php(184): CodeIgniter\Debug\Exceptions->errorHandler(2, 'Undefined variable $products', 'APPPATH\\Views\\include\\body.php', 184)
 2 SYSTEMPATH\View\View.php(213): include('APPPATH\\Views\\include\\body.php')
 3 SYSTEMPATH\View\View.php(216): CodeIgniter\View\View->CodeIgniter\View\{closure}()
 4 SYSTEMPATH\View\View.php(431): CodeIgniter\View\View->render('include/body', null, true)
 5 APPPATH\Views\mainpage.php(5): CodeIgniter\View\View->include('include/body')
 6 SYSTEMPATH\View\View.php(213): include('APPPATH\\Views\\mainpage.php')
 7 SYSTEMPATH\View\View.php(216): CodeIgniter\View\View->CodeIgniter\View\{closure}()
 8 SYSTEMPATH\Common.php(1134): CodeIgniter\View\View->render('mainpage', [], true)
 9 APPPATH\Controllers\Home.php(14): view('mainpage')
10 SYSTEMPATH\CodeIgniter.php(927): App\Controllers\Home->Home()
11 SYSTEMPATH\CodeIgniter.php(482): CodeIgniter\CodeIgniter->runController(Object(App\Controllers\Home))
12 SYSTEMPATH\CodeIgniter.php(351): CodeIgniter\CodeIgniter->handleRequest(null, Object(Config\Cache), false)
13 FCPATH\index.php(67): CodeIgniter\CodeIgniter->run()
14 SYSTEMPATH\Commands\Server\rewrite.php(46): require_once('FCPATH\\index.php')
CRITICAL - 2023-02-04 03:00:43 --> Undefined variable $products
in APPPATH\Views\include\body.php on line 184.
 1 APPPATH\Views\include\body.php(184): CodeIgniter\Debug\Exceptions->errorHandler(2, 'Undefined variable $products', 'APPPATH\\Views\\include\\body.php', 184)
 2 SYSTEMPATH\View\View.php(213): include('APPPATH\\Views\\include\\body.php')
 3 SYSTEMPATH\View\View.php(216): CodeIgniter\View\View->CodeIgniter\View\{closure}()
 4 SYSTEMPATH\View\View.php(431): CodeIgniter\View\View->render('include/body', null, true)
 5 APPPATH\Views\mainpage.php(5): CodeIgniter\View\View->include('include/body')
 6 SYSTEMPATH\View\View.php(213): include('APPPATH\\Views\\mainpage.php')
 7 SYSTEMPATH\View\View.php(216): CodeIgniter\View\View->CodeIgniter\View\{closure}()
 8 SYSTEMPATH\Common.php(1134): CodeIgniter\View\View->render('mainpage', [], true)
 9 APPPATH\Controllers\Home.php(14): view('mainpage')
10 SYSTEMPATH\CodeIgniter.php(927): App\Controllers\Home->Home()
11 SYSTEMPATH\CodeIgniter.php(482): CodeIgniter\CodeIgniter->runController(Object(App\Controllers\Home))
12 SYSTEMPATH\CodeIgniter.php(351): CodeIgniter\CodeIgniter->handleRequest(null, Object(Config\Cache), false)
13 FCPATH\index.php(67): CodeIgniter\CodeIgniter->run()
14 SYSTEMPATH\Commands\Server\rewrite.php(46): require_once('FCPATH\\index.php')
CRITICAL - 2023-02-04 03:42:40 --> Undefined variable $ot
in APPPATH\Views\include\body.php on line 205.
 1 APPPATH\Views\include\body.php(205): CodeIgniter\Debug\Exceptions->errorHandler(2, 'Undefined variable $ot', 'APPPATH\\Views\\include\\body.php', 205)
 2 SYSTEMPATH\View\View.php(213): include('APPPATH\\Views\\include\\body.php')
 3 SYSTEMPATH\View\View.php(216): CodeIgniter\View\View->CodeIgniter\View\{closure}()
 4 SYSTEMPATH\View\View.php(431): CodeIgniter\View\View->render('include/body', null, true)
 5 APPPATH\Views\mainpage.php(5): CodeIgniter\View\View->include('include/body')
 6 SYSTEMPATH\View\View.php(213): include('APPPATH\\Views\\mainpage.php')
 7 SYSTEMPATH\View\View.php(216): CodeIgniter\View\View->CodeIgniter\View\{closure}()
 8 SYSTEMPATH\Common.php(1134): CodeIgniter\View\View->render('mainpage', [], true)
 9 APPPATH\Controllers\Home.php(54): view('mainpage', [...])
10 SYSTEMPATH\CodeIgniter.php(927): App\Controllers\Home->mainpage()
11 SYSTEMPATH\CodeIgniter.php(482): CodeIgniter\CodeIgniter->runController(Object(App\Controllers\Home))
12 SYSTEMPATH\CodeIgniter.php(351): CodeIgniter\CodeIgniter->handleRequest(null, Object(Config\Cache), false)
13 FCPATH\index.php(67): CodeIgniter\CodeIgniter->run()
14 SYSTEMPATH\Commands\Server\rewrite.php(46): require_once('FCPATH\\index.php')
CRITICAL - 2023-02-04 03:59:46 --> Trying to access array offset on value of type null
in APPPATH\Views\singlesearch.php on line 10.
 1 APPPATH\Views\singlesearch.php(10): CodeIgniter\Debug\Exceptions->errorHandler(2, 'Trying to access array offset on value of type null', 'APPPATH\\Views\\singlesearch.php', 10)
 2 SYSTEMPATH\View\View.php(213): include('APPPATH\\Views\\singlesearch.php')
 3 SYSTEMPATH\View\View.php(216): CodeIgniter\View\View->CodeIgniter\View\{closure}()
 4 SYSTEMPATH\Common.php(1134): CodeIgniter\View\View->render('singlesearch', [], true)
 5 APPPATH\Controllers\ProductsController.php(12): view('singlesearch', [...])
 6 SYSTEMPATH\CodeIgniter.php(927): App\Controllers\ProductsController->spo('cart')
 7 SYSTEMPATH\CodeIgniter.php(482): CodeIgniter\CodeIgniter->runController(Object(App\Controllers\ProductsController))
 8 SYSTEMPATH\CodeIgniter.php(351): CodeIgniter\CodeIgniter->handleRequest(null, Object(Config\Cache), false)
 9 FCPATH\index.php(67): CodeIgniter\CodeIgniter->run()
10 SYSTEMPATH\Commands\Server\rewrite.php(46): require_once('FCPATH\\index.php')
CRITICAL - 2023-02-04 04:07:43 --> Trying to access array offset on value of type null
in APPPATH\Views\singlesearch.php on line 10.
 1 APPPATH\Views\singlesearch.php(10): CodeIgniter\Debug\Exceptions->errorHandler(2, 'Trying to access array offset on value of type null', 'APPPATH\\Views\\singlesearch.php', 10)
 2 SYSTEMPATH\View\View.php(213): include('APPPATH\\Views\\singlesearch.php')
 3 SYSTEMPATH\View\View.php(216): CodeIgniter\View\View->CodeIgniter\View\{closure}()
 4 SYSTEMPATH\Common.php(1134): CodeIgniter\View\View->render('singlesearch', [], true)
 5 APPPATH\Controllers\ProductsController.php(12): view('singlesearch', [...])
 6 SYSTEMPATH\CodeIgniter.php(927): App\Controllers\ProductsController->spo('cart')
 7 SYSTEMPATH\CodeIgniter.php(482): CodeIgniter\CodeIgniter->runController(Object(App\Controllers\ProductsController))
 8 SYSTEMPATH\CodeIgniter.php(351): CodeIgniter\CodeIgniter->handleRequest(null, Object(Config\Cache), false)
 9 FCPATH\index.php(67): CodeIgniter\CodeIgniter->run()
10 SYSTEMPATH\Commands\Server\rewrite.php(46): require_once('FCPATH\\index.php')
CRITICAL - 2023-02-04 04:13:14 --> Trying to access array offset on value of type null
in APPPATH\Views\singlesearch.php on line 10.
 1 APPPATH\Views\singlesearch.php(10): CodeIgniter\Debug\Exceptions->errorHandler(2, 'Trying to access array offset on value of type null', 'APPPATH\\Views\\singlesearch.php', 10)
 2 SYSTEMPATH\View\View.php(213): include('APPPATH\\Views\\singlesearch.php')
 3 SYSTEMPATH\View\View.php(216): CodeIgniter\View\View->CodeIgniter\View\{closure}()
 4 SYSTEMPATH\Common.php(1134): CodeIgniter\View\View->render('singlesearch', [], true)
 5 APPPATH\Controllers\ProductsController.php(12): view('singlesearch', [...])
 6 SYSTEMPATH\CodeIgniter.php(927): App\Controllers\ProductsController->spo('cart')
 7 SYSTEMPATH\CodeIgniter.php(482): CodeIgniter\CodeIgniter->runController(Object(App\Controllers\ProductsController))
 8 SYSTEMPATH\CodeIgniter.php(351): CodeIgniter\CodeIgniter->handleRequest(null, Object(Config\Cache), false)
 9 FCPATH\index.php(67): CodeIgniter\CodeIgniter->run()
10 SYSTEMPATH\Commands\Server\rewrite.php(46): require_once('FCPATH\\index.php')
CRITICAL - 2023-02-04 04:13:57 --> Trying to access array offset on value of type null
in APPPATH\Views\singlesearch.php on line 10.
 1 APPPATH\Views\singlesearch.php(10): CodeIgniter\Debug\Exceptions->errorHandler(2, 'Trying to access array offset on value of type null', 'APPPATH\\Views\\singlesearch.php', 10)
 2 SYSTEMPATH\View\View.php(213): include('APPPATH\\Views\\singlesearch.php')
 3 SYSTEMPATH\View\View.php(216): CodeIgniter\View\View->CodeIgniter\View\{closure}()
 4 SYSTEMPATH\Common.php(1134): CodeIgniter\View\View->render('singlesearch', [], true)
 5 APPPATH\Controllers\ProductsController.php(12): view('singlesearch', [...])
 6 SYSTEMPATH\CodeIgniter.php(927): App\Controllers\ProductsController->spo('cart')
 7 SYSTEMPATH\CodeIgniter.php(482): CodeIgniter\CodeIgniter->runController(Object(App\Controllers\ProductsController))
 8 SYSTEMPATH\CodeIgniter.php(351): CodeIgniter\CodeIgniter->handleRequest(null, Object(Config\Cache), false)
 9 FCPATH\index.php(67): CodeIgniter\CodeIgniter->run()
10 SYSTEMPATH\Commands\Server\rewrite.php(46): require_once('FCPATH\\index.php')
CRITICAL - 2023-02-04 04:55:56 --> Trying to access array offset on value of type null
in APPPATH\Views\singlesearch.php on line 10.
 1 APPPATH\Views\singlesearch.php(10): CodeIgniter\Debug\Exceptions->errorHandler(2, 'Trying to access array offset on value of type null', 'APPPATH\\Views\\singlesearch.php', 10)
 2 SYSTEMPATH\View\View.php(213): include('APPPATH\\Views\\singlesearch.php')
 3 SYSTEMPATH\View\View.php(216): CodeIgniter\View\View->CodeIgniter\View\{closure}()
 4 SYSTEMPATH\Common.php(1134): CodeIgniter\View\View->render('singlesearch', [], true)
 5 APPPATH\Controllers\ProductsController.php(12): view('singlesearch', [...])
 6 SYSTEMPATH\CodeIgniter.php(927): App\Controllers\ProductsController->spo('cart')
 7 SYSTEMPATH\CodeIgniter.php(482): CodeIgniter\CodeIgniter->runController(Object(App\Controllers\ProductsController))
 8 SYSTEMPATH\CodeIgniter.php(351): CodeIgniter\CodeIgniter->handleRequest(null, Object(Config\Cache), false)
 9 FCPATH\index.php(67): CodeIgniter\CodeIgniter->run()
10 SYSTEMPATH\Commands\Server\rewrite.php(46): require_once('FCPATH\\index.php')
CRITICAL - 2023-02-04 11:42:30 --> Trying to access array offset on value of type null
in APPPATH\Views\singlesearch.php on line 130.
 1 APPPATH\Views\singlesearch.php(130): CodeIgniter\Debug\Exceptions->errorHandler(2, 'Trying to access array offset on value of type null', 'APPPATH\\Views\\singlesearch.php', 130)
 2 SYSTEMPATH\View\View.php(213): include('APPPATH\\Views\\singlesearch.php')
 3 SYSTEMPATH\View\View.php(216): CodeIgniter\View\View->CodeIgniter\View\{closure}()
 4 SYSTEMPATH\Common.php(1134): CodeIgniter\View\View->render('singlesearch', [], true)
 5 APPPATH\Controllers\ProductsController.php(12): view('singlesearch', [...])
 6 SYSTEMPATH\CodeIgniter.php(927): App\Controllers\ProductsController->spo('Pic1.jpg')
 7 SYSTEMPATH\CodeIgniter.php(482): CodeIgniter\CodeIgniter->runController(Object(App\Controllers\ProductsController))
 8 SYSTEMPATH\CodeIgniter.php(351): CodeIgniter\CodeIgniter->handleRequest(null, Object(Config\Cache), false)
 9 FCPATH\index.php(67): CodeIgniter\CodeIgniter->run()
10 SYSTEMPATH\Commands\Server\rewrite.php(46): require_once('FCPATH\\index.php')
CRITICAL - 2023-02-04 11:42:35 --> Trying to access array offset on value of type null
in APPPATH\Views\singlesearch.php on line 130.
 1 APPPATH\Views\singlesearch.php(130): CodeIgniter\Debug\Exceptions->errorHandler(2, 'Trying to access array offset on value of type null', 'APPPATH\\Views\\singlesearch.php', 130)
 2 SYSTEMPATH\View\View.php(213): include('APPPATH\\Views\\singlesearch.php')
 3 SYSTEMPATH\View\View.php(216): CodeIgniter\View\View->CodeIgniter\View\{closure}()
 4 SYSTEMPATH\Common.php(1134): CodeIgniter\View\View->render('singlesearch', [], true)
 5 APPPATH\Controllers\ProductsController.php(12): view('singlesearch', [...])
 6 SYSTEMPATH\CodeIgniter.php(927): App\Controllers\ProductsController->spo('Pic1.jpg')
 7 SYSTEMPATH\CodeIgniter.php(482): CodeIgniter\CodeIgniter->runController(Object(App\Controllers\ProductsController))
 8 SYSTEMPATH\CodeIgniter.php(351): CodeIgniter\CodeIgniter->handleRequest(null, Object(Config\Cache), false)
 9 FCPATH\index.php(67): CodeIgniter\CodeIgniter->run()
10 SYSTEMPATH\Commands\Server\rewrite.php(46): require_once('FCPATH\\index.php')
CRITICAL - 2023-02-04 11:44:21 --> Undefined variable $pr
in APPPATH\Views\singlesearch.php on line 123.
 1 APPPATH\Views\singlesearch.php(123): CodeIgniter\Debug\Exceptions->errorHandler(2, 'Undefined variable $pr', 'APPPATH\\Views\\singlesearch.php', 123)
 2 SYSTEMPATH\View\View.php(213): include('APPPATH\\Views\\singlesearch.php')
 3 SYSTEMPATH\View\View.php(216): CodeIgniter\View\View->CodeIgniter\View\{closure}()
 4 SYSTEMPATH\Common.php(1134): CodeIgniter\View\View->render('singlesearch', [], true)
 5 APPPATH\Controllers\ProductsController.php(12): view('singlesearch', [...])
 6 SYSTEMPATH\CodeIgniter.php(927): App\Controllers\ProductsController->spo('4')
 7 SYSTEMPATH\CodeIgniter.php(482): CodeIgniter\CodeIgniter->runController(Object(App\Controllers\ProductsController))
 8 SYSTEMPATH\CodeIgniter.php(351): CodeIgniter\CodeIgniter->handleRequest(null, Object(Config\Cache), false)
 9 FCPATH\index.php(67): CodeIgniter\CodeIgniter->run()
10 SYSTEMPATH\Commands\Server\rewrite.php(46): require_once('FCPATH\\index.php')
CRITICAL - 2023-02-04 11:44:47 --> Undefined variable $pr
in APPPATH\Views\singlesearch.php on line 123.
 1 APPPATH\Views\singlesearch.php(123): CodeIgniter\Debug\Exceptions->errorHandler(2, 'Undefined variable $pr', 'APPPATH\\Views\\singlesearch.php', 123)
 2 SYSTEMPATH\View\View.php(213): include('APPPATH\\Views\\singlesearch.php')
 3 SYSTEMPATH\View\View.php(216): CodeIgniter\View\View->CodeIgniter\View\{closure}()
 4 SYSTEMPATH\Common.php(1134): CodeIgniter\View\View->render('singlesearch', [], true)
 5 APPPATH\Controllers\ProductsController.php(12): view('singlesearch', [...])
 6 SYSTEMPATH\CodeIgniter.php(927): App\Controllers\ProductsController->spo('18')
 7 SYSTEMPATH\CodeIgniter.php(482): CodeIgniter\CodeIgniter->runController(Object(App\Controllers\ProductsController))
 8 SYSTEMPATH\CodeIgniter.php(351): CodeIgniter\CodeIgniter->handleRequest(null, Object(Config\Cache), false)
 9 FCPATH\index.php(67): CodeIgniter\CodeIgniter->run()
10 SYSTEMPATH\Commands\Server\rewrite.php(46): require_once('FCPATH\\index.php')
CRITICAL - 2023-02-04 11:44:56 --> Undefined variable $pr
in APPPATH\Views\singlesearch.php on line 123.
 1 APPPATH\Views\singlesearch.php(123): CodeIgniter\Debug\Exceptions->errorHandler(2, 'Undefined variable $pr', 'APPPATH\\Views\\singlesearch.php', 123)
 2 SYSTEMPATH\View\View.php(213): include('APPPATH\\Views\\singlesearch.php')
 3 SYSTEMPATH\View\View.php(216): CodeIgniter\View\View->CodeIgniter\View\{closure}()
 4 SYSTEMPATH\Common.php(1134): CodeIgniter\View\View->render('singlesearch', [], true)
 5 APPPATH\Controllers\ProductsController.php(12): view('singlesearch', [...])
 6 SYSTEMPATH\CodeIgniter.php(927): App\Controllers\ProductsController->spo('3')
 7 SYSTEMPATH\CodeIgniter.php(482): CodeIgniter\CodeIgniter->runController(Object(App\Controllers\ProductsController))
 8 SYSTEMPATH\CodeIgniter.php(351): CodeIgniter\CodeIgniter->handleRequest(null, Object(Config\Cache), false)
 9 FCPATH\index.php(67): CodeIgniter\CodeIgniter->run()
10 SYSTEMPATH\Commands\Server\rewrite.php(46): require_once('FCPATH\\index.php')
CRITICAL - 2023-02-04 11:46:05 --> Trying to access array offset on value of type null
in APPPATH\Views\singlesearch.php on line 123.
 1 APPPATH\Views\singlesearch.php(123): CodeIgniter\Debug\Exceptions->errorHandler(2, 'Trying to access array offset on value of type null', 'APPPATH\\Views\\singlesearch.php', 123)
 2 SYSTEMPATH\View\View.php(213): include('APPPATH\\Views\\singlesearch.php')
 3 SYSTEMPATH\View\View.php(216): CodeIgniter\View\View->CodeIgniter\View\{closure}()
 4 SYSTEMPATH\Common.php(1134): CodeIgniter\View\View->render('singlesearch', [], true)
 5 APPPATH\Controllers\ProductsController.php(12): view('singlesearch', [...])
 6 SYSTEMPATH\CodeIgniter.php(927): App\Controllers\ProductsController->spo('FCPATH\\img', 'tshirt.png')
 7 SYSTEMPATH\CodeIgniter.php(482): CodeIgniter\CodeIgniter->runController(Object(App\Controllers\ProductsController))
 8 SYSTEMPATH\CodeIgniter.php(351): CodeIgniter\CodeIgniter->handleRequest(null, Object(Config\Cache), false)
 9 FCPATH\index.php(67): CodeIgniter\CodeIgniter->run()
10 SYSTEMPATH\Commands\Server\rewrite.php(46): require_once('FCPATH\\index.php')
CRITICAL - 2023-02-04 11:53:38 --> Trying to access array offset on value of type null
in APPPATH\Views\singlesearch.php on line 123.
 1 APPPATH\Views\singlesearch.php(123): CodeIgniter\Debug\Exceptions->errorHandler(2, 'Trying to access array offset on value of type null', 'APPPATH\\Views\\singlesearch.php', 123)
 2 SYSTEMPATH\View\View.php(213): include('APPPATH\\Views\\singlesearch.php')
 3 SYSTEMPATH\View\View.php(216): CodeIgniter\View\View->CodeIgniter\View\{closure}()
 4 SYSTEMPATH\Common.php(1134): CodeIgniter\View\View->render('singlesearch', [], true)
 5 APPPATH\Controllers\ProductsController.php(12): view('singlesearch', [...])
 6 SYSTEMPATH\CodeIgniter.php(927): App\Controllers\ProductsController->spo('FCPATH\\img', 'tshirt.png')
 7 SYSTEMPATH\CodeIgniter.php(482): CodeIgniter\CodeIgniter->runController(Object(App\Controllers\ProductsController))
 8 SYSTEMPATH\CodeIgniter.php(351): CodeIgniter\CodeIgniter->handleRequest(null, Object(Config\Cache), false)
 9 FCPATH\index.php(67): CodeIgniter\CodeIgniter->run()
10 SYSTEMPATH\Commands\Server\rewrite.php(46): require_once('FCPATH\\index.php')
CRITICAL - 2023-02-04 11:55:21 --> Undefined variable $res
in APPPATH\Views\singlesearch.php on line 120.
 1 APPPATH\Views\singlesearch.php(120): CodeIgniter\Debug\Exceptions->errorHandler(2, 'Undefined variable $res', 'APPPATH\\Views\\singlesearch.php', 120)
 2 SYSTEMPATH\View\View.php(213): include('APPPATH\\Views\\singlesearch.php')
 3 SYSTEMPATH\View\View.php(216): CodeIgniter\View\View->CodeIgniter\View\{closure}()
 4 SYSTEMPATH\Common.php(1134): CodeIgniter\View\View->render('singlesearch', [], true)
 5 APPPATH\Controllers\ProductsController.php(12): view('singlesearch', [...])
 6 SYSTEMPATH\CodeIgniter.php(927): App\Controllers\ProductsController->spo('3')
 7 SYSTEMPATH\CodeIgniter.php(482): CodeIgniter\CodeIgniter->runController(Object(App\Controllers\ProductsController))
 8 SYSTEMPATH\CodeIgniter.php(351): CodeIgniter\CodeIgniter->handleRequest(null, Object(Config\Cache), false)
 9 FCPATH\index.php(67): CodeIgniter\CodeIgniter->run()
10 SYSTEMPATH\Commands\Server\rewrite.php(46): require_once('FCPATH\\index.php')
CRITICAL - 2023-02-04 11:56:46 --> Undefined variable $pr
in APPPATH\Views\singlesearch.php on line 148.
 1 APPPATH\Views\singlesearch.php(148): CodeIgniter\Debug\Exceptions->errorHandler(2, 'Undefined variable $pr', 'APPPATH\\Views\\singlesearch.php', 148)
 2 SYSTEMPATH\View\View.php(213): include('APPPATH\\Views\\singlesearch.php')
 3 SYSTEMPATH\View\View.php(216): CodeIgniter\View\View->CodeIgniter\View\{closure}()
 4 SYSTEMPATH\Common.php(1134): CodeIgniter\View\View->render('singlesearch', [], true)
 5 APPPATH\Controllers\ProductsController.php(12): view('singlesearch', [...])
 6 SYSTEMPATH\CodeIgniter.php(927): App\Controllers\ProductsController->spo('3')
 7 SYSTEMPATH\CodeIgniter.php(482): CodeIgniter\CodeIgniter->runController(Object(App\Controllers\ProductsController))
 8 SYSTEMPATH\CodeIgniter.php(351): CodeIgniter\CodeIgniter->handleRequest(null, Object(Config\Cache), false)
 9 FCPATH\index.php(67): CodeIgniter\CodeIgniter->run()
10 SYSTEMPATH\Commands\Server\rewrite.php(46): require_once('FCPATH\\index.php')
CRITICAL - 2023-02-04 11:57:02 --> Undefined variable $pr
in APPPATH\Views\singlesearch.php on line 148.
 1 APPPATH\Views\singlesearch.php(148): CodeIgniter\Debug\Exceptions->errorHandler(2, 'Undefined variable $pr', 'APPPATH\\Views\\singlesearch.php', 148)
 2 SYSTEMPATH\View\View.php(213): include('APPPATH\\Views\\singlesearch.php')
 3 SYSTEMPATH\View\View.php(216): CodeIgniter\View\View->CodeIgniter\View\{closure}()
 4 SYSTEMPATH\Common.php(1134): CodeIgniter\View\View->render('singlesearch', [], true)
 5 APPPATH\Controllers\ProductsController.php(12): view('singlesearch', [...])
 6 SYSTEMPATH\CodeIgniter.php(927): App\Controllers\ProductsController->spo('3')
 7 SYSTEMPATH\CodeIgniter.php(482): CodeIgniter\CodeIgniter->runController(Object(App\Controllers\ProductsController))
 8 SYSTEMPATH\CodeIgniter.php(351): CodeIgniter\CodeIgniter->handleRequest(null, Object(Config\Cache), false)
 9 FCPATH\index.php(67): CodeIgniter\CodeIgniter->run()
10 SYSTEMPATH\Commands\Server\rewrite.php(46): require_once('FCPATH\\index.php')
CRITICAL - 2023-02-04 11:59:03 --> Undefined variable $pr
in APPPATH\Views\singlesearch.php on line 148.
 1 APPPATH\Views\singlesearch.php(148): CodeIgniter\Debug\Exceptions->errorHandler(2, 'Undefined variable $pr', 'APPPATH\\Views\\singlesearch.php', 148)
 2 SYSTEMPATH\View\View.php(213): include('APPPATH\\Views\\singlesearch.php')
 3 SYSTEMPATH\View\View.php(216): CodeIgniter\View\View->CodeIgniter\View\{closure}()
 4 SYSTEMPATH\Common.php(1134): CodeIgniter\View\View->render('singlesearch', [], true)
 5 APPPATH\Controllers\ProductsController.php(12): view('singlesearch', [...])
 6 SYSTEMPATH\CodeIgniter.php(927): App\Controllers\ProductsController->spo('3')
 7 SYSTEMPATH\CodeIgniter.php(482): CodeIgniter\CodeIgniter->runController(Object(App\Controllers\ProductsController))
 8 SYSTEMPATH\CodeIgniter.php(351): CodeIgniter\CodeIgniter->handleRequest(null, Object(Config\Cache), false)
 9 FCPATH\index.php(67): CodeIgniter\CodeIgniter->run()
10 SYSTEMPATH\Commands\Server\rewrite.php(46): require_once('FCPATH\\index.php')
CRITICAL - 2023-02-04 11:59:05 --> Undefined variable $pr
in APPPATH\Views\singlesearch.php on line 148.
 1 APPPATH\Views\singlesearch.php(148): CodeIgniter\Debug\Exceptions->errorHandler(2, 'Undefined variable $pr', 'APPPATH\\Views\\singlesearch.php', 148)
 2 SYSTEMPATH\View\View.php(213): include('APPPATH\\Views\\singlesearch.php')
 3 SYSTEMPATH\View\View.php(216): CodeIgniter\View\View->CodeIgniter\View\{closure}()
 4 SYSTEMPATH\Common.php(1134): CodeIgniter\View\View->render('singlesearch', [], true)
 5 APPPATH\Controllers\ProductsController.php(12): view('singlesearch', [...])
 6 SYSTEMPATH\CodeIgniter.php(927): App\Controllers\ProductsController->spo('3')
 7 SYSTEMPATH\CodeIgniter.php(482): CodeIgniter\CodeIgniter->runController(Object(App\Controllers\ProductsController))
 8 SYSTEMPATH\CodeIgniter.php(351): CodeIgniter\CodeIgniter->handleRequest(null, Object(Config\Cache), false)
 9 FCPATH\index.php(67): CodeIgniter\CodeIgniter->run()
10 SYSTEMPATH\Commands\Server\rewrite.php(46): require_once('FCPATH\\index.php')
CRITICAL - 2023-02-04 11:59:05 --> Undefined variable $pr
in APPPATH\Views\singlesearch.php on line 148.
 1 APPPATH\Views\singlesearch.php(148): CodeIgniter\Debug\Exceptions->errorHandler(2, 'Undefined variable $pr', 'APPPATH\\Views\\singlesearch.php', 148)
 2 SYSTEMPATH\View\View.php(213): include('APPPATH\\Views\\singlesearch.php')
 3 SYSTEMPATH\View\View.php(216): CodeIgniter\View\View->CodeIgniter\View\{closure}()
 4 SYSTEMPATH\Common.php(1134): CodeIgniter\View\View->render('singlesearch', [], true)
 5 APPPATH\Controllers\ProductsController.php(12): view('singlesearch', [...])
 6 SYSTEMPATH\CodeIgniter.php(927): App\Controllers\ProductsController->spo('3')
 7 SYSTEMPATH\CodeIgniter.php(482): CodeIgniter\CodeIgniter->runController(Object(App\Controllers\ProductsController))
 8 SYSTEMPATH\CodeIgniter.php(351): CodeIgniter\CodeIgniter->handleRequest(null, Object(Config\Cache), false)
 9 FCPATH\index.php(67): CodeIgniter\CodeIgniter->run()
10 SYSTEMPATH\Commands\Server\rewrite.php(46): require_once('FCPATH\\index.php')
CRITICAL - 2023-02-04 11:59:30 --> Undefined variable $products
in APPPATH\Views\singlesearch.php on line 123.
 1 APPPATH\Views\singlesearch.php(123): CodeIgniter\Debug\Exceptions->errorHandler(2, 'Undefined variable $products', 'APPPATH\\Views\\singlesearch.php', 123)
 2 SYSTEMPATH\View\View.php(213): include('APPPATH\\Views\\singlesearch.php')
 3 SYSTEMPATH\View\View.php(216): CodeIgniter\View\View->CodeIgniter\View\{closure}()
 4 SYSTEMPATH\Common.php(1134): CodeIgniter\View\View->render('singlesearch', [], true)
 5 APPPATH\Controllers\ProductsController.php(12): view('singlesearch', [...])
 6 SYSTEMPATH\CodeIgniter.php(927): App\Controllers\ProductsController->spo('3')
 7 SYSTEMPATH\CodeIgniter.php(482): CodeIgniter\CodeIgniter->runController(Object(App\Controllers\ProductsController))
 8 SYSTEMPATH\CodeIgniter.php(351): CodeIgniter\CodeIgniter->handleRequest(null, Object(Config\Cache), false)
 9 FCPATH\index.php(67): CodeIgniter\CodeIgniter->run()
10 SYSTEMPATH\Commands\Server\rewrite.php(46): require_once('FCPATH\\index.php')
CRITICAL - 2023-02-04 11:59:47 --> Undefined variable $pr
in APPPATH\Views\singlesearch.php on line 148.
 1 APPPATH\Views\singlesearch.php(148): CodeIgniter\Debug\Exceptions->errorHandler(2, 'Undefined variable $pr', 'APPPATH\\Views\\singlesearch.php', 148)
 2 SYSTEMPATH\View\View.php(213): include('APPPATH\\Views\\singlesearch.php')
 3 SYSTEMPATH\View\View.php(216): CodeIgniter\View\View->CodeIgniter\View\{closure}()
 4 SYSTEMPATH\Common.php(1134): CodeIgniter\View\View->render('singlesearch', [], true)
 5 APPPATH\Controllers\ProductsController.php(12): view('singlesearch', [...])
 6 SYSTEMPATH\CodeIgniter.php(927): App\Controllers\ProductsController->spo('3')
 7 SYSTEMPATH\CodeIgniter.php(482): CodeIgniter\CodeIgniter->runController(Object(App\Controllers\ProductsController))
 8 SYSTEMPATH\CodeIgniter.php(351): CodeIgniter\CodeIgniter->handleRequest(null, Object(Config\Cache), false)
 9 FCPATH\index.php(67): CodeIgniter\CodeIgniter->run()
10 SYSTEMPATH\Commands\Server\rewrite.php(46): require_once('FCPATH\\index.php')
CRITICAL - 2023-02-04 12:00:40 --> Call to undefined function http://localhost:8080()
in APPPATH\Views\singlesearch.php on line 148.
 1 SYSTEMPATH\View\View.php(213): include()
 2 SYSTEMPATH\View\View.php(216): CodeIgniter\View\View->CodeIgniter\View\{closure}()
 3 SYSTEMPATH\Common.php(1134): CodeIgniter\View\View->render('singlesearch', [], true)
 4 APPPATH\Controllers\ProductsController.php(12): view('singlesearch', [...])
 5 SYSTEMPATH\CodeIgniter.php(927): App\Controllers\ProductsController->spo('3')
 6 SYSTEMPATH\CodeIgniter.php(482): CodeIgniter\CodeIgniter->runController(Object(App\Controllers\ProductsController))
 7 SYSTEMPATH\CodeIgniter.php(351): CodeIgniter\CodeIgniter->handleRequest(null, Object(Config\Cache), false)
 8 FCPATH\index.php(67): CodeIgniter\CodeIgniter->run()
 9 SYSTEMPATH\Commands\Server\rewrite.php(46): require_once('FCPATH\\index.php')
CRITICAL - 2023-02-04 12:02:56 --> Undefined variable $result
in APPPATH\Views\singlesearch.php on line 123.
 1 APPPATH\Views\singlesearch.php(123): CodeIgniter\Debug\Exceptions->errorHandler(2, 'Undefined variable $result', 'APPPATH\\Views\\singlesearch.php', 123)
 2 SYSTEMPATH\View\View.php(213): include('APPPATH\\Views\\singlesearch.php')
 3 SYSTEMPATH\View\View.php(216): CodeIgniter\View\View->CodeIgniter\View\{closure}()
 4 SYSTEMPATH\Common.php(1134): CodeIgniter\View\View->render('singlesearch', [], true)
 5 APPPATH\Controllers\ProductsController.php(12): view('singlesearch', [...])
 6 SYSTEMPATH\CodeIgniter.php(927): App\Controllers\ProductsController->spo('3')
 7 SYSTEMPATH\CodeIgniter.php(482): CodeIgniter\CodeIgniter->runController(Object(App\Controllers\ProductsController))
 8 SYSTEMPATH\CodeIgniter.php(351): CodeIgniter\CodeIgniter->handleRequest(null, Object(Config\Cache), false)
 9 FCPATH\index.php(67): CodeIgniter\CodeIgniter->run()
10 SYSTEMPATH\Commands\Server\rewrite.php(46): require_once('FCPATH\\index.php')
CRITICAL - 2023-02-04 12:11:36 --> Trying to access array offset on value of type null
in APPPATH\Views\singlesearch.php on line 123.
 1 APPPATH\Views\singlesearch.php(123): CodeIgniter\Debug\Exceptions->errorHandler(2, 'Trying to access array offset on value of type null', 'APPPATH\\Views\\singlesearch.php', 123)
 2 SYSTEMPATH\View\View.php(213): include('APPPATH\\Views\\singlesearch.php')
 3 SYSTEMPATH\View\View.php(216): CodeIgniter\View\View->CodeIgniter\View\{closure}()
 4 SYSTEMPATH\Common.php(1134): CodeIgniter\View\View->render('singlesearch', [], true)
 5 APPPATH\Controllers\ProductsController.php(12): view('singlesearch', [...])
 6 SYSTEMPATH\CodeIgniter.php(927): App\Controllers\ProductsController->spo('cart')
 7 SYSTEMPATH\CodeIgniter.php(482): CodeIgniter\CodeIgniter->runController(Object(App\Controllers\ProductsController))
 8 SYSTEMPATH\CodeIgniter.php(351): CodeIgniter\CodeIgniter->handleRequest(null, Object(Config\Cache), false)
 9 FCPATH\index.php(67): CodeIgniter\CodeIgniter->run()
10 SYSTEMPATH\Commands\Server\rewrite.php(46): require_once('FCPATH\\index.php')
CRITICAL - 2023-02-04 12:20:21 --> Trying to access array offset on value of type null
in APPPATH\Views\singlesearch.php on line 123.
 1 APPPATH\Views\singlesearch.php(123): CodeIgniter\Debug\Exceptions->errorHandler(2, 'Trying to access array offset on value of type null', 'APPPATH\\Views\\singlesearch.php', 123)
 2 SYSTEMPATH\View\View.php(213): include('APPPATH\\Views\\singlesearch.php')
 3 SYSTEMPATH\View\View.php(216): CodeIgniter\View\View->CodeIgniter\View\{closure}()
 4 SYSTEMPATH\Common.php(1134): CodeIgniter\View\View->render('singlesearch', [], true)
 5 APPPATH\Controllers\ProductsController.php(12): view('singlesearch', [...])
 6 SYSTEMPATH\CodeIgniter.php(927): App\Controllers\ProductsController->spo('cart')
 7 SYSTEMPATH\CodeIgniter.php(482): CodeIgniter\CodeIgniter->runController(Object(App\Controllers\ProductsController))
 8 SYSTEMPATH\CodeIgniter.php(351): CodeIgniter\CodeIgniter->handleRequest(null, Object(Config\Cache), false)
 9 FCPATH\index.php(67): CodeIgniter\CodeIgniter->run()
10 SYSTEMPATH\Commands\Server\rewrite.php(46): require_once('FCPATH\\index.php')
