CRITICAL - 2023-01-19 05:27:36 --> Undefined variable $products
in APPPATH\Views\include\body.php on line 210.
 1 APPPATH\Views\include\body.php(210): CodeIgniter\Debug\Exceptions->errorHandler(2, 'Undefined variable $products', 'APPPATH\\Views\\include\\body.php', 210)
 2 SYSTEMPATH\View\View.php(213): include('APPPATH\\Views\\include\\body.php')
 3 SYSTEMPATH\View\View.php(216): CodeIgniter\View\View->CodeIgniter\View\{closure}()
 4 SYSTEMPATH\View\View.php(431): CodeIgniter\View\View->render('include/body', null, true)
 5 APPPATH\Views\mainpage.php(5): CodeIgniter\View\View->include('include/body')
 6 SYSTEMPATH\View\View.php(213): include('APPPATH\\Views\\mainpage.php')
 7 SYSTEMPATH\View\View.php(216): CodeIgniter\View\View->CodeIgniter\View\{closure}()
 8 SYSTEMPATH\Common.php(1134): CodeIgniter\View\View->render('mainpage', [], true)
 9 APPPATH\Controllers\Home.php(14): view('mainpage')
10 SYSTEMPATH\CodeIgniter.php(927): App\Controllers\Home->mainpage()
11 SYSTEMPATH\CodeIgniter.php(482): CodeIgniter\CodeIgniter->runController(Object(App\Controllers\Home))
12 SYSTEMPATH\CodeIgniter.php(351): CodeIgniter\CodeIgniter->handleRequest(null, Object(Config\Cache), false)
13 FCPATH\index.php(67): CodeIgniter\CodeIgniter->run()
14 SYSTEMPATH\Commands\Server\rewrite.php(46): require_once('FCPATH\\index.php')
CRITICAL - 2023-01-19 05:33:13 --> Undefined variable $products
in APPPATH\Views\include\body.php on line 183.
 1 APPPATH\Views\include\body.php(183): CodeIgniter\Debug\Exceptions->errorHandler(2, 'Undefined variable $products', 'APPPATH\\Views\\include\\body.php', 183)
 2 SYSTEMPATH\View\View.php(213): include('APPPATH\\Views\\include\\body.php')
 3 SYSTEMPATH\View\View.php(216): CodeIgniter\View\View->CodeIgniter\View\{closure}()
 4 SYSTEMPATH\View\View.php(431): CodeIgniter\View\View->render('include/body', null, true)
 5 APPPATH\Views\mainpage.php(5): CodeIgniter\View\View->include('include/body')
 6 SYSTEMPATH\View\View.php(213): include('APPPATH\\Views\\mainpage.php')
 7 SYSTEMPATH\View\View.php(216): CodeIgniter\View\View->CodeIgniter\View\{closure}()
 8 SYSTEMPATH\Common.php(1134): CodeIgniter\View\View->render('mainpage', [], true)
 9 APPPATH\Controllers\Home.php(14): view('mainpage')
10 SYSTEMPATH\CodeIgniter.php(927): App\Controllers\Home->mainpage()
11 SYSTEMPATH\CodeIgniter.php(482): CodeIgniter\CodeIgniter->runController(Object(App\Controllers\Home))
12 SYSTEMPATH\CodeIgniter.php(351): CodeIgniter\CodeIgniter->handleRequest(null, Object(Config\Cache), false)
13 FCPATH\index.php(67): CodeIgniter\CodeIgniter->run()
14 SYSTEMPATH\Commands\Server\rewrite.php(46): require_once('FCPATH\\index.php')
