CRITICAL - 2023-01-20 09:05:17 --> syntax error, unexpected end of file
in APPPATH\Views\include\body.php on line 338.
 1 SYSTEMPATH\View\View.php(216): CodeIgniter\View\View->CodeIgniter\View\{closure}()
 2 SYSTEMPATH\View\View.php(431): CodeIgniter\View\View->render('include/body', null, true)
 3 APPPATH\Views\mainpage.php(5): CodeIgniter\View\View->include('include/body')
 4 SYSTEMPATH\View\View.php(213): include('APPPATH\\Views\\mainpage.php')
 5 SYSTEMPATH\View\View.php(216): CodeIgniter\View\View->CodeIgniter\View\{closure}()
 6 SYSTEMPATH\Common.php(1134): CodeIgniter\View\View->render('mainpage', [], true)
 7 APPPATH\Controllers\Home.php(14): view('mainpage')
 8 SYSTEMPATH\CodeIgniter.php(927): App\Controllers\Home->mainpage()
 9 SYSTEMPATH\CodeIgniter.php(482): CodeIgniter\CodeIgniter->runController(Object(App\Controllers\Home))
10 SYSTEMPATH\CodeIgniter.php(351): CodeIgniter\CodeIgniter->handleRequest(null, Object(Config\Cache), false)
11 FCPATH\index.php(67): CodeIgniter\CodeIgniter->run()
12 SYSTEMPATH\Commands\Server\rewrite.php(46): require_once('FCPATH\\index.php')
CRITICAL - 2023-01-20 09:06:32 --> Undefined variable $products
in APPPATH\Views\include\body.php on line 191.
 1 APPPATH\Views\include\body.php(191): CodeIgniter\Debug\Exceptions->errorHandler(2, 'Undefined variable $products', 'APPPATH\\Views\\include\\body.php', 191)
 2 SYSTEMPATH\View\View.php(213): include('APPPATH\\Views\\include\\body.php')
 3 SYSTEMPATH\View\View.php(216): CodeIgniter\View\View->CodeIgniter\View\{closure}()
 4 SYSTEMPATH\View\View.php(431): CodeIgniter\View\View->render('include/body', null, true)
 5 APPPATH\Views\mainpage.php(5): CodeIgniter\View\View->include('include/body')
 6 SYSTEMPATH\View\View.php(213): include('APPPATH\\Views\\mainpage.php')
 7 SYSTEMPATH\View\View.php(216): CodeIgniter\View\View->CodeIgniter\View\{closure}()
 8 SYSTEMPATH\Common.php(1134): CodeIgniter\View\View->render('mainpage', [], true)
 9 APPPATH\Controllers\Home.php(14): view('mainpage')
10 SYSTEMPATH\CodeIgniter.php(927): App\Controllers\Home->mainpage()
11 SYSTEMPATH\CodeIgniter.php(482): CodeIgniter\CodeIgniter->runController(Object(App\Controllers\Home))
12 SYSTEMPATH\CodeIgniter.php(351): CodeIgniter\CodeIgniter->handleRequest(null, Object(Config\Cache), false)
13 FCPATH\index.php(67): CodeIgniter\CodeIgniter->run()
14 SYSTEMPATH\Commands\Server\rewrite.php(46): require_once('FCPATH\\index.php')
CRITICAL - 2023-01-20 09:09:01 --> Undefined variable $products
in APPPATH\Views\include\body.php on line 191.
 1 APPPATH\Views\include\body.php(191): CodeIgniter\Debug\Exceptions->errorHandler(2, 'Undefined variable $products', 'APPPATH\\Views\\include\\body.php', 191)
 2 SYSTEMPATH\View\View.php(213): include('APPPATH\\Views\\include\\body.php')
 3 SYSTEMPATH\View\View.php(216): CodeIgniter\View\View->CodeIgniter\View\{closure}()
 4 SYSTEMPATH\View\View.php(431): CodeIgniter\View\View->render('include/body', null, true)
 5 APPPATH\Views\mainpage.php(5): CodeIgniter\View\View->include('include/body')
 6 SYSTEMPATH\View\View.php(213): include('APPPATH\\Views\\mainpage.php')
 7 SYSTEMPATH\View\View.php(216): CodeIgniter\View\View->CodeIgniter\View\{closure}()
 8 SYSTEMPATH\Common.php(1134): CodeIgniter\View\View->render('mainpage', [], true)
 9 APPPATH\Controllers\Home.php(14): view('mainpage')
10 SYSTEMPATH\CodeIgniter.php(927): App\Controllers\Home->mainpage()
11 SYSTEMPATH\CodeIgniter.php(482): CodeIgniter\CodeIgniter->runController(Object(App\Controllers\Home))
12 SYSTEMPATH\CodeIgniter.php(351): CodeIgniter\CodeIgniter->handleRequest(null, Object(Config\Cache), false)
13 FCPATH\index.php(67): CodeIgniter\CodeIgniter->run()
14 SYSTEMPATH\Commands\Server\rewrite.php(46): require_once('FCPATH\\index.php')
CRITICAL - 2023-01-20 09:30:03 --> Undefined variable $products
in APPPATH\Views\include\featureproducts.php on line 10.
 1 APPPATH\Views\include\featureproducts.php(10): CodeIgniter\Debug\Exceptions->errorHandler(2, 'Undefined variable $products', 'APPPATH\\Views\\include\\featureproducts.php', 10)
 2 SYSTEMPATH\View\View.php(213): include('APPPATH\\Views\\include\\featureproducts.php')
 3 SYSTEMPATH\View\View.php(216): CodeIgniter\View\View->CodeIgniter\View\{closure}()
 4 SYSTEMPATH\View\View.php(431): CodeIgniter\View\View->render('include/featureproducts', null, true)
 5 APPPATH\Views\mainpage.php(6): CodeIgniter\View\View->include('include/featureproducts')
 6 SYSTEMPATH\View\View.php(213): include('APPPATH\\Views\\mainpage.php')
 7 SYSTEMPATH\View\View.php(216): CodeIgniter\View\View->CodeIgniter\View\{closure}()
 8 SYSTEMPATH\Common.php(1134): CodeIgniter\View\View->render('mainpage', [], true)
 9 APPPATH\Controllers\Home.php(14): view('mainpage')
10 SYSTEMPATH\CodeIgniter.php(927): App\Controllers\Home->mainpage()
11 SYSTEMPATH\CodeIgniter.php(482): CodeIgniter\CodeIgniter->runController(Object(App\Controllers\Home))
12 SYSTEMPATH\CodeIgniter.php(351): CodeIgniter\CodeIgniter->handleRequest(null, Object(Config\Cache), false)
13 FCPATH\index.php(67): CodeIgniter\CodeIgniter->run()
14 SYSTEMPATH\Commands\Server\rewrite.php(46): require_once('FCPATH\\index.php')
CRITICAL - 2023-01-20 09:30:37 --> Undefined variable $products
in APPPATH\Views\include\featureproducts.php on line 10.
 1 APPPATH\Views\include\featureproducts.php(10): CodeIgniter\Debug\Exceptions->errorHandler(2, 'Undefined variable $products', 'APPPATH\\Views\\include\\featureproducts.php', 10)
 2 SYSTEMPATH\View\View.php(213): include('APPPATH\\Views\\include\\featureproducts.php')
 3 SYSTEMPATH\View\View.php(216): CodeIgniter\View\View->CodeIgniter\View\{closure}()
 4 SYSTEMPATH\View\View.php(431): CodeIgniter\View\View->render('include/featureproducts', null, true)
 5 APPPATH\Views\mainpage.php(6): CodeIgniter\View\View->include('include/featureproducts')
 6 SYSTEMPATH\View\View.php(213): include('APPPATH\\Views\\mainpage.php')
 7 SYSTEMPATH\View\View.php(216): CodeIgniter\View\View->CodeIgniter\View\{closure}()
 8 SYSTEMPATH\Common.php(1134): CodeIgniter\View\View->render('mainpage', [], true)
 9 APPPATH\Controllers\Home.php(14): view('mainpage')
10 SYSTEMPATH\CodeIgniter.php(927): App\Controllers\Home->mainpage()
11 SYSTEMPATH\CodeIgniter.php(482): CodeIgniter\CodeIgniter->runController(Object(App\Controllers\Home))
12 SYSTEMPATH\CodeIgniter.php(351): CodeIgniter\CodeIgniter->handleRequest(null, Object(Config\Cache), false)
13 FCPATH\index.php(67): CodeIgniter\CodeIgniter->run()
14 SYSTEMPATH\Commands\Server\rewrite.php(46): require_once('FCPATH\\index.php')
CRITICAL - 2023-01-20 09:32:01 --> Undefined variable $products
in APPPATH\Views\include\featureproducts.php on line 10.
 1 APPPATH\Views\include\featureproducts.php(10): CodeIgniter\Debug\Exceptions->errorHandler(2, 'Undefined variable $products', 'APPPATH\\Views\\include\\featureproducts.php', 10)
 2 SYSTEMPATH\View\View.php(213): include('APPPATH\\Views\\include\\featureproducts.php')
 3 SYSTEMPATH\View\View.php(216): CodeIgniter\View\View->CodeIgniter\View\{closure}()
 4 SYSTEMPATH\View\View.php(431): CodeIgniter\View\View->render('include/featureproducts', null, true)
 5 APPPATH\Views\mainpage.php(6): CodeIgniter\View\View->include('include/featureproducts')
 6 SYSTEMPATH\View\View.php(213): include('APPPATH\\Views\\mainpage.php')
 7 SYSTEMPATH\View\View.php(216): CodeIgniter\View\View->CodeIgniter\View\{closure}()
 8 SYSTEMPATH\Common.php(1134): CodeIgniter\View\View->render('mainpage', [], true)
 9 APPPATH\Controllers\Home.php(14): view('mainpage')
10 SYSTEMPATH\CodeIgniter.php(927): App\Controllers\Home->mainpage()
11 SYSTEMPATH\CodeIgniter.php(482): CodeIgniter\CodeIgniter->runController(Object(App\Controllers\Home))
12 SYSTEMPATH\CodeIgniter.php(351): CodeIgniter\CodeIgniter->handleRequest(null, Object(Config\Cache), false)
13 FCPATH\index.php(67): CodeIgniter\CodeIgniter->run()
14 SYSTEMPATH\Commands\Server\rewrite.php(46): require_once('FCPATH\\index.php')
CRITICAL - 2023-01-20 09:32:09 --> Undefined variable $products
in APPPATH\Views\include\featureproducts.php on line 10.
 1 APPPATH\Views\include\featureproducts.php(10): CodeIgniter\Debug\Exceptions->errorHandler(2, 'Undefined variable $products', 'APPPATH\\Views\\include\\featureproducts.php', 10)
 2 SYSTEMPATH\View\View.php(213): include('APPPATH\\Views\\include\\featureproducts.php')
 3 SYSTEMPATH\View\View.php(216): CodeIgniter\View\View->CodeIgniter\View\{closure}()
 4 SYSTEMPATH\View\View.php(431): CodeIgniter\View\View->render('include/featureproducts', null, true)
 5 APPPATH\Views\mainpage.php(6): CodeIgniter\View\View->include('include/featureproducts')
 6 SYSTEMPATH\View\View.php(213): include('APPPATH\\Views\\mainpage.php')
 7 SYSTEMPATH\View\View.php(216): CodeIgniter\View\View->CodeIgniter\View\{closure}()
 8 SYSTEMPATH\Common.php(1134): CodeIgniter\View\View->render('mainpage', [], true)
 9 APPPATH\Controllers\Home.php(14): view('mainpage')
10 SYSTEMPATH\CodeIgniter.php(927): App\Controllers\Home->mainpage()
11 SYSTEMPATH\CodeIgniter.php(482): CodeIgniter\CodeIgniter->runController(Object(App\Controllers\Home))
12 SYSTEMPATH\CodeIgniter.php(351): CodeIgniter\CodeIgniter->handleRequest(null, Object(Config\Cache), false)
13 FCPATH\index.php(67): CodeIgniter\CodeIgniter->run()
14 SYSTEMPATH\Commands\Server\rewrite.php(46): require_once('FCPATH\\index.php')
CRITICAL - 2023-01-20 09:33:59 --> Undefined variable $products
in APPPATH\Views\include\featureproducts.php on line 10.
 1 APPPATH\Views\include\featureproducts.php(10): CodeIgniter\Debug\Exceptions->errorHandler(2, 'Undefined variable $products', 'APPPATH\\Views\\include\\featureproducts.php', 10)
 2 SYSTEMPATH\View\View.php(213): include('APPPATH\\Views\\include\\featureproducts.php')
 3 SYSTEMPATH\View\View.php(216): CodeIgniter\View\View->CodeIgniter\View\{closure}()
 4 SYSTEMPATH\View\View.php(431): CodeIgniter\View\View->render('include/featureproducts', null, true)
 5 APPPATH\Views\mainpage.php(6): CodeIgniter\View\View->include('include/featureproducts')
 6 SYSTEMPATH\View\View.php(213): include('APPPATH\\Views\\mainpage.php')
 7 SYSTEMPATH\View\View.php(216): CodeIgniter\View\View->CodeIgniter\View\{closure}()
 8 SYSTEMPATH\Common.php(1134): CodeIgniter\View\View->render('mainpage', [], true)
 9 APPPATH\Controllers\Home.php(14): view('mainpage')
10 SYSTEMPATH\CodeIgniter.php(927): App\Controllers\Home->mainpage()
11 SYSTEMPATH\CodeIgniter.php(482): CodeIgniter\CodeIgniter->runController(Object(App\Controllers\Home))
12 SYSTEMPATH\CodeIgniter.php(351): CodeIgniter\CodeIgniter->handleRequest(null, Object(Config\Cache), false)
13 FCPATH\index.php(67): CodeIgniter\CodeIgniter->run()
14 SYSTEMPATH\Commands\Server\rewrite.php(46): require_once('FCPATH\\index.php')
CRITICAL - 2023-01-20 09:34:13 --> Undefined variable $products
in APPPATH\Views\include\featureproducts.php on line 10.
 1 APPPATH\Views\include\featureproducts.php(10): CodeIgniter\Debug\Exceptions->errorHandler(2, 'Undefined variable $products', 'APPPATH\\Views\\include\\featureproducts.php', 10)
 2 SYSTEMPATH\View\View.php(213): include('APPPATH\\Views\\include\\featureproducts.php')
 3 SYSTEMPATH\View\View.php(216): CodeIgniter\View\View->CodeIgniter\View\{closure}()
 4 SYSTEMPATH\View\View.php(431): CodeIgniter\View\View->render('include/featureproducts', null, true)
 5 APPPATH\Views\mainpage.php(6): CodeIgniter\View\View->include('include/featureproducts')
 6 SYSTEMPATH\View\View.php(213): include('APPPATH\\Views\\mainpage.php')
 7 SYSTEMPATH\View\View.php(216): CodeIgniter\View\View->CodeIgniter\View\{closure}()
 8 SYSTEMPATH\Common.php(1134): CodeIgniter\View\View->render('mainpage', [], true)
 9 APPPATH\Controllers\Home.php(14): view('mainpage')
10 SYSTEMPATH\CodeIgniter.php(927): App\Controllers\Home->mainpage()
11 SYSTEMPATH\CodeIgniter.php(482): CodeIgniter\CodeIgniter->runController(Object(App\Controllers\Home))
12 SYSTEMPATH\CodeIgniter.php(351): CodeIgniter\CodeIgniter->handleRequest(null, Object(Config\Cache), false)
13 FCPATH\index.php(67): CodeIgniter\CodeIgniter->run()
14 SYSTEMPATH\Commands\Server\rewrite.php(46): require_once('FCPATH\\index.php')
CRITICAL - 2023-01-20 09:34:28 --> Undefined variable $products
in APPPATH\Views\include\featureproducts.php on line 10.
 1 APPPATH\Views\include\featureproducts.php(10): CodeIgniter\Debug\Exceptions->errorHandler(2, 'Undefined variable $products', 'APPPATH\\Views\\include\\featureproducts.php', 10)
 2 SYSTEMPATH\View\View.php(213): include('APPPATH\\Views\\include\\featureproducts.php')
 3 SYSTEMPATH\View\View.php(216): CodeIgniter\View\View->CodeIgniter\View\{closure}()
 4 SYSTEMPATH\View\View.php(431): CodeIgniter\View\View->render('include/featureproducts', null, true)
 5 APPPATH\Views\mainpage.php(6): CodeIgniter\View\View->include('include/featureproducts')
 6 SYSTEMPATH\View\View.php(213): include('APPPATH\\Views\\mainpage.php')
 7 SYSTEMPATH\View\View.php(216): CodeIgniter\View\View->CodeIgniter\View\{closure}()
 8 SYSTEMPATH\Common.php(1134): CodeIgniter\View\View->render('mainpage', [], true)
 9 APPPATH\Controllers\Home.php(14): view('mainpage')
10 SYSTEMPATH\CodeIgniter.php(927): App\Controllers\Home->mainpage()
11 SYSTEMPATH\CodeIgniter.php(482): CodeIgniter\CodeIgniter->runController(Object(App\Controllers\Home))
12 SYSTEMPATH\CodeIgniter.php(351): CodeIgniter\CodeIgniter->handleRequest(null, Object(Config\Cache), false)
13 FCPATH\index.php(67): CodeIgniter\CodeIgniter->run()
14 SYSTEMPATH\Commands\Server\rewrite.php(46): require_once('FCPATH\\index.php')
CRITICAL - 2023-01-20 09:36:17 --> Undefined variable $products
in APPPATH\Views\include\featureproducts.php on line 10.
 1 APPPATH\Views\include\featureproducts.php(10): CodeIgniter\Debug\Exceptions->errorHandler(2, 'Undefined variable $products', 'APPPATH\\Views\\include\\featureproducts.php', 10)
 2 SYSTEMPATH\View\View.php(213): include('APPPATH\\Views\\include\\featureproducts.php')
 3 SYSTEMPATH\View\View.php(216): CodeIgniter\View\View->CodeIgniter\View\{closure}()
 4 SYSTEMPATH\View\View.php(431): CodeIgniter\View\View->render('include/featureproducts', null, true)
 5 APPPATH\Views\mainpage.php(6): CodeIgniter\View\View->include('include/featureproducts')
 6 SYSTEMPATH\View\View.php(213): include('APPPATH\\Views\\mainpage.php')
 7 SYSTEMPATH\View\View.php(216): CodeIgniter\View\View->CodeIgniter\View\{closure}()
 8 SYSTEMPATH\Common.php(1134): CodeIgniter\View\View->render('mainpage', [], true)
 9 APPPATH\Controllers\Home.php(14): view('mainpage')
10 SYSTEMPATH\CodeIgniter.php(927): App\Controllers\Home->mainpage()
11 SYSTEMPATH\CodeIgniter.php(482): CodeIgniter\CodeIgniter->runController(Object(App\Controllers\Home))
12 SYSTEMPATH\CodeIgniter.php(351): CodeIgniter\CodeIgniter->handleRequest(null, Object(Config\Cache), false)
13 FCPATH\index.php(67): CodeIgniter\CodeIgniter->run()
14 SYSTEMPATH\Commands\Server\rewrite.php(46): require_once('FCPATH\\index.php')
CRITICAL - 2023-01-20 09:36:54 --> Undefined variable $products
in APPPATH\Views\include\featureproducts.php on line 10.
 1 APPPATH\Views\include\featureproducts.php(10): CodeIgniter\Debug\Exceptions->errorHandler(2, 'Undefined variable $products', 'APPPATH\\Views\\include\\featureproducts.php', 10)
 2 SYSTEMPATH\View\View.php(213): include('APPPATH\\Views\\include\\featureproducts.php')
 3 SYSTEMPATH\View\View.php(216): CodeIgniter\View\View->CodeIgniter\View\{closure}()
 4 SYSTEMPATH\View\View.php(431): CodeIgniter\View\View->render('include/featureproducts', null, true)
 5 APPPATH\Views\mainpage.php(6): CodeIgniter\View\View->include('include/featureproducts')
 6 SYSTEMPATH\View\View.php(213): include('APPPATH\\Views\\mainpage.php')
 7 SYSTEMPATH\View\View.php(216): CodeIgniter\View\View->CodeIgniter\View\{closure}()
 8 SYSTEMPATH\Common.php(1134): CodeIgniter\View\View->render('mainpage', [], true)
 9 APPPATH\Controllers\Home.php(14): view('mainpage')
10 SYSTEMPATH\CodeIgniter.php(927): App\Controllers\Home->mainpage()
11 SYSTEMPATH\CodeIgniter.php(482): CodeIgniter\CodeIgniter->runController(Object(App\Controllers\Home))
12 SYSTEMPATH\CodeIgniter.php(351): CodeIgniter\CodeIgniter->handleRequest(null, Object(Config\Cache), false)
13 FCPATH\index.php(67): CodeIgniter\CodeIgniter->run()
14 SYSTEMPATH\Commands\Server\rewrite.php(46): require_once('FCPATH\\index.php')
CRITICAL - 2023-01-20 09:37:33 --> Undefined variable $products
in APPPATH\Views\include\featureproducts.php on line 10.
 1 APPPATH\Views\include\featureproducts.php(10): CodeIgniter\Debug\Exceptions->errorHandler(2, 'Undefined variable $products', 'APPPATH\\Views\\include\\featureproducts.php', 10)
 2 SYSTEMPATH\View\View.php(213): include('APPPATH\\Views\\include\\featureproducts.php')
 3 SYSTEMPATH\View\View.php(216): CodeIgniter\View\View->CodeIgniter\View\{closure}()
 4 SYSTEMPATH\View\View.php(431): CodeIgniter\View\View->render('include/featureproducts', null, true)
 5 APPPATH\Views\mainpage.php(6): CodeIgniter\View\View->include('include/featureproducts')
 6 SYSTEMPATH\View\View.php(213): include('APPPATH\\Views\\mainpage.php')
 7 SYSTEMPATH\View\View.php(216): CodeIgniter\View\View->CodeIgniter\View\{closure}()
 8 SYSTEMPATH\Common.php(1134): CodeIgniter\View\View->render('mainpage', [], true)
 9 APPPATH\Controllers\Home.php(14): view('mainpage')
10 SYSTEMPATH\CodeIgniter.php(927): App\Controllers\Home->mainpage()
11 SYSTEMPATH\CodeIgniter.php(482): CodeIgniter\CodeIgniter->runController(Object(App\Controllers\Home))
12 SYSTEMPATH\CodeIgniter.php(351): CodeIgniter\CodeIgniter->handleRequest(null, Object(Config\Cache), false)
13 FCPATH\index.php(67): CodeIgniter\CodeIgniter->run()
14 SYSTEMPATH\Commands\Server\rewrite.php(46): require_once('FCPATH\\index.php')
CRITICAL - 2023-01-20 09:37:44 --> Undefined variable $products
in APPPATH\Views\include\featureproducts.php on line 10.
 1 APPPATH\Views\include\featureproducts.php(10): CodeIgniter\Debug\Exceptions->errorHandler(2, 'Undefined variable $products', 'APPPATH\\Views\\include\\featureproducts.php', 10)
 2 SYSTEMPATH\View\View.php(213): include('APPPATH\\Views\\include\\featureproducts.php')
 3 SYSTEMPATH\View\View.php(216): CodeIgniter\View\View->CodeIgniter\View\{closure}()
 4 SYSTEMPATH\View\View.php(431): CodeIgniter\View\View->render('include/featureproducts', null, true)
 5 APPPATH\Views\mainpage.php(6): CodeIgniter\View\View->include('include/featureproducts')
 6 SYSTEMPATH\View\View.php(213): include('APPPATH\\Views\\mainpage.php')
 7 SYSTEMPATH\View\View.php(216): CodeIgniter\View\View->CodeIgniter\View\{closure}()
 8 SYSTEMPATH\Common.php(1134): CodeIgniter\View\View->render('mainpage', [], true)
 9 APPPATH\Controllers\Home.php(14): view('mainpage')
10 SYSTEMPATH\CodeIgniter.php(927): App\Controllers\Home->mainpage()
11 SYSTEMPATH\CodeIgniter.php(482): CodeIgniter\CodeIgniter->runController(Object(App\Controllers\Home))
12 SYSTEMPATH\CodeIgniter.php(351): CodeIgniter\CodeIgniter->handleRequest(null, Object(Config\Cache), false)
13 FCPATH\index.php(67): CodeIgniter\CodeIgniter->run()
14 SYSTEMPATH\Commands\Server\rewrite.php(46): require_once('FCPATH\\index.php')
CRITICAL - 2023-01-20 09:38:58 --> Undefined variable $products
in APPPATH\Views\include\featureproducts.php on line 10.
 1 APPPATH\Views\include\featureproducts.php(10): CodeIgniter\Debug\Exceptions->errorHandler(2, 'Undefined variable $products', 'APPPATH\\Views\\include\\featureproducts.php', 10)
 2 SYSTEMPATH\View\View.php(213): include('APPPATH\\Views\\include\\featureproducts.php')
 3 SYSTEMPATH\View\View.php(216): CodeIgniter\View\View->CodeIgniter\View\{closure}()
 4 SYSTEMPATH\View\View.php(431): CodeIgniter\View\View->render('include/featureproducts', null, true)
 5 APPPATH\Views\mainpage.php(5): CodeIgniter\View\View->include('include/featureproducts')
 6 SYSTEMPATH\View\View.php(213): include('APPPATH\\Views\\mainpage.php')
 7 SYSTEMPATH\View\View.php(216): CodeIgniter\View\View->CodeIgniter\View\{closure}()
 8 SYSTEMPATH\Common.php(1134): CodeIgniter\View\View->render('mainpage', [], true)
 9 APPPATH\Controllers\Home.php(14): view('mainpage')
10 SYSTEMPATH\CodeIgniter.php(927): App\Controllers\Home->mainpage()
11 SYSTEMPATH\CodeIgniter.php(482): CodeIgniter\CodeIgniter->runController(Object(App\Controllers\Home))
12 SYSTEMPATH\CodeIgniter.php(351): CodeIgniter\CodeIgniter->handleRequest(null, Object(Config\Cache), false)
13 FCPATH\index.php(67): CodeIgniter\CodeIgniter->run()
14 SYSTEMPATH\Commands\Server\rewrite.php(46): require_once('FCPATH\\index.php')
CRITICAL - 2023-01-20 09:39:36 --> Undefined variable $products
in APPPATH\Views\include\featureproducts.php on line 10.
 1 APPPATH\Views\include\featureproducts.php(10): CodeIgniter\Debug\Exceptions->errorHandler(2, 'Undefined variable $products', 'APPPATH\\Views\\include\\featureproducts.php', 10)
 2 SYSTEMPATH\View\View.php(213): include('APPPATH\\Views\\include\\featureproducts.php')
 3 SYSTEMPATH\View\View.php(216): CodeIgniter\View\View->CodeIgniter\View\{closure}()
 4 SYSTEMPATH\View\View.php(431): CodeIgniter\View\View->render('include/featureproducts', null, true)
 5 APPPATH\Views\mainpage.php(6): CodeIgniter\View\View->include('include/featureproducts')
 6 SYSTEMPATH\View\View.php(213): include('APPPATH\\Views\\mainpage.php')
 7 SYSTEMPATH\View\View.php(216): CodeIgniter\View\View->CodeIgniter\View\{closure}()
 8 SYSTEMPATH\Common.php(1134): CodeIgniter\View\View->render('mainpage', [], true)
 9 APPPATH\Controllers\Home.php(14): view('mainpage')
10 SYSTEMPATH\CodeIgniter.php(927): App\Controllers\Home->mainpage()
11 SYSTEMPATH\CodeIgniter.php(482): CodeIgniter\CodeIgniter->runController(Object(App\Controllers\Home))
12 SYSTEMPATH\CodeIgniter.php(351): CodeIgniter\CodeIgniter->handleRequest(null, Object(Config\Cache), false)
13 FCPATH\index.php(67): CodeIgniter\CodeIgniter->run()
14 SYSTEMPATH\Commands\Server\rewrite.php(46): require_once('FCPATH\\index.php')
CRITICAL - 2023-01-20 09:40:56 --> Undefined variable $products
in APPPATH\Views\include\featureproducts.php on line 10.
 1 APPPATH\Views\include\featureproducts.php(10): CodeIgniter\Debug\Exceptions->errorHandler(2, 'Undefined variable $products', 'APPPATH\\Views\\include\\featureproducts.php', 10)
 2 SYSTEMPATH\View\View.php(213): include('APPPATH\\Views\\include\\featureproducts.php')
 3 SYSTEMPATH\View\View.php(216): CodeIgniter\View\View->CodeIgniter\View\{closure}()
 4 SYSTEMPATH\View\View.php(431): CodeIgniter\View\View->render('include/featureproducts', null, true)
 5 APPPATH\Views\mainpage.php(6): CodeIgniter\View\View->include('include/featureproducts')
 6 SYSTEMPATH\View\View.php(213): include('APPPATH\\Views\\mainpage.php')
 7 SYSTEMPATH\View\View.php(216): CodeIgniter\View\View->CodeIgniter\View\{closure}()
 8 SYSTEMPATH\Common.php(1134): CodeIgniter\View\View->render('mainpage', [], true)
 9 APPPATH\Controllers\Home.php(14): view('mainpage')
10 SYSTEMPATH\CodeIgniter.php(927): App\Controllers\Home->mainpage()
11 SYSTEMPATH\CodeIgniter.php(482): CodeIgniter\CodeIgniter->runController(Object(App\Controllers\Home))
12 SYSTEMPATH\CodeIgniter.php(351): CodeIgniter\CodeIgniter->handleRequest(null, Object(Config\Cache), false)
13 FCPATH\index.php(67): CodeIgniter\CodeIgniter->run()
14 SYSTEMPATH\Commands\Server\rewrite.php(46): require_once('FCPATH\\index.php')
CRITICAL - 2023-01-20 09:41:44 --> Undefined variable $products
in APPPATH\Views\include\featureproducts.php on line 10.
 1 APPPATH\Views\include\featureproducts.php(10): CodeIgniter\Debug\Exceptions->errorHandler(2, 'Undefined variable $products', 'APPPATH\\Views\\include\\featureproducts.php', 10)
 2 SYSTEMPATH\View\View.php(213): include('APPPATH\\Views\\include\\featureproducts.php')
 3 SYSTEMPATH\View\View.php(216): CodeIgniter\View\View->CodeIgniter\View\{closure}()
 4 SYSTEMPATH\View\View.php(431): CodeIgniter\View\View->render('include/featureproducts', null, true)
 5 APPPATH\Views\mainpage.php(6): CodeIgniter\View\View->include('include/featureproducts')
 6 SYSTEMPATH\View\View.php(213): include('APPPATH\\Views\\mainpage.php')
 7 SYSTEMPATH\View\View.php(216): CodeIgniter\View\View->CodeIgniter\View\{closure}()
 8 SYSTEMPATH\Common.php(1134): CodeIgniter\View\View->render('mainpage', [], true)
 9 APPPATH\Controllers\Home.php(14): view('mainpage')
10 SYSTEMPATH\CodeIgniter.php(927): App\Controllers\Home->mainpage()
11 SYSTEMPATH\CodeIgniter.php(482): CodeIgniter\CodeIgniter->runController(Object(App\Controllers\Home))
12 SYSTEMPATH\CodeIgniter.php(351): CodeIgniter\CodeIgniter->handleRequest(null, Object(Config\Cache), false)
13 FCPATH\index.php(67): CodeIgniter\CodeIgniter->run()
14 SYSTEMPATH\Commands\Server\rewrite.php(46): require_once('FCPATH\\index.php')
CRITICAL - 2023-01-20 09:42:06 --> Undefined variable $products
in APPPATH\Views\include\featureproducts.php on line 10.
 1 APPPATH\Views\include\featureproducts.php(10): CodeIgniter\Debug\Exceptions->errorHandler(2, 'Undefined variable $products', 'APPPATH\\Views\\include\\featureproducts.php', 10)
 2 SYSTEMPATH\View\View.php(213): include('APPPATH\\Views\\include\\featureproducts.php')
 3 SYSTEMPATH\View\View.php(216): CodeIgniter\View\View->CodeIgniter\View\{closure}()
 4 SYSTEMPATH\View\View.php(431): CodeIgniter\View\View->render('include/featureproducts', null, true)
 5 APPPATH\Views\mainpage.php(6): CodeIgniter\View\View->include('include/featureproducts')
 6 SYSTEMPATH\View\View.php(213): include('APPPATH\\Views\\mainpage.php')
 7 SYSTEMPATH\View\View.php(216): CodeIgniter\View\View->CodeIgniter\View\{closure}()
 8 SYSTEMPATH\Common.php(1134): CodeIgniter\View\View->render('mainpage', [], true)
 9 APPPATH\Controllers\Home.php(14): view('mainpage')
10 SYSTEMPATH\CodeIgniter.php(927): App\Controllers\Home->mainpage()
11 SYSTEMPATH\CodeIgniter.php(482): CodeIgniter\CodeIgniter->runController(Object(App\Controllers\Home))
12 SYSTEMPATH\CodeIgniter.php(351): CodeIgniter\CodeIgniter->handleRequest(null, Object(Config\Cache), false)
13 FCPATH\index.php(67): CodeIgniter\CodeIgniter->run()
14 SYSTEMPATH\Commands\Server\rewrite.php(46): require_once('FCPATH\\index.php')
CRITICAL - 2023-01-20 09:43:02 --> Undefined variable $products
in APPPATH\Views\include\featureproducts.php on line 10.
 1 APPPATH\Views\include\featureproducts.php(10): CodeIgniter\Debug\Exceptions->errorHandler(2, 'Undefined variable $products', 'APPPATH\\Views\\include\\featureproducts.php', 10)
 2 SYSTEMPATH\View\View.php(213): include('APPPATH\\Views\\include\\featureproducts.php')
 3 SYSTEMPATH\View\View.php(216): CodeIgniter\View\View->CodeIgniter\View\{closure}()
 4 SYSTEMPATH\View\View.php(431): CodeIgniter\View\View->render('include/featureproducts', null, true)
 5 APPPATH\Views\mainpage.php(6): CodeIgniter\View\View->include('include/featureproducts')
 6 SYSTEMPATH\View\View.php(213): include('APPPATH\\Views\\mainpage.php')
 7 SYSTEMPATH\View\View.php(216): CodeIgniter\View\View->CodeIgniter\View\{closure}()
 8 SYSTEMPATH\Common.php(1134): CodeIgniter\View\View->render('mainpage', [], true)
 9 APPPATH\Controllers\Home.php(14): view('mainpage')
10 SYSTEMPATH\CodeIgniter.php(927): App\Controllers\Home->mainpage()
11 SYSTEMPATH\CodeIgniter.php(482): CodeIgniter\CodeIgniter->runController(Object(App\Controllers\Home))
12 SYSTEMPATH\CodeIgniter.php(351): CodeIgniter\CodeIgniter->handleRequest(null, Object(Config\Cache), false)
13 FCPATH\index.php(67): CodeIgniter\CodeIgniter->run()
14 SYSTEMPATH\Commands\Server\rewrite.php(46): require_once('FCPATH\\index.php')
CRITICAL - 2023-01-20 09:43:14 --> Undefined variable $products
in APPPATH\Views\include\featureproducts.php on line 10.
 1 APPPATH\Views\include\featureproducts.php(10): CodeIgniter\Debug\Exceptions->errorHandler(2, 'Undefined variable $products', 'APPPATH\\Views\\include\\featureproducts.php', 10)
 2 SYSTEMPATH\View\View.php(213): include('APPPATH\\Views\\include\\featureproducts.php')
 3 SYSTEMPATH\View\View.php(216): CodeIgniter\View\View->CodeIgniter\View\{closure}()
 4 SYSTEMPATH\View\View.php(431): CodeIgniter\View\View->render('include/featureproducts', null, true)
 5 APPPATH\Views\mainpage.php(6): CodeIgniter\View\View->include('include/featureproducts')
 6 SYSTEMPATH\View\View.php(213): include('APPPATH\\Views\\mainpage.php')
 7 SYSTEMPATH\View\View.php(216): CodeIgniter\View\View->CodeIgniter\View\{closure}()
 8 SYSTEMPATH\Common.php(1134): CodeIgniter\View\View->render('mainpage', [], true)
 9 APPPATH\Controllers\Home.php(14): view('mainpage')
10 SYSTEMPATH\CodeIgniter.php(927): App\Controllers\Home->mainpage()
11 SYSTEMPATH\CodeIgniter.php(482): CodeIgniter\CodeIgniter->runController(Object(App\Controllers\Home))
12 SYSTEMPATH\CodeIgniter.php(351): CodeIgniter\CodeIgniter->handleRequest(null, Object(Config\Cache), false)
13 FCPATH\index.php(67): CodeIgniter\CodeIgniter->run()
14 SYSTEMPATH\Commands\Server\rewrite.php(46): require_once('FCPATH\\index.php')
CRITICAL - 2023-01-20 09:43:19 --> Undefined variable $products
in APPPATH\Views\include\featureproducts.php on line 10.
 1 APPPATH\Views\include\featureproducts.php(10): CodeIgniter\Debug\Exceptions->errorHandler(2, 'Undefined variable $products', 'APPPATH\\Views\\include\\featureproducts.php', 10)
 2 SYSTEMPATH\View\View.php(213): include('APPPATH\\Views\\include\\featureproducts.php')
 3 SYSTEMPATH\View\View.php(216): CodeIgniter\View\View->CodeIgniter\View\{closure}()
 4 SYSTEMPATH\View\View.php(431): CodeIgniter\View\View->render('include/featureproducts', null, true)
 5 APPPATH\Views\mainpage.php(6): CodeIgniter\View\View->include('include/featureproducts')
 6 SYSTEMPATH\View\View.php(213): include('APPPATH\\Views\\mainpage.php')
 7 SYSTEMPATH\View\View.php(216): CodeIgniter\View\View->CodeIgniter\View\{closure}()
 8 SYSTEMPATH\Common.php(1134): CodeIgniter\View\View->render('mainpage', [], true)
 9 APPPATH\Controllers\Home.php(14): view('mainpage')
10 SYSTEMPATH\CodeIgniter.php(927): App\Controllers\Home->mainpage()
11 SYSTEMPATH\CodeIgniter.php(482): CodeIgniter\CodeIgniter->runController(Object(App\Controllers\Home))
12 SYSTEMPATH\CodeIgniter.php(351): CodeIgniter\CodeIgniter->handleRequest(null, Object(Config\Cache), false)
13 FCPATH\index.php(67): CodeIgniter\CodeIgniter->run()
14 SYSTEMPATH\Commands\Server\rewrite.php(46): require_once('FCPATH\\index.php')
CRITICAL - 2023-01-20 09:43:21 --> Undefined variable $products
in APPPATH\Views\include\featureproducts.php on line 10.
 1 APPPATH\Views\include\featureproducts.php(10): CodeIgniter\Debug\Exceptions->errorHandler(2, 'Undefined variable $products', 'APPPATH\\Views\\include\\featureproducts.php', 10)
 2 SYSTEMPATH\View\View.php(213): include('APPPATH\\Views\\include\\featureproducts.php')
 3 SYSTEMPATH\View\View.php(216): CodeIgniter\View\View->CodeIgniter\View\{closure}()
 4 SYSTEMPATH\View\View.php(431): CodeIgniter\View\View->render('include/featureproducts', null, true)
 5 APPPATH\Views\mainpage.php(6): CodeIgniter\View\View->include('include/featureproducts')
 6 SYSTEMPATH\View\View.php(213): include('APPPATH\\Views\\mainpage.php')
 7 SYSTEMPATH\View\View.php(216): CodeIgniter\View\View->CodeIgniter\View\{closure}()
 8 SYSTEMPATH\Common.php(1134): CodeIgniter\View\View->render('mainpage', [], true)
 9 APPPATH\Controllers\Home.php(14): view('mainpage')
10 SYSTEMPATH\CodeIgniter.php(927): App\Controllers\Home->mainpage()
11 SYSTEMPATH\CodeIgniter.php(482): CodeIgniter\CodeIgniter->runController(Object(App\Controllers\Home))
12 SYSTEMPATH\CodeIgniter.php(351): CodeIgniter\CodeIgniter->handleRequest(null, Object(Config\Cache), false)
13 FCPATH\index.php(67): CodeIgniter\CodeIgniter->run()
14 SYSTEMPATH\Commands\Server\rewrite.php(46): require_once('FCPATH\\index.php')
CRITICAL - 2023-01-20 09:44:23 --> Undefined variable $products
in APPPATH\Views\include\featureproducts.php on line 10.
 1 APPPATH\Views\include\featureproducts.php(10): CodeIgniter\Debug\Exceptions->errorHandler(2, 'Undefined variable $products', 'APPPATH\\Views\\include\\featureproducts.php', 10)
 2 SYSTEMPATH\View\View.php(213): include('APPPATH\\Views\\include\\featureproducts.php')
 3 SYSTEMPATH\View\View.php(216): CodeIgniter\View\View->CodeIgniter\View\{closure}()
 4 SYSTEMPATH\View\View.php(431): CodeIgniter\View\View->render('include/featureproducts', null, true)
 5 APPPATH\Views\mainpage.php(6): CodeIgniter\View\View->include('include/featureproducts')
 6 SYSTEMPATH\View\View.php(213): include('APPPATH\\Views\\mainpage.php')
 7 SYSTEMPATH\View\View.php(216): CodeIgniter\View\View->CodeIgniter\View\{closure}()
 8 SYSTEMPATH\Common.php(1134): CodeIgniter\View\View->render('mainpage', [], true)
 9 APPPATH\Controllers\Home.php(14): view('mainpage')
10 SYSTEMPATH\CodeIgniter.php(927): App\Controllers\Home->mainpage()
11 SYSTEMPATH\CodeIgniter.php(482): CodeIgniter\CodeIgniter->runController(Object(App\Controllers\Home))
12 SYSTEMPATH\CodeIgniter.php(351): CodeIgniter\CodeIgniter->handleRequest(null, Object(Config\Cache), false)
13 FCPATH\index.php(67): CodeIgniter\CodeIgniter->run()
14 SYSTEMPATH\Commands\Server\rewrite.php(46): require_once('FCPATH\\index.php')
CRITICAL - 2023-01-20 09:44:35 --> Invalid file: include/featureproducts.php
in SYSTEMPATH\Exceptions\FrameworkException.php on line 33.
 1 SYSTEMPATH\View\View.php(201): CodeIgniter\Exceptions\FrameworkException::forInvalidFile('include/featureproducts.php')
 2 SYSTEMPATH\View\View.php(431): CodeIgniter\View\View->render('include/featureproducts', null, true)
 3 APPPATH\Views\mainpage.php(6): CodeIgniter\View\View->include('include/featureproducts')
 4 SYSTEMPATH\View\View.php(213): include('APPPATH\\Views\\mainpage.php')
 5 SYSTEMPATH\View\View.php(216): CodeIgniter\View\View->CodeIgniter\View\{closure}()
 6 SYSTEMPATH\Common.php(1134): CodeIgniter\View\View->render('mainpage', [], true)
 7 APPPATH\Controllers\Home.php(14): view('mainpage')
 8 SYSTEMPATH\CodeIgniter.php(927): App\Controllers\Home->mainpage()
 9 SYSTEMPATH\CodeIgniter.php(482): CodeIgniter\CodeIgniter->runController(Object(App\Controllers\Home))
10 SYSTEMPATH\CodeIgniter.php(351): CodeIgniter\CodeIgniter->handleRequest(null, Object(Config\Cache), false)
11 FCPATH\index.php(67): CodeIgniter\CodeIgniter->run()
12 SYSTEMPATH\Commands\Server\rewrite.php(46): require_once('FCPATH\\index.php')
