CRITICAL - 2022-12-06 11:42:56 --> Undefined array key "name"
in APPPATH\Views\auth\dashboard.php on line 25.
 1 APPPATH\Views\auth\dashboard.php(25): CodeIgniter\Debug\Exceptions->errorHandler(2, 'Undefined array key "name"', 'APPPATH\\Views\\auth\\dashboard.php', 25)
 2 SYSTEMPATH\View\View.php(213): include('APPPATH\\Views\\auth\\dashboard.php')
 3 SYSTEMPATH\View\View.php(216): CodeIgniter\View\View->CodeIgniter\View\{closure}()
 4 SYSTEMPATH\Common.php(1134): CodeIgniter\View\View->render('auth/dashboard', [], true)
 5 APPPATH\Controllers\Dashboard.php(21): view('auth/dashboard', [...])
 6 SYSTEMPATH\CodeIgniter.php(927): App\Controllers\Dashboard->dashboard()
 7 SYSTEMPATH\CodeIgniter.php(482): CodeIgniter\CodeIgniter->runController(Object(App\Controllers\Dashboard))
 8 SYSTEMPATH\CodeIgniter.php(351): CodeIgniter\CodeIgniter->handleRequest(null, Object(Config\Cache), false)
 9 FCPATH\index.php(67): CodeIgniter\CodeIgniter->run()
10 SYSTEMPATH\Commands\Server\rewrite.php(46): require_once('FCPATH\\index.php')
CRITICAL - 2022-12-06 11:45:41 --> Undefined array key "name"
in APPPATH\Views\auth\dashboard.php on line 25.
 1 APPPATH\Views\auth\dashboard.php(25): CodeIgniter\Debug\Exceptions->errorHandler(2, 'Undefined array key "name"', 'APPPATH\\Views\\auth\\dashboard.php', 25)
 2 SYSTEMPATH\View\View.php(213): include('APPPATH\\Views\\auth\\dashboard.php')
 3 SYSTEMPATH\View\View.php(216): CodeIgniter\View\View->CodeIgniter\View\{closure}()
 4 SYSTEMPATH\Common.php(1134): CodeIgniter\View\View->render('auth/dashboard', [], true)
 5 APPPATH\Controllers\Dashboard.php(21): view('auth/dashboard', [...])
 6 SYSTEMPATH\CodeIgniter.php(927): App\Controllers\Dashboard->dashboard()
 7 SYSTEMPATH\CodeIgniter.php(482): CodeIgniter\CodeIgniter->runController(Object(App\Controllers\Dashboard))
 8 SYSTEMPATH\CodeIgniter.php(351): CodeIgniter\CodeIgniter->handleRequest(null, Object(Config\Cache), false)
 9 FCPATH\index.php(67): CodeIgniter\CodeIgniter->run()
10 SYSTEMPATH\Commands\Server\rewrite.php(46): require_once('FCPATH\\index.php')
CRITICAL - 2022-12-06 11:46:03 --> Undefined array key "name"
in APPPATH\Views\auth\dashboard.php on line 25.
 1 APPPATH\Views\auth\dashboard.php(25): CodeIgniter\Debug\Exceptions->errorHandler(2, 'Undefined array key "name"', 'APPPATH\\Views\\auth\\dashboard.php', 25)
 2 SYSTEMPATH\View\View.php(213): include('APPPATH\\Views\\auth\\dashboard.php')
 3 SYSTEMPATH\View\View.php(216): CodeIgniter\View\View->CodeIgniter\View\{closure}()
 4 SYSTEMPATH\Common.php(1134): CodeIgniter\View\View->render('auth/dashboard', [], true)
 5 APPPATH\Controllers\Dashboard.php(21): view('auth/dashboard', [...])
 6 SYSTEMPATH\CodeIgniter.php(927): App\Controllers\Dashboard->dashboard()
 7 SYSTEMPATH\CodeIgniter.php(482): CodeIgniter\CodeIgniter->runController(Object(App\Controllers\Dashboard))
 8 SYSTEMPATH\CodeIgniter.php(351): CodeIgniter\CodeIgniter->handleRequest(null, Object(Config\Cache), false)
 9 FCPATH\index.php(67): CodeIgniter\CodeIgniter->run()
10 SYSTEMPATH\Commands\Server\rewrite.php(46): require_once('FCPATH\\index.php')
CRITICAL - 2022-12-06 11:46:16 --> Undefined array key "name"
in APPPATH\Views\auth\dashboard.php on line 25.
 1 APPPATH\Views\auth\dashboard.php(25): CodeIgniter\Debug\Exceptions->errorHandler(2, 'Undefined array key "name"', 'APPPATH\\Views\\auth\\dashboard.php', 25)
 2 SYSTEMPATH\View\View.php(213): include('APPPATH\\Views\\auth\\dashboard.php')
 3 SYSTEMPATH\View\View.php(216): CodeIgniter\View\View->CodeIgniter\View\{closure}()
 4 SYSTEMPATH\Common.php(1134): CodeIgniter\View\View->render('auth/dashboard', [], true)
 5 APPPATH\Controllers\Dashboard.php(21): view('auth/dashboard', [...])
 6 SYSTEMPATH\CodeIgniter.php(927): App\Controllers\Dashboard->dashboard()
 7 SYSTEMPATH\CodeIgniter.php(482): CodeIgniter\CodeIgniter->runController(Object(App\Controllers\Dashboard))
 8 SYSTEMPATH\CodeIgniter.php(351): CodeIgniter\CodeIgniter->handleRequest(null, Object(Config\Cache), false)
 9 FCPATH\index.php(67): CodeIgniter\CodeIgniter->run()
10 SYSTEMPATH\Commands\Server\rewrite.php(46): require_once('FCPATH\\index.php')
CRITICAL - 2022-12-06 11:46:18 --> Undefined array key "name"
in APPPATH\Views\auth\dashboard.php on line 25.
 1 APPPATH\Views\auth\dashboard.php(25): CodeIgniter\Debug\Exceptions->errorHandler(2, 'Undefined array key "name"', 'APPPATH\\Views\\auth\\dashboard.php', 25)
 2 SYSTEMPATH\View\View.php(213): include('APPPATH\\Views\\auth\\dashboard.php')
 3 SYSTEMPATH\View\View.php(216): CodeIgniter\View\View->CodeIgniter\View\{closure}()
 4 SYSTEMPATH\Common.php(1134): CodeIgniter\View\View->render('auth/dashboard', [], true)
 5 APPPATH\Controllers\Dashboard.php(21): view('auth/dashboard', [...])
 6 SYSTEMPATH\CodeIgniter.php(927): App\Controllers\Dashboard->dashboard()
 7 SYSTEMPATH\CodeIgniter.php(482): CodeIgniter\CodeIgniter->runController(Object(App\Controllers\Dashboard))
 8 SYSTEMPATH\CodeIgniter.php(351): CodeIgniter\CodeIgniter->handleRequest(null, Object(Config\Cache), false)
 9 FCPATH\index.php(67): CodeIgniter\CodeIgniter->run()
10 SYSTEMPATH\Commands\Server\rewrite.php(46): require_once('FCPATH\\index.php')
CRITICAL - 2022-12-06 11:48:04 --> Undefined array key "name"
in APPPATH\Views\auth\dashboard.php on line 25.
 1 APPPATH\Views\auth\dashboard.php(25): CodeIgniter\Debug\Exceptions->errorHandler(2, 'Undefined array key "name"', 'APPPATH\\Views\\auth\\dashboard.php', 25)
 2 SYSTEMPATH\View\View.php(213): include('APPPATH\\Views\\auth\\dashboard.php')
 3 SYSTEMPATH\View\View.php(216): CodeIgniter\View\View->CodeIgniter\View\{closure}()
 4 SYSTEMPATH\Common.php(1134): CodeIgniter\View\View->render('auth/dashboard', [], true)
 5 APPPATH\Controllers\Dashboard.php(21): view('auth/dashboard', [...])
 6 SYSTEMPATH\CodeIgniter.php(927): App\Controllers\Dashboard->dashboard()
 7 SYSTEMPATH\CodeIgniter.php(482): CodeIgniter\CodeIgniter->runController(Object(App\Controllers\Dashboard))
 8 SYSTEMPATH\CodeIgniter.php(351): CodeIgniter\CodeIgniter->handleRequest(null, Object(Config\Cache), false)
 9 FCPATH\index.php(67): CodeIgniter\CodeIgniter->run()
10 SYSTEMPATH\Commands\Server\rewrite.php(46): require_once('FCPATH\\index.php')
CRITICAL - 2022-12-06 11:50:19 --> Undefined array key "name"
in APPPATH\Views\auth\dashboard.php on line 25.
 1 APPPATH\Views\auth\dashboard.php(25): CodeIgniter\Debug\Exceptions->errorHandler(2, 'Undefined array key "name"', 'APPPATH\\Views\\auth\\dashboard.php', 25)
 2 SYSTEMPATH\View\View.php(213): include('APPPATH\\Views\\auth\\dashboard.php')
 3 SYSTEMPATH\View\View.php(216): CodeIgniter\View\View->CodeIgniter\View\{closure}()
 4 SYSTEMPATH\Common.php(1134): CodeIgniter\View\View->render('auth/dashboard', [], true)
 5 APPPATH\Controllers\Dashboard.php(21): view('auth/dashboard', [...])
 6 SYSTEMPATH\CodeIgniter.php(927): App\Controllers\Dashboard->dashboard()
 7 SYSTEMPATH\CodeIgniter.php(482): CodeIgniter\CodeIgniter->runController(Object(App\Controllers\Dashboard))
 8 SYSTEMPATH\CodeIgniter.php(351): CodeIgniter\CodeIgniter->handleRequest(null, Object(Config\Cache), false)
 9 FCPATH\index.php(67): CodeIgniter\CodeIgniter->run()
10 SYSTEMPATH\Commands\Server\rewrite.php(46): require_once('FCPATH\\index.php')
CRITICAL - 2022-12-06 11:50:50 --> Undefined array key "name"
in APPPATH\Views\auth\dashboard.php on line 25.
 1 APPPATH\Views\auth\dashboard.php(25): CodeIgniter\Debug\Exceptions->errorHandler(2, 'Undefined array key "name"', 'APPPATH\\Views\\auth\\dashboard.php', 25)
 2 SYSTEMPATH\View\View.php(213): include('APPPATH\\Views\\auth\\dashboard.php')
 3 SYSTEMPATH\View\View.php(216): CodeIgniter\View\View->CodeIgniter\View\{closure}()
 4 SYSTEMPATH\Common.php(1134): CodeIgniter\View\View->render('auth/dashboard', [], true)
 5 APPPATH\Controllers\Dashboard.php(21): view('auth/dashboard', [...])
 6 SYSTEMPATH\CodeIgniter.php(927): App\Controllers\Dashboard->dashboard()
 7 SYSTEMPATH\CodeIgniter.php(482): CodeIgniter\CodeIgniter->runController(Object(App\Controllers\Dashboard))
 8 SYSTEMPATH\CodeIgniter.php(351): CodeIgniter\CodeIgniter->handleRequest(null, Object(Config\Cache), false)
 9 FCPATH\index.php(67): CodeIgniter\CodeIgniter->run()
10 SYSTEMPATH\Commands\Server\rewrite.php(46): require_once('FCPATH\\index.php')
CRITICAL - 2022-12-06 11:51:14 --> Undefined array key "name"
in APPPATH\Views\auth\dashboard.php on line 25.
 1 APPPATH\Views\auth\dashboard.php(25): CodeIgniter\Debug\Exceptions->errorHandler(2, 'Undefined array key "name"', 'APPPATH\\Views\\auth\\dashboard.php', 25)
 2 SYSTEMPATH\View\View.php(213): include('APPPATH\\Views\\auth\\dashboard.php')
 3 SYSTEMPATH\View\View.php(216): CodeIgniter\View\View->CodeIgniter\View\{closure}()
 4 SYSTEMPATH\Common.php(1134): CodeIgniter\View\View->render('auth/dashboard', [], true)
 5 APPPATH\Controllers\Dashboard.php(21): view('auth/dashboard', [...])
 6 SYSTEMPATH\CodeIgniter.php(927): App\Controllers\Dashboard->dashboard()
 7 SYSTEMPATH\CodeIgniter.php(482): CodeIgniter\CodeIgniter->runController(Object(App\Controllers\Dashboard))
 8 SYSTEMPATH\CodeIgniter.php(351): CodeIgniter\CodeIgniter->handleRequest(null, Object(Config\Cache), false)
 9 FCPATH\index.php(67): CodeIgniter\CodeIgniter->run()
10 SYSTEMPATH\Commands\Server\rewrite.php(46): require_once('FCPATH\\index.php')
CRITICAL - 2022-12-06 12:21:12 --> Undefined array key "name"
in APPPATH\Views\auth\dashboard.php on line 25.
 1 APPPATH\Views\auth\dashboard.php(25): CodeIgniter\Debug\Exceptions->errorHandler(2, 'Undefined array key "name"', 'APPPATH\\Views\\auth\\dashboard.php', 25)
 2 SYSTEMPATH\View\View.php(213): include('APPPATH\\Views\\auth\\dashboard.php')
 3 SYSTEMPATH\View\View.php(216): CodeIgniter\View\View->CodeIgniter\View\{closure}()
 4 SYSTEMPATH\Common.php(1134): CodeIgniter\View\View->render('auth/dashboard', [], true)
 5 APPPATH\Controllers\Dashboard.php(21): view('auth/dashboard', [...])
 6 SYSTEMPATH\CodeIgniter.php(927): App\Controllers\Dashboard->dashboard()
 7 SYSTEMPATH\CodeIgniter.php(482): CodeIgniter\CodeIgniter->runController(Object(App\Controllers\Dashboard))
 8 SYSTEMPATH\CodeIgniter.php(351): CodeIgniter\CodeIgniter->handleRequest(null, Object(Config\Cache), false)
 9 FCPATH\index.php(67): CodeIgniter\CodeIgniter->run()
10 SYSTEMPATH\Commands\Server\rewrite.php(46): require_once('FCPATH\\index.php')
CRITICAL - 2022-12-06 12:22:11 --> Undefined array key "name"
in APPPATH\Views\auth\dashboard.php on line 25.
 1 APPPATH\Views\auth\dashboard.php(25): CodeIgniter\Debug\Exceptions->errorHandler(2, 'Undefined array key "name"', 'APPPATH\\Views\\auth\\dashboard.php', 25)
 2 SYSTEMPATH\View\View.php(213): include('APPPATH\\Views\\auth\\dashboard.php')
 3 SYSTEMPATH\View\View.php(216): CodeIgniter\View\View->CodeIgniter\View\{closure}()
 4 SYSTEMPATH\Common.php(1134): CodeIgniter\View\View->render('auth/dashboard', [], true)
 5 APPPATH\Controllers\Dashboard.php(21): view('auth/dashboard', [...])
 6 SYSTEMPATH\CodeIgniter.php(927): App\Controllers\Dashboard->dashboard()
 7 SYSTEMPATH\CodeIgniter.php(482): CodeIgniter\CodeIgniter->runController(Object(App\Controllers\Dashboard))
 8 SYSTEMPATH\CodeIgniter.php(351): CodeIgniter\CodeIgniter->handleRequest(null, Object(Config\Cache), false)
 9 FCPATH\index.php(67): CodeIgniter\CodeIgniter->run()
10 SYSTEMPATH\Commands\Server\rewrite.php(46): require_once('FCPATH\\index.php')
CRITICAL - 2022-12-06 12:32:27 --> Class "Config\App\Filters\AuthCheckFilter" not found
in SYSTEMPATH\Filters\Filters.php on line 166.
 1 SYSTEMPATH\CodeIgniter.php(455): CodeIgniter\Filters\Filters->run('dashboard/profile', 'before')
 2 SYSTEMPATH\CodeIgniter.php(351): CodeIgniter\CodeIgniter->handleRequest(null, Object(Config\Cache), false)
 3 FCPATH\index.php(67): CodeIgniter\CodeIgniter->run()
 4 SYSTEMPATH\Commands\Server\rewrite.php(46): require_once('FCPATH\\index.php')
CRITICAL - 2022-12-06 12:32:34 --> Undefined array key "name"
in APPPATH\Views\auth\dashboard.php on line 25.
 1 APPPATH\Views\auth\dashboard.php(25): CodeIgniter\Debug\Exceptions->errorHandler(2, 'Undefined array key "name"', 'APPPATH\\Views\\auth\\dashboard.php', 25)
 2 SYSTEMPATH\View\View.php(213): include('APPPATH\\Views\\auth\\dashboard.php')
 3 SYSTEMPATH\View\View.php(216): CodeIgniter\View\View->CodeIgniter\View\{closure}()
 4 SYSTEMPATH\Common.php(1134): CodeIgniter\View\View->render('auth/dashboard', [], true)
 5 APPPATH\Controllers\Dashboard.php(21): view('auth/dashboard', [...])
 6 SYSTEMPATH\CodeIgniter.php(927): App\Controllers\Dashboard->dashboard()
 7 SYSTEMPATH\CodeIgniter.php(482): CodeIgniter\CodeIgniter->runController(Object(App\Controllers\Dashboard))
 8 SYSTEMPATH\CodeIgniter.php(351): CodeIgniter\CodeIgniter->handleRequest(null, Object(Config\Cache), false)
 9 FCPATH\index.php(67): CodeIgniter\CodeIgniter->run()
10 SYSTEMPATH\Commands\Server\rewrite.php(46): require_once('FCPATH\\index.php')
CRITICAL - 2022-12-06 12:33:13 --> Undefined array key "name"
in APPPATH\Views\auth\dashboard.php on line 25.
 1 APPPATH\Views\auth\dashboard.php(25): CodeIgniter\Debug\Exceptions->errorHandler(2, 'Undefined array key "name"', 'APPPATH\\Views\\auth\\dashboard.php', 25)
 2 SYSTEMPATH\View\View.php(213): include('APPPATH\\Views\\auth\\dashboard.php')
 3 SYSTEMPATH\View\View.php(216): CodeIgniter\View\View->CodeIgniter\View\{closure}()
 4 SYSTEMPATH\Common.php(1134): CodeIgniter\View\View->render('auth/dashboard', [], true)
 5 APPPATH\Controllers\Dashboard.php(21): view('auth/dashboard', [...])
 6 SYSTEMPATH\CodeIgniter.php(927): App\Controllers\Dashboard->dashboard()
 7 SYSTEMPATH\CodeIgniter.php(482): CodeIgniter\CodeIgniter->runController(Object(App\Controllers\Dashboard))
 8 SYSTEMPATH\CodeIgniter.php(351): CodeIgniter\CodeIgniter->handleRequest(null, Object(Config\Cache), false)
 9 FCPATH\index.php(67): CodeIgniter\CodeIgniter->run()
10 SYSTEMPATH\Commands\Server\rewrite.php(46): require_once('FCPATH\\index.php')
CRITICAL - 2022-12-06 12:33:15 --> Undefined array key "name"
in APPPATH\Views\auth\dashboard.php on line 25.
 1 APPPATH\Views\auth\dashboard.php(25): CodeIgniter\Debug\Exceptions->errorHandler(2, 'Undefined array key "name"', 'APPPATH\\Views\\auth\\dashboard.php', 25)
 2 SYSTEMPATH\View\View.php(213): include('APPPATH\\Views\\auth\\dashboard.php')
 3 SYSTEMPATH\View\View.php(216): CodeIgniter\View\View->CodeIgniter\View\{closure}()
 4 SYSTEMPATH\Common.php(1134): CodeIgniter\View\View->render('auth/dashboard', [], true)
 5 APPPATH\Controllers\Dashboard.php(21): view('auth/dashboard', [...])
 6 SYSTEMPATH\CodeIgniter.php(927): App\Controllers\Dashboard->dashboard()
 7 SYSTEMPATH\CodeIgniter.php(482): CodeIgniter\CodeIgniter->runController(Object(App\Controllers\Dashboard))
 8 SYSTEMPATH\CodeIgniter.php(351): CodeIgniter\CodeIgniter->handleRequest(null, Object(Config\Cache), false)
 9 FCPATH\index.php(67): CodeIgniter\CodeIgniter->run()
10 SYSTEMPATH\Commands\Server\rewrite.php(46): require_once('FCPATH\\index.php')
CRITICAL - 2022-12-06 12:33:29 --> Undefined array key "name"
in APPPATH\Views\auth\dashboard.php on line 25.
 1 APPPATH\Views\auth\dashboard.php(25): CodeIgniter\Debug\Exceptions->errorHandler(2, 'Undefined array key "name"', 'APPPATH\\Views\\auth\\dashboard.php', 25)
 2 SYSTEMPATH\View\View.php(213): include('APPPATH\\Views\\auth\\dashboard.php')
 3 SYSTEMPATH\View\View.php(216): CodeIgniter\View\View->CodeIgniter\View\{closure}()
 4 SYSTEMPATH\Common.php(1134): CodeIgniter\View\View->render('auth/dashboard', [], true)
 5 APPPATH\Controllers\Dashboard.php(21): view('auth/dashboard', [...])
 6 SYSTEMPATH\CodeIgniter.php(927): App\Controllers\Dashboard->dashboard()
 7 SYSTEMPATH\CodeIgniter.php(482): CodeIgniter\CodeIgniter->runController(Object(App\Controllers\Dashboard))
 8 SYSTEMPATH\CodeIgniter.php(351): CodeIgniter\CodeIgniter->handleRequest(null, Object(Config\Cache), false)
 9 FCPATH\index.php(67): CodeIgniter\CodeIgniter->run()
10 SYSTEMPATH\Commands\Server\rewrite.php(46): require_once('FCPATH\\index.php')
CRITICAL - 2022-12-06 12:47:55 --> Undefined array key "name"
in APPPATH\Views\auth\dashboard.php on line 25.
 1 APPPATH\Views\auth\dashboard.php(25): CodeIgniter\Debug\Exceptions->errorHandler(2, 'Undefined array key "name"', 'APPPATH\\Views\\auth\\dashboard.php', 25)
 2 SYSTEMPATH\View\View.php(213): include('APPPATH\\Views\\auth\\dashboard.php')
 3 SYSTEMPATH\View\View.php(216): CodeIgniter\View\View->CodeIgniter\View\{closure}()
 4 SYSTEMPATH\Common.php(1134): CodeIgniter\View\View->render('auth/dashboard', [], true)
 5 APPPATH\Controllers\Dashboard.php(21): view('auth/dashboard', [...])
 6 SYSTEMPATH\CodeIgniter.php(927): App\Controllers\Dashboard->dashboard()
 7 SYSTEMPATH\CodeIgniter.php(482): CodeIgniter\CodeIgniter->runController(Object(App\Controllers\Dashboard))
 8 SYSTEMPATH\CodeIgniter.php(351): CodeIgniter\CodeIgniter->handleRequest(null, Object(Config\Cache), false)
 9 FCPATH\index.php(67): CodeIgniter\CodeIgniter->run()
10 SYSTEMPATH\Commands\Server\rewrite.php(46): require_once('FCPATH\\index.php')
CRITICAL - 2022-12-06 12:48:35 --> Undefined array key "name"
in APPPATH\Views\auth\dashboard.php on line 25.
 1 APPPATH\Views\auth\dashboard.php(25): CodeIgniter\Debug\Exceptions->errorHandler(2, 'Undefined array key "name"', 'APPPATH\\Views\\auth\\dashboard.php', 25)
 2 SYSTEMPATH\View\View.php(213): include('APPPATH\\Views\\auth\\dashboard.php')
 3 SYSTEMPATH\View\View.php(216): CodeIgniter\View\View->CodeIgniter\View\{closure}()
 4 SYSTEMPATH\Common.php(1134): CodeIgniter\View\View->render('auth/dashboard', [], true)
 5 APPPATH\Controllers\Dashboard.php(21): view('auth/dashboard', [...])
 6 SYSTEMPATH\CodeIgniter.php(927): App\Controllers\Dashboard->dashboard()
 7 SYSTEMPATH\CodeIgniter.php(482): CodeIgniter\CodeIgniter->runController(Object(App\Controllers\Dashboard))
 8 SYSTEMPATH\CodeIgniter.php(351): CodeIgniter\CodeIgniter->handleRequest(null, Object(Config\Cache), false)
 9 FCPATH\index.php(67): CodeIgniter\CodeIgniter->run()
10 SYSTEMPATH\Commands\Server\rewrite.php(46): require_once('FCPATH\\index.php')
CRITICAL - 2022-12-06 12:48:38 --> Undefined array key "name"
in APPPATH\Views\auth\dashboard.php on line 25.
 1 APPPATH\Views\auth\dashboard.php(25): CodeIgniter\Debug\Exceptions->errorHandler(2, 'Undefined array key "name"', 'APPPATH\\Views\\auth\\dashboard.php', 25)
 2 SYSTEMPATH\View\View.php(213): include('APPPATH\\Views\\auth\\dashboard.php')
 3 SYSTEMPATH\View\View.php(216): CodeIgniter\View\View->CodeIgniter\View\{closure}()
 4 SYSTEMPATH\Common.php(1134): CodeIgniter\View\View->render('auth/dashboard', [], true)
 5 APPPATH\Controllers\Dashboard.php(21): view('auth/dashboard', [...])
 6 SYSTEMPATH\CodeIgniter.php(927): App\Controllers\Dashboard->dashboard()
 7 SYSTEMPATH\CodeIgniter.php(482): CodeIgniter\CodeIgniter->runController(Object(App\Controllers\Dashboard))
 8 SYSTEMPATH\CodeIgniter.php(351): CodeIgniter\CodeIgniter->handleRequest(null, Object(Config\Cache), false)
 9 FCPATH\index.php(67): CodeIgniter\CodeIgniter->run()
10 SYSTEMPATH\Commands\Server\rewrite.php(46): require_once('FCPATH\\index.php')
CRITICAL - 2022-12-06 12:48:45 --> Undefined array key "name"
in APPPATH\Views\auth\dashboard.php on line 25.
 1 APPPATH\Views\auth\dashboard.php(25): CodeIgniter\Debug\Exceptions->errorHandler(2, 'Undefined array key "name"', 'APPPATH\\Views\\auth\\dashboard.php', 25)
 2 SYSTEMPATH\View\View.php(213): include('APPPATH\\Views\\auth\\dashboard.php')
 3 SYSTEMPATH\View\View.php(216): CodeIgniter\View\View->CodeIgniter\View\{closure}()
 4 SYSTEMPATH\Common.php(1134): CodeIgniter\View\View->render('auth/dashboard', [], true)
 5 APPPATH\Controllers\Dashboard.php(21): view('auth/dashboard', [...])
 6 SYSTEMPATH\CodeIgniter.php(927): App\Controllers\Dashboard->dashboard()
 7 SYSTEMPATH\CodeIgniter.php(482): CodeIgniter\CodeIgniter->runController(Object(App\Controllers\Dashboard))
 8 SYSTEMPATH\CodeIgniter.php(351): CodeIgniter\CodeIgniter->handleRequest(null, Object(Config\Cache), false)
 9 FCPATH\index.php(67): CodeIgniter\CodeIgniter->run()
10 SYSTEMPATH\Commands\Server\rewrite.php(46): require_once('FCPATH\\index.php')
CRITICAL - 2022-12-06 12:49:15 --> Undefined array key "name"
in APPPATH\Views\auth\dashboard.php on line 25.
 1 APPPATH\Views\auth\dashboard.php(25): CodeIgniter\Debug\Exceptions->errorHandler(2, 'Undefined array key "name"', 'APPPATH\\Views\\auth\\dashboard.php', 25)
 2 SYSTEMPATH\View\View.php(213): include('APPPATH\\Views\\auth\\dashboard.php')
 3 SYSTEMPATH\View\View.php(216): CodeIgniter\View\View->CodeIgniter\View\{closure}()
 4 SYSTEMPATH\Common.php(1134): CodeIgniter\View\View->render('auth/dashboard', [], true)
 5 APPPATH\Controllers\Dashboard.php(21): view('auth/dashboard', [...])
 6 SYSTEMPATH\CodeIgniter.php(927): App\Controllers\Dashboard->dashboard()
 7 SYSTEMPATH\CodeIgniter.php(482): CodeIgniter\CodeIgniter->runController(Object(App\Controllers\Dashboard))
 8 SYSTEMPATH\CodeIgniter.php(351): CodeIgniter\CodeIgniter->handleRequest(null, Object(Config\Cache), false)
 9 FCPATH\index.php(67): CodeIgniter\CodeIgniter->run()
10 SYSTEMPATH\Commands\Server\rewrite.php(46): require_once('FCPATH\\index.php')
