ERROR - 2023-01-25 11:43:30 --> Error connecting to the database: mysqli_sql_exception: No connection could be made because the target machine actively refused it in C:\laragon\www\Sha-Pick-Collection\system\Database\MySQLi\Connection.php:171
Stack trace:
#0 C:\laragon\www\Sha-Pick-Collection\system\Database\MySQLi\Connection.php(171): mysqli->real_connect('localhost', 'root', '', 'codeigniter_aut...', 3306, '', 0)
#1 C:\laragon\www\Sha-Pick-Collection\system\Database\BaseConnection.php(382): CodeIgniter\Database\MySQLi\Connection->connect(false)
#2 C:\laragon\www\Sha-Pick-Collection\system\Database\BaseConnection.php(561): CodeIgniter\Database\BaseConnection->initialize()
#3 C:\laragon\www\Sha-Pick-Collection\system\Database\BaseBuilder.php(1585): CodeIgniter\Database\BaseConnection->query('SELECT *\nFROM `...', Array, false)
#4 C:\laragon\www\Sha-Pick-Collection\system\Model.php(223): CodeIgniter\Database\BaseBuilder->get()
#5 C:\laragon\www\Sha-Pick-Collection\system\BaseModel.php(585): CodeIgniter\Model->doFindAll(0, 0)
#6 C:\laragon\www\Sha-Pick-Collection\app\Controllers\Home.php(48): CodeIgniter\BaseModel->findAll()
#7 C:\laragon\www\Sha-Pick-Collection\system\CodeIgniter.php(927): App\Controllers\Home->productlist()
#8 C:\laragon\www\Sha-Pick-Collection\system\CodeIgniter.php(482): CodeIgniter\CodeIgniter->runController(Object(App\Controllers\Home))
#9 C:\laragon\www\Sha-Pick-Collection\system\CodeIgniter.php(351): CodeIgniter\CodeIgniter->handleRequest(NULL, Object(Config\Cache), false)
#10 C:\laragon\www\Sha-Pick-Collection\public\index.php(67): CodeIgniter\CodeIgniter->run()
#11 C:\laragon\www\Sha-Pick-Collection\system\Commands\Server\rewrite.php(46): require_once('C:\\laragon\\www\\...')
#12 {main}

Next CodeIgniter\Database\Exceptions\DatabaseException: No connection could be made because the target machine actively refused it in C:\laragon\www\Sha-Pick-Collection\system\Database\MySQLi\Connection.php:215
Stack trace:
#0 C:\laragon\www\Sha-Pick-Collection\system\Database\BaseConnection.php(382): CodeIgniter\Database\MySQLi\Connection->connect(false)
#1 C:\laragon\www\Sha-Pick-Collection\system\Database\BaseConnection.php(561): CodeIgniter\Database\BaseConnection->initialize()
#2 C:\laragon\www\Sha-Pick-Collection\system\Database\BaseBuilder.php(1585): CodeIgniter\Database\BaseConnection->query('SELECT *\nFROM `...', Array, false)
#3 C:\laragon\www\Sha-Pick-Collection\system\Model.php(223): CodeIgniter\Database\BaseBuilder->get()
#4 C:\laragon\www\Sha-Pick-Collection\system\BaseModel.php(585): CodeIgniter\Model->doFindAll(0, 0)
#5 C:\laragon\www\Sha-Pick-Collection\app\Controllers\Home.php(48): CodeIgniter\BaseModel->findAll()
#6 C:\laragon\www\Sha-Pick-Collection\system\CodeIgniter.php(927): App\Controllers\Home->productlist()
#7 C:\laragon\www\Sha-Pick-Collection\system\CodeIgniter.php(482): CodeIgniter\CodeIgniter->runController(Object(App\Controllers\Home))
#8 C:\laragon\www\Sha-Pick-Collection\system\CodeIgniter.php(351): CodeIgniter\CodeIgniter->handleRequest(NULL, Object(Config\Cache), false)
#9 C:\laragon\www\Sha-Pick-Collection\public\index.php(67): CodeIgniter\CodeIgniter->run()
#10 C:\laragon\www\Sha-Pick-Collection\system\Commands\Server\rewrite.php(46): require_once('C:\\laragon\\www\\...')
#11 {main}
CRITICAL - 2023-01-25 11:43:30 --> Unable to connect to the database.
Main connection [MySQLi]: No connection could be made because the target machine actively refused it
in SYSTEMPATH\Database\BaseConnection.php on line 418.
 1 SYSTEMPATH\Database\BaseConnection.php(561): CodeIgniter\Database\BaseConnection->initialize()
 2 SYSTEMPATH\Database\BaseBuilder.php(1585): CodeIgniter\Database\BaseConnection->query('SELECT *
FROM `products`
WHERE `quantity` > :quantity:', [...], false)
 3 SYSTEMPATH\Model.php(223): CodeIgniter\Database\BaseBuilder->get()
 4 SYSTEMPATH\BaseModel.php(585): CodeIgniter\Model->doFindAll(0, 0)
 5 APPPATH\Controllers\Home.php(48): CodeIgniter\BaseModel->findAll()
 6 SYSTEMPATH\CodeIgniter.php(927): App\Controllers\Home->productlist()
 7 SYSTEMPATH\CodeIgniter.php(482): CodeIgniter\CodeIgniter->runController(Object(App\Controllers\Home))
 8 SYSTEMPATH\CodeIgniter.php(351): CodeIgniter\CodeIgniter->handleRequest(null, Object(Config\Cache), false)
 9 FCPATH\index.php(67): CodeIgniter\CodeIgniter->run()
10 SYSTEMPATH\Commands\Server\rewrite.php(46): require_once('FCPATH\\index.php')
CRITICAL - 2023-01-25 21:47:04 --> Undefined variable $products
in APPPATH\Views\include\body.php on line 183.
 1 APPPATH\Views\include\body.php(183): CodeIgniter\Debug\Exceptions->errorHandler(2, 'Undefined variable $products', 'APPPATH\\Views\\include\\body.php', 183)
 2 SYSTEMPATH\View\View.php(213): include('APPPATH\\Views\\include\\body.php')
 3 SYSTEMPATH\View\View.php(216): CodeIgniter\View\View->CodeIgniter\View\{closure}()
 4 SYSTEMPATH\View\View.php(431): CodeIgniter\View\View->render('include/body', null, true)
 5 APPPATH\Views\mainpage.php(5): CodeIgniter\View\View->include('include/body')
 6 SYSTEMPATH\View\View.php(213): include('APPPATH\\Views\\mainpage.php')
 7 SYSTEMPATH\View\View.php(216): CodeIgniter\View\View->CodeIgniter\View\{closure}()
 8 SYSTEMPATH\Common.php(1134): CodeIgniter\View\View->render('mainpage', [], true)
 9 APPPATH\Controllers\Home.php(14): view('mainpage')
10 SYSTEMPATH\CodeIgniter.php(927): App\Controllers\Home->mainpage()
11 SYSTEMPATH\CodeIgniter.php(482): CodeIgniter\CodeIgniter->runController(Object(App\Controllers\Home))
12 SYSTEMPATH\CodeIgniter.php(351): CodeIgniter\CodeIgniter->handleRequest(null, Object(Config\Cache), false)
13 FCPATH\index.php(67): CodeIgniter\CodeIgniter->run()
14 SYSTEMPATH\Commands\Server\rewrite.php(46): require_once('FCPATH\\index.php')
CRITICAL - 2023-01-25 21:48:16 --> Undefined variable $products
in APPPATH\Views\include\body.php on line 184.
 1 APPPATH\Views\include\body.php(184): CodeIgniter\Debug\Exceptions->errorHandler(2, 'Undefined variable $products', 'APPPATH\\Views\\include\\body.php', 184)
 2 SYSTEMPATH\View\View.php(213): include('APPPATH\\Views\\include\\body.php')
 3 SYSTEMPATH\View\View.php(216): CodeIgniter\View\View->CodeIgniter\View\{closure}()
 4 SYSTEMPATH\View\View.php(431): CodeIgniter\View\View->render('include/body', null, true)
 5 APPPATH\Views\mainpage.php(5): CodeIgniter\View\View->include('include/body')
 6 SYSTEMPATH\View\View.php(213): include('APPPATH\\Views\\mainpage.php')
 7 SYSTEMPATH\View\View.php(216): CodeIgniter\View\View->CodeIgniter\View\{closure}()
 8 SYSTEMPATH\Common.php(1134): CodeIgniter\View\View->render('mainpage', [], true)
 9 APPPATH\Controllers\Home.php(14): view('mainpage')
10 SYSTEMPATH\CodeIgniter.php(927): App\Controllers\Home->mainpage()
11 SYSTEMPATH\CodeIgniter.php(482): CodeIgniter\CodeIgniter->runController(Object(App\Controllers\Home))
12 SYSTEMPATH\CodeIgniter.php(351): CodeIgniter\CodeIgniter->handleRequest(null, Object(Config\Cache), false)
13 FCPATH\index.php(67): CodeIgniter\CodeIgniter->run()
14 SYSTEMPATH\Commands\Server\rewrite.php(46): require_once('FCPATH\\index.php')
CRITICAL - 2023-01-25 21:50:16 --> Undefined variable $products
in APPPATH\Views\include\body.php on line 184.
 1 APPPATH\Views\include\body.php(184): CodeIgniter\Debug\Exceptions->errorHandler(2, 'Undefined variable $products', 'APPPATH\\Views\\include\\body.php', 184)
 2 SYSTEMPATH\View\View.php(213): include('APPPATH\\Views\\include\\body.php')
 3 SYSTEMPATH\View\View.php(216): CodeIgniter\View\View->CodeIgniter\View\{closure}()
 4 SYSTEMPATH\View\View.php(431): CodeIgniter\View\View->render('include/body', null, true)
 5 APPPATH\Views\mainpage.php(5): CodeIgniter\View\View->include('include/body')
 6 SYSTEMPATH\View\View.php(213): include('APPPATH\\Views\\mainpage.php')
 7 SYSTEMPATH\View\View.php(216): CodeIgniter\View\View->CodeIgniter\View\{closure}()
 8 SYSTEMPATH\Common.php(1134): CodeIgniter\View\View->render('mainpage', [], true)
 9 APPPATH\Controllers\Home.php(14): view('mainpage')
10 SYSTEMPATH\CodeIgniter.php(927): App\Controllers\Home->mainpage()
11 SYSTEMPATH\CodeIgniter.php(482): CodeIgniter\CodeIgniter->runController(Object(App\Controllers\Home))
12 SYSTEMPATH\CodeIgniter.php(351): CodeIgniter\CodeIgniter->handleRequest(null, Object(Config\Cache), false)
13 FCPATH\index.php(67): CodeIgniter\CodeIgniter->run()
14 SYSTEMPATH\Commands\Server\rewrite.php(46): require_once('FCPATH\\index.php')
CRITICAL - 2023-01-25 21:52:12 --> Undefined variable $products
in APPPATH\Views\include\body.php on line 184.
 1 APPPATH\Views\include\body.php(184): CodeIgniter\Debug\Exceptions->errorHandler(2, 'Undefined variable $products', 'APPPATH\\Views\\include\\body.php', 184)
 2 SYSTEMPATH\View\View.php(213): include('APPPATH\\Views\\include\\body.php')
 3 SYSTEMPATH\View\View.php(216): CodeIgniter\View\View->CodeIgniter\View\{closure}()
 4 SYSTEMPATH\View\View.php(431): CodeIgniter\View\View->render('include/body', null, true)
 5 APPPATH\Views\mainpage.php(5): CodeIgniter\View\View->include('include/body')
 6 SYSTEMPATH\View\View.php(213): include('APPPATH\\Views\\mainpage.php')
 7 SYSTEMPATH\View\View.php(216): CodeIgniter\View\View->CodeIgniter\View\{closure}()
 8 SYSTEMPATH\Common.php(1134): CodeIgniter\View\View->render('mainpage', [], true)
 9 APPPATH\Controllers\Home.php(14): view('mainpage')
10 SYSTEMPATH\CodeIgniter.php(927): App\Controllers\Home->mainpage()
11 SYSTEMPATH\CodeIgniter.php(482): CodeIgniter\CodeIgniter->runController(Object(App\Controllers\Home))
12 SYSTEMPATH\CodeIgniter.php(351): CodeIgniter\CodeIgniter->handleRequest(null, Object(Config\Cache), false)
13 FCPATH\index.php(67): CodeIgniter\CodeIgniter->run()
14 SYSTEMPATH\Commands\Server\rewrite.php(46): require_once('FCPATH\\index.php')
